<!DOCTYPE html>

<html>
  <head>
  <title>TestNG reports</title>

    <link type="text/css" href="testng-reports.css" rel="stylesheet" />  
    <script type="text/javascript" src="jquery-1.7.1.min.js"></script>
    <script type="text/javascript" src="testng-reports.js"></script>
    <script type="text/javascript" src="https://www.google.com/jsapi"></script>
    <script type='text/javascript'>
      google.load('visualization', '1', {packages:['table']});
      google.setOnLoadCallback(drawTable);
      var suiteTableInitFunctions = new Array();
      var suiteTableData = new Array();
    </script>
    <!--
      <script type="text/javascript" src="jquery-ui/js/jquery-ui-1.8.16.custom.min.js"></script>
     -->
  </head>

  <body>
    <div class="top-banner-root">
      <span class="top-banner-title-font">Test results</span>
      <br/>
      <span class="top-banner-font-1">1 suite, 6 failed tests</span>
    </div> <!-- top-banner-root -->
    <div class="navigator-root">
      <div class="navigator-suite-header">
        <span>All suites</span>
        <a href="#" class="collapse-all-link" title="Collapse/expand all the suites">
          <img class="collapse-all-icon" src="collapseall.gif">
          </img> <!-- collapse-all-icon -->
        </a> <!-- collapse-all-link -->
      </div> <!-- navigator-suite-header -->
      <div class="suite">
        <div class="rounded-window">
          <div class="suite-header light-rounded-window-top">
            <a href="#" class="navigator-link" panel-name="suite-com.YouMagicPro.LKA_tests">
              <span class="suite-name border-failed">com.YouMagicPro.LKA_tests</span>
            </a> <!-- navigator-link -->
          </div> <!-- suite-header light-rounded-window-top -->
          <div class="navigator-suite-content">
            <div class="suite-section-title">
              <span>Info</span>
            </div> <!-- suite-section-title -->
            <div class="suite-section-content">
              <ul>
                <li>
                  <a href="#" class="navigator-link " panel-name="test-xml-com.YouMagicPro.LKA_tests">
                    <span>C:\_Work\YMPWebdriver\testng.xml</span>
                  </a> <!-- navigator-link  -->
                </li>
                <li>
                  <a href="#" class="navigator-link " panel-name="testlist-com.YouMagicPro.LKA_tests">
                    <span class="test-stats">1 test</span>
                  </a> <!-- navigator-link  -->
                </li>
                <li>
                  <a href="#" class="navigator-link " panel-name="group-com.YouMagicPro.LKA_tests">
                    <span>0 groups</span>
                  </a> <!-- navigator-link  -->
                </li>
                <li>
                  <a href="#" class="navigator-link " panel-name="times-com.YouMagicPro.LKA_tests">
                    <span>Times</span>
                  </a> <!-- navigator-link  -->
                </li>
                <li>
                  <a href="#" class="navigator-link " panel-name="reporter-com.YouMagicPro.LKA_tests">
                    <span>Reporter output</span>
                  </a> <!-- navigator-link  -->
                </li>
                <li>
                  <a href="#" class="navigator-link " panel-name="ignored-methods-com.YouMagicPro.LKA_tests">
                    <span>Ignored methods</span>
                  </a> <!-- navigator-link  -->
                </li>
                <li>
                  <a href="#" class="navigator-link " panel-name="chronological-com.YouMagicPro.LKA_tests">
                    <span>Chronological view</span>
                  </a> <!-- navigator-link  -->
                </li>
              </ul>
            </div> <!-- suite-section-content -->
            <div class="result-section">
              <div class="suite-section-title">
                <span>Results</span>
              </div> <!-- suite-section-title -->
              <div class="suite-section-content">
                <ul>
                  <li>
                    <span class="method-stats">62 methods, 6 failed,   56 passed</span>
                  </li>
                  <li>
                    <span class="method-list-title failed">Failed methods</span>
                    <span class="show-or-hide-methods failed">
                      <a href="#" panel-name="suite-com.YouMagicPro.LKA_tests" class="hide-methods failed suite-com.YouMagicPro.LKA_tests"> (hide)</a> <!-- hide-methods failed suite-com.YouMagicPro.LKA_tests -->
                      <a href="#" panel-name="suite-com.YouMagicPro.LKA_tests" class="show-methods failed suite-com.YouMagicPro.LKA_tests"> (show)</a> <!-- show-methods failed suite-com.YouMagicPro.LKA_tests -->
                    </span>
                    <div class="method-list-content failed suite-com.YouMagicPro.LKA_tests">
                      <span>
                        <img width="3%" src="failed.png"/>
                        <a href="#" class="method navigator-link" panel-name="suite-com.YouMagicPro.LKA_tests" title="com.YouMagicPro.LKA_tests.Buying804NumberCategoriesOfNumbers" hash-for-method="buying804NumberCategoriesOfNumbers_C25622">buying804NumberCategoriesOfNumbers_C25622</a> <!-- method navigator-link -->
                      </span>
                      <br/>
                      <span>
                        <img width="3%" src="failed.png"/>
                        <a href="#" class="method navigator-link" panel-name="suite-com.YouMagicPro.LKA_tests" title="com.YouMagicPro.LKA_tests.ContractCorAccountLettersInTextFieldTest" hash-for-method="contractCorAccountLettersInTextFieldTest_C15001">contractCorAccountLettersInTextFieldTest_C15001</a> <!-- method navigator-link -->
                      </span>
                      <br/>
                      <span>
                        <img width="3%" src="failed.png"/>
                        <a href="#" class="method navigator-link" panel-name="suite-com.YouMagicPro.LKA_tests" title="com.YouMagicPro.LKA_tests.ContractCorAccountSymbolsInTextFieldTest" hash-for-method="contractCorAccountSymbolsInTextFieldTest_C15003">contractCorAccountSymbolsInTextFieldTest_C15003</a> <!-- method navigator-link -->
                      </span>
                      <br/>
                      <span>
                        <img width="3%" src="failed.png"/>
                        <a href="#" class="method navigator-link" panel-name="suite-com.YouMagicPro.LKA_tests" title="com.YouMagicPro.LKA_tests.ContractInnOneInTextFieldTest" hash-for-method="contractInnOneInTextFieldTest_C15028">contractInnOneInTextFieldTest_C15028</a> <!-- method navigator-link -->
                      </span>
                      <br/>
                      <span>
                        <img width="3%" src="failed.png"/>
                        <a href="#" class="method navigator-link" panel-name="suite-com.YouMagicPro.LKA_tests" title="com.YouMagicPro.LKA_tests.GroupsOneInNumberTest" hash-for-method="groupsTest">groupsTest</a> <!-- method navigator-link -->
                      </span>
                      <br/>
                      <span>
                        <img width="3%" src="failed.png"/>
                        <a href="#" class="method navigator-link" panel-name="suite-com.YouMagicPro.LKA_tests" title="com.YouMagicPro.LKA_tests.GroupsThreeInNumberTest" hash-for-method="groupsThreeInNumberTest_C15189">groupsThreeInNumberTest_C15189</a> <!-- method navigator-link -->
                      </span>
                      <br/>
                    </div> <!-- method-list-content failed suite-com.YouMagicPro.LKA_tests -->
                  </li>
                  <li>
                    <span class="method-list-title passed">Passed methods</span>
                    <span class="show-or-hide-methods passed">
                      <a href="#" panel-name="suite-com.YouMagicPro.LKA_tests" class="hide-methods passed suite-com.YouMagicPro.LKA_tests"> (hide)</a> <!-- hide-methods passed suite-com.YouMagicPro.LKA_tests -->
                      <a href="#" panel-name="suite-com.YouMagicPro.LKA_tests" class="show-methods passed suite-com.YouMagicPro.LKA_tests"> (show)</a> <!-- show-methods passed suite-com.YouMagicPro.LKA_tests -->
                    </span>
                    <div class="method-list-content passed suite-com.YouMagicPro.LKA_tests">
                      <span>
                        <img width="3%" src="passed.png"/>
                        <a href="#" class="method navigator-link" panel-name="suite-com.YouMagicPro.LKA_tests" title="com.YouMagicPro.LKA_tests.BuyingAdditionalNumberChooseNumberCategories" hash-for-method="BuyingAdditionalNumberChooseNumberCategories_C15105">BuyingAdditionalNumberChooseNumberCategories_C15105</a> <!-- method navigator-link -->
                      </span>
                      <br/>
                      <span>
                        <img width="3%" src="passed.png"/>
                        <a href="#" class="method navigator-link" panel-name="suite-com.YouMagicPro.LKA_tests" title="com.YouMagicPro.LKA_tests.BuyingAdditionalNumberChooseNumbersFromList" hash-for-method="BuyingAdditionalNumberChooseNumbersFromList_C15106">BuyingAdditionalNumberChooseNumbersFromList_C15106</a> <!-- method navigator-link -->
                      </span>
                      <br/>
                      <span>
                        <img width="3%" src="passed.png"/>
                        <a href="#" class="method navigator-link" panel-name="suite-com.YouMagicPro.LKA_tests" title="com.YouMagicPro.LKA_tests.OrderByPickUpChangePhoneTest" hash-for-method="OrderByPickUpChangePhoneTest_C25666">OrderByPickUpChangePhoneTest_C25666</a> <!-- method navigator-link -->
                      </span>
                      <br/>
                      <span>
                        <img width="3%" src="passed.png"/>
                        <a href="#" class="method navigator-link" panel-name="suite-com.YouMagicPro.LKA_tests" title="com.YouMagicPro.LKA_tests.OrderToAdressNoTextFieldFilledTest" hash-for-method="OrderToAdressNoTextFieldFilledTest_C25679">OrderToAdressNoTextFieldFilledTest_C25679</a> <!-- method navigator-link -->
                      </span>
                      <br/>
                      <span>
                        <img width="3%" src="passed.png"/>
                        <a href="#" class="method navigator-link" panel-name="suite-com.YouMagicPro.LKA_tests" title="com.YouMagicPro.LKA_tests.Buying804NumberCostOfNumberTest" hash-for-method="buying804NumberCostOfNumberTest_C25623">buying804NumberCostOfNumberTest_C25623</a> <!-- method navigator-link -->
                      </span>
                      <br/>
                      <span>
                        <img width="3%" src="passed.png"/>
                        <a href="#" class="method navigator-link" panel-name="suite-com.YouMagicPro.LKA_tests" title="com.YouMagicPro.LKA_tests.BuyingAdditionalInternalNumberCheckCost" hash-for-method="buyingAdditionalInternalNumberCheckCost_C15113">buyingAdditionalInternalNumberCheckCost_C15113</a> <!-- method navigator-link -->
                      </span>
                      <br/>
                      <span>
                        <img width="3%" src="passed.png"/>
                        <a href="#" class="method navigator-link" panel-name="suite-com.YouMagicPro.LKA_tests" title="com.YouMagicPro.LKA_tests.BuyingAdditionalInternalNumberTextFieldTest" hash-for-method="buyingAdditionalInternalNumberTextFieldTest_C15112">buyingAdditionalInternalNumberTextFieldTest_C15112</a> <!-- method navigator-link -->
                      </span>
                      <br/>
                      <span>
                        <img width="3%" src="passed.png"/>
                        <a href="#" class="method navigator-link" panel-name="suite-com.YouMagicPro.LKA_tests" title="com.YouMagicPro.LKA_tests.BuyingAdditionalNumberChooseCityFromList" hash-for-method="buyingAdditionalNumberChooseCityFromList_C15103">buyingAdditionalNumberChooseCityFromList_C15103</a> <!-- method navigator-link -->
                      </span>
                      <br/>
                      <span>
                        <img width="3%" src="passed.png"/>
                        <a href="#" class="method navigator-link" panel-name="suite-com.YouMagicPro.LKA_tests" title="com.YouMagicPro.LKA_tests.ContractBankAccountLettersAndNumbersTest" hash-for-method="contractBankAccountLettersAndNumbersTest_C14496">contractBankAccountLettersAndNumbersTest_C14496</a> <!-- method navigator-link -->
                      </span>
                      <br/>
                      <span>
                        <img width="3%" src="passed.png"/>
                        <a href="#" class="method navigator-link" panel-name="suite-com.YouMagicPro.LKA_tests" title="com.YouMagicPro.LKA_tests.ContractBankAccountLettersInTextFieldTest" hash-for-method="contractBankAccountLettersInTextFieldTest_C14995">contractBankAccountLettersInTextFieldTest_C14995</a> <!-- method navigator-link -->
                      </span>
                      <br/>
                      <span>
                        <img width="3%" src="passed.png"/>
                        <a href="#" class="method navigator-link" panel-name="suite-com.YouMagicPro.LKA_tests" title="com.YouMagicPro.LKA_tests.ContractBankAccountOneInTextFieldTest" hash-for-method="contractBankAccountOneInTextFieldTest_C14993">contractBankAccountOneInTextFieldTest_C14993</a> <!-- method navigator-link -->
                      </span>
                      <br/>
                      <span>
                        <img width="3%" src="passed.png"/>
                        <a href="#" class="method navigator-link" panel-name="suite-com.YouMagicPro.LKA_tests" title="com.YouMagicPro.LKA_tests.ContractBankAccountSymbolsInTextFieldTest" hash-for-method="contractBankAccountSymbolsInTextFieldTest_C14997">contractBankAccountSymbolsInTextFieldTest_C14997</a> <!-- method navigator-link -->
                      </span>
                      <br/>
                      <span>
                        <img width="3%" src="passed.png"/>
                        <a href="#" class="method navigator-link" panel-name="suite-com.YouMagicPro.LKA_tests" title="com.YouMagicPro.LKA_tests.ContractBankAccountTenInTextFieldTest" hash-for-method="contractBankAccountTenInTextFieldTest_C14994">contractBankAccountTenInTextFieldTest_C14994</a> <!-- method navigator-link -->
                      </span>
                      <br/>
                      <span>
                        <img width="3%" src="passed.png"/>
                        <a href="#" class="method navigator-link" panel-name="suite-com.YouMagicPro.LKA_tests" title="com.YouMagicPro.LKA_tests.ContractBikSymbolsInTextFieldTest" hash-for-method="contractBikSymbolsInTextFieldTest_C15026">contractBikSymbolsInTextFieldTest_C15026</a> <!-- method navigator-link -->
                      </span>
                      <br/>
                      <span>
                        <img width="3%" src="passed.png"/>
                        <a href="#" class="method navigator-link" panel-name="suite-com.YouMagicPro.LKA_tests" title="com.YouMagicPro.LKA_tests.ContractBik1inTextFieldTest" hash-for-method="contractBikTest1inTextField_C15022">contractBikTest1inTextField_C15022</a> <!-- method navigator-link -->
                      </span>
                      <br/>
                      <span>
                        <img width="3%" src="passed.png"/>
                        <a href="#" class="method navigator-link" panel-name="suite-com.YouMagicPro.LKA_tests" title="com.YouMagicPro.LKA_tests.ContractBikLettersInTextFieldTest" hash-for-method="contractBikTestLettersInTextField_C15023">contractBikTestLettersInTextField_C15023</a> <!-- method navigator-link -->
                      </span>
                      <br/>
                      <span>
                        <img width="3%" src="passed.png"/>
                        <a href="#" class="method navigator-link" panel-name="suite-com.YouMagicPro.LKA_tests" title="com.YouMagicPro.LKA_tests.ContractBikLettersAndNumbersInTextFieldTest" hash-for-method="contractBikTest_C15025">contractBikTest_C15025</a> <!-- method navigator-link -->
                      </span>
                      <br/>
                      <span>
                        <img width="3%" src="passed.png"/>
                        <a href="#" class="method navigator-link" panel-name="suite-com.YouMagicPro.LKA_tests" title="com.YouMagicPro.LKA_tests.ContractCheckDocumentTest" hash-for-method="contractCheckDocumentTest_C14986">contractCheckDocumentTest_C14986</a> <!-- method navigator-link -->
                      </span>
                      <br/>
                      <span>
                        <img width="3%" src="passed.png"/>
                        <a href="#" class="method navigator-link" panel-name="suite-com.YouMagicPro.LKA_tests" title="com.YouMagicPro.LKA_tests.ContractCorAccount19NumbersTest" hash-for-method="contractCorAccount19NumbersTest_C15005">contractCorAccount19NumbersTest_C15005</a> <!-- method navigator-link -->
                      </span>
                      <br/>
                      <span>
                        <img width="3%" src="passed.png"/>
                        <a href="#" class="method navigator-link" panel-name="suite-com.YouMagicPro.LKA_tests" title="com.YouMagicPro.LKA_tests.ContractCorAccountOneInTextFieldTest" hash-for-method="contractCorAccountOneInTextFieldTest_C14499">contractCorAccountOneInTextFieldTest_C14499</a> <!-- method navigator-link -->
                      </span>
                      <br/>
                      <span>
                        <img width="3%" src="passed.png"/>
                        <a href="#" class="method navigator-link" panel-name="suite-com.YouMagicPro.LKA_tests" title="com.YouMagicPro.LKA_tests.ContractCorAccountTenInTextFieldTest" hash-for-method="contractCorAccountTenInTextFieldTest_C15000">contractCorAccountTenInTextFieldTest_C15000</a> <!-- method navigator-link -->
                      </span>
                      <br/>
                      <span>
                        <img width="3%" src="passed.png"/>
                        <a href="#" class="method navigator-link" panel-name="suite-com.YouMagicPro.LKA_tests" title="com.YouMagicPro.LKA_tests.ContractCorAccountLettersAndNumbersTextFieldTest" hash-for-method="contractCorAccountTenInTextFieldTest_C15000">contractCorAccountTenInTextFieldTest_C15000</a> <!-- method navigator-link -->
                      </span>
                      <br/>
                      <span>
                        <img width="3%" src="passed.png"/>
                        <a href="#" class="method navigator-link" panel-name="suite-com.YouMagicPro.LKA_tests" title="com.YouMagicPro.LKA_tests.ContractEndOfPageDataTest" hash-for-method="contractEndOfPageDataTest_C15062">contractEndOfPageDataTest_C15062</a> <!-- method navigator-link -->
                      </span>
                      <br/>
                      <span>
                        <img width="3%" src="passed.png"/>
                        <a href="#" class="method navigator-link" panel-name="suite-com.YouMagicPro.LKA_tests" title="com.YouMagicPro.LKA_tests.ContractOgrnSymbolsTest" hash-for-method="contractFillBankAccountTest">contractFillBankAccountTest</a> <!-- method navigator-link -->
                      </span>
                      <br/>
                      <span>
                        <img width="3%" src="passed.png"/>
                        <a href="#" class="method navigator-link" panel-name="suite-com.YouMagicPro.LKA_tests" title="com.YouMagicPro.LKA_tests.ContractInn6NumbersInTextFieldTest" hash-for-method="contractInn6NumbersInTextFieldTest_C15029">contractInn6NumbersInTextFieldTest_C15029</a> <!-- method navigator-link -->
                      </span>
                      <br/>
                      <span>
                        <img width="3%" src="passed.png"/>
                        <a href="#" class="method navigator-link" panel-name="suite-com.YouMagicPro.LKA_tests" title="com.YouMagicPro.LKA_tests.ContractInnChooseFormTest" hash-for-method="contractInnChooseForm_C15047">contractInnChooseForm_C15047</a> <!-- method navigator-link -->
                      </span>
                      <br/>
                      <span>
                        <img width="3%" src="passed.png"/>
                        <a href="#" class="method navigator-link" panel-name="suite-com.YouMagicPro.LKA_tests" title="com.YouMagicPro.LKA_tests.ContractInnSymbolsInTextFieldTest" hash-for-method="contractInnLettersInTextFieldTest_C15030">contractInnLettersInTextFieldTest_C15030</a> <!-- method navigator-link -->
                      </span>
                      <br/>
                      <span>
                        <img width="3%" src="passed.png"/>
                        <a href="#" class="method navigator-link" panel-name="suite-com.YouMagicPro.LKA_tests" title="com.YouMagicPro.LKA_tests.ContractInnLettersInTextFieldTest" hash-for-method="contractInnLettersInTextFieldTest_C15030">contractInnLettersInTextFieldTest_C15030</a> <!-- method navigator-link -->
                      </span>
                      <br/>
                      <span>
                        <img width="3%" src="passed.png"/>
                        <a href="#" class="method navigator-link" panel-name="suite-com.YouMagicPro.LKA_tests" title="com.YouMagicPro.LKA_tests.ContractKppOneNumberInTextFieldTest" hash-for-method="contractKppTest_C15048">contractKppTest_C15048</a> <!-- method navigator-link -->
                      </span>
                      <br/>
                      <span>
                        <img width="3%" src="passed.png"/>
                        <a href="#" class="method navigator-link" panel-name="suite-com.YouMagicPro.LKA_tests" title="com.YouMagicPro.LKA_tests.ContractKpp6NumbersInTextFieldTest" hash-for-method="contractKppTest_C15049">contractKppTest_C15049</a> <!-- method navigator-link -->
                      </span>
                      <br/>
                      <span>
                        <img width="3%" src="passed.png"/>
                        <a href="#" class="method navigator-link" panel-name="suite-com.YouMagicPro.LKA_tests" title="com.YouMagicPro.LKA_tests.ContractKppLettersTest" hash-for-method="contractKppTest_C15050">contractKppTest_C15050</a> <!-- method navigator-link -->
                      </span>
                      <br/>
                      <span>
                        <img width="3%" src="passed.png"/>
                        <a href="#" class="method navigator-link" panel-name="suite-com.YouMagicPro.LKA_tests" title="com.YouMagicPro.LKA_tests.ContractKppSymbolsTest" hash-for-method="contractKppTest_C15051">contractKppTest_C15051</a> <!-- method navigator-link -->
                      </span>
                      <br/>
                      <span>
                        <img width="3%" src="passed.png"/>
                        <a href="#" class="method navigator-link" panel-name="suite-com.YouMagicPro.LKA_tests" title="com.YouMagicPro.LKA_tests.ContractKppLettersAndNumbersTest" hash-for-method="contractKppTest_C15054">contractKppTest_C15054</a> <!-- method navigator-link -->
                      </span>
                      <br/>
                      <span>
                        <img width="3%" src="passed.png"/>
                        <a href="#" class="method navigator-link" panel-name="suite-com.YouMagicPro.LKA_tests" title="com.YouMagicPro.LKA_tests.ContractOgrn6NumbersInTextFieldTest" hash-for-method="contractOgrn6NumbersInTextFieldTest_C15055">contractOgrn6NumbersInTextFieldTest_C15055</a> <!-- method navigator-link -->
                      </span>
                      <br/>
                      <span>
                        <img width="3%" src="passed.png"/>
                        <a href="#" class="method navigator-link" panel-name="suite-com.YouMagicPro.LKA_tests" title="com.YouMagicPro.LKA_tests.ContractOgrnLettersAndNumbersInTextFieldTest" hash-for-method="contractOgrnLettersAndNumbersInTextFieldTest_C15057">contractOgrnLettersAndNumbersInTextFieldTest_C15057</a> <!-- method navigator-link -->
                      </span>
                      <br/>
                      <span>
                        <img width="3%" src="passed.png"/>
                        <a href="#" class="method navigator-link" panel-name="suite-com.YouMagicPro.LKA_tests" title="com.YouMagicPro.LKA_tests.ContractOgrnLettersInTextFieldTest" hash-for-method="contractOgrnLettersInTextFieldTest_C15056">contractOgrnLettersInTextFieldTest_C15056</a> <!-- method navigator-link -->
                      </span>
                      <br/>
                      <span>
                        <img width="3%" src="passed.png"/>
                        <a href="#" class="method navigator-link" panel-name="suite-com.YouMagicPro.LKA_tests" title="com.YouMagicPro.LKA_tests.ContractOgrnOneNumberInTextFieldTest" hash-for-method="contractOgrnOneNumberInTextFieldTest_C15053">contractOgrnOneNumberInTextFieldTest_C15053</a> <!-- method navigator-link -->
                      </span>
                      <br/>
                      <span>
                        <img width="3%" src="passed.png"/>
                        <a href="#" class="method navigator-link" panel-name="suite-com.YouMagicPro.LKA_tests" title="com.YouMagicPro.LKA_tests.ExpenseStructureAdditionalNumbersFeeTest" hash-for-method="expenseStructureAdditionalNumbersFeeTest_C15096">expenseStructureAdditionalNumbersFeeTest_C15096</a> <!-- method navigator-link -->
                      </span>
                      <br/>
                      <span>
                        <img width="3%" src="passed.png"/>
                        <a href="#" class="method navigator-link" panel-name="suite-com.YouMagicPro.LKA_tests" title="com.YouMagicPro.LKA_tests.ExpenseStructureChooseAdditionalNumbersTest" hash-for-method="expenseStructureChooseAdditionalNumbersTest_C15100">expenseStructureChooseAdditionalNumbersTest_C15100</a> <!-- method navigator-link -->
                      </span>
                      <br/>
                      <span>
                        <img width="3%" src="passed.png"/>
                        <a href="#" class="method navigator-link" panel-name="suite-com.YouMagicPro.LKA_tests" title="com.YouMagicPro.LKA_tests.ExpenseStructureChooseIntNumbersPageTest" hash-for-method="expenseStructureChooseIntNumbersPageTest_C15102">expenseStructureChooseIntNumbersPageTest_C15102</a> <!-- method navigator-link -->
                      </span>
                      <br/>
                      <span>
                        <img width="3%" src="passed.png"/>
                        <a href="#" class="method navigator-link" panel-name="suite-com.YouMagicPro.LKA_tests" title="com.YouMagicPro.LKA_tests.ExpenseStructureInternalNumbersFeeTest" hash-for-method="expenseStructureInternalNumbersFeeTest_C15101">expenseStructureInternalNumbersFeeTest_C15101</a> <!-- method navigator-link -->
                      </span>
                      <br/>
                      <span>
                        <img width="3%" src="passed.png"/>
                        <a href="#" class="method navigator-link" panel-name="suite-com.YouMagicPro.LKA_tests" title="com.YouMagicPro.LKA_tests.ExpenseStructureRentalFeeTest" hash-for-method="expenseStructureRentalFeeTest_C15096">expenseStructureRentalFeeTest_C15096</a> <!-- method navigator-link -->
                      </span>
                      <br/>
                      <span>
                        <img width="3%" src="passed.png"/>
                        <a href="#" class="method navigator-link" panel-name="suite-com.YouMagicPro.LKA_tests" title="com.YouMagicPro.LKA_tests.DiscSpaceTest" hash-for-method="expenseStructureTest">expenseStructureTest</a> <!-- method navigator-link -->
                      </span>
                      <br/>
                      <span>
                        <img width="3%" src="passed.png"/>
                        <a href="#" class="method navigator-link" panel-name="suite-com.YouMagicPro.LKA_tests" title="com.YouMagicPro.LKA_tests.OrderDeliveryOfContractDropdownListTest" hash-for-method="expenseStructureTest">expenseStructureTest</a> <!-- method navigator-link -->
                      </span>
                      <br/>
                      <span>
                        <img width="3%" src="passed.png"/>
                        <a href="#" class="method navigator-link" panel-name="suite-com.YouMagicPro.LKA_tests" title="com.YouMagicPro.LKA_tests.OrderDeliveryOfContractCancelButtonTest" hash-for-method="expenseStructureTest">expenseStructureTest</a> <!-- method navigator-link -->
                      </span>
                      <br/>
                      <span>
                        <img width="3%" src="passed.png"/>
                        <a href="#" class="method navigator-link" panel-name="suite-com.YouMagicPro.LKA_tests" title="com.YouMagicPro.LKA_tests.ContractFillInDataTest" hash-for-method="fillInContractDataTest">fillInContractDataTest</a> <!-- method navigator-link -->
                      </span>
                      <br/>
                      <span>
                        <img width="3%" src="passed.png"/>
                        <a href="#" class="method navigator-link" panel-name="suite-com.YouMagicPro.LKA_tests" title="com.YouMagicPro.LKA_tests.OrderByEmailCancelButtonTest" hash-for-method="orderByEmailCancelButtonTest_C15141">orderByEmailCancelButtonTest_C15141</a> <!-- method navigator-link -->
                      </span>
                      <br/>
                      <span>
                        <img width="3%" src="passed.png"/>
                        <a href="#" class="method navigator-link" panel-name="suite-com.YouMagicPro.LKA_tests" title="com.YouMagicPro.LKA_tests.OrderByEmailChangeEmailTest" hash-for-method="orderByEmailChangeEmailTest_C25653">orderByEmailChangeEmailTest_C25653</a> <!-- method navigator-link -->
                      </span>
                      <br/>
                      <span>
                        <img width="3%" src="passed.png"/>
                        <a href="#" class="method navigator-link" panel-name="suite-com.YouMagicPro.LKA_tests" title="com.YouMagicPro.LKA_tests.OrderByEmailChangeNameTest" hash-for-method="orderByEmailChangeNameTest_C25671">orderByEmailChangeNameTest_C25671</a> <!-- method navigator-link -->
                      </span>
                      <br/>
                      <span>
                        <img width="3%" src="passed.png"/>
                        <a href="#" class="method navigator-link" panel-name="suite-com.YouMagicPro.LKA_tests" title="com.YouMagicPro.LKA_tests.OrderByEmailOrderWithoutDocTypeCheckedTest" hash-for-method="orderByEmailOrderWithoutDocTypeCheckedTest_C25656">orderByEmailOrderWithoutDocTypeCheckedTest_C25656</a> <!-- method navigator-link -->
                      </span>
                      <br/>
                      <span>
                        <img width="3%" src="passed.png"/>
                        <a href="#" class="method navigator-link" panel-name="suite-com.YouMagicPro.LKA_tests" title="com.YouMagicPro.LKA_tests.OrderByPickUpCancelButtonTest" hash-for-method="orderByPickUpCancelButtonTest_C25664">orderByPickUpCancelButtonTest_C25664</a> <!-- method navigator-link -->
                      </span>
                      <br/>
                      <span>
                        <img width="3%" src="passed.png"/>
                        <a href="#" class="method navigator-link" panel-name="suite-com.YouMagicPro.LKA_tests" title="com.YouMagicPro.LKA_tests.OrderByPickUpChangeNameTest" hash-for-method="orderByPickUpChangeNameTest_C25668">orderByPickUpChangeNameTest_C25668</a> <!-- method navigator-link -->
                      </span>
                      <br/>
                      <span>
                        <img width="3%" src="passed.png"/>
                        <a href="#" class="method navigator-link" panel-name="suite-com.YouMagicPro.LKA_tests" title="com.YouMagicPro.LKA_tests.OrderByPickUpOrderWithoutDocTypeCheckedTest" hash-for-method="orderByPickUpOrderWithoutDocTypeCheckedTest_C25663">orderByPickUpOrderWithoutDocTypeCheckedTest_C25663</a> <!-- method navigator-link -->
                      </span>
                      <br/>
                      <span>
                        <img width="3%" src="passed.png"/>
                        <a href="#" class="method navigator-link" panel-name="suite-com.YouMagicPro.LKA_tests" title="com.YouMagicPro.LKA_tests.OrderToAdressCancelButtonClickTest" hash-for-method="orderToAdressCancelButtonClickTest_C25675">orderToAdressCancelButtonClickTest_C25675</a> <!-- method navigator-link -->
                      </span>
                      <br/>
                      <span>
                        <img width="3%" src="passed.png"/>
                        <a href="#" class="method navigator-link" panel-name="suite-com.YouMagicPro.LKA_tests" title="com.YouMagicPro.LKA_tests.OrderToAdressChangeNameTest" hash-for-method="orderToAdressChangeNameTest_C25672">orderToAdressChangeNameTest_C25672</a> <!-- method navigator-link -->
                      </span>
                      <br/>
                      <span>
                        <img width="3%" src="passed.png"/>
                        <a href="#" class="method navigator-link" panel-name="suite-com.YouMagicPro.LKA_tests" title="com.YouMagicPro.LKA_tests.OrderToAdressChangePhoneTest" hash-for-method="orderToAdressChangePhoneTest_C25677">orderToAdressChangePhoneTest_C25677</a> <!-- method navigator-link -->
                      </span>
                      <br/>
                    </div> <!-- method-list-content passed suite-com.YouMagicPro.LKA_tests -->
                  </li>
                </ul>
              </div> <!-- suite-section-content -->
            </div> <!-- result-section -->
          </div> <!-- navigator-suite-content -->
        </div> <!-- rounded-window -->
      </div> <!-- suite -->
    </div> <!-- navigator-root -->
    <div class="wrapper">
      <div class="main-panel-root">
        <div panel-name="suite-com.YouMagicPro.LKA_tests" class="panel com.YouMagicPro.LKA_tests">
          <div class="suite-com.YouMagicPro.LKA_tests-class-failed">
            <div class="main-panel-header rounded-window-top">
              <img src="failed.png"/>
              <span class="class-name">com.YouMagicPro.LKA_tests.ContractCorAccountLettersInTextFieldTest</span>
            </div> <!-- main-panel-header rounded-window-top -->
            <div class="main-panel-content rounded-window-bottom">
              <div class="method">
                <div class="method-content">
                  <a name="contractCorAccountLettersInTextFieldTest_C15001">
                  </a> <!-- contractCorAccountLettersInTextFieldTest_C15001 -->
                  <span class="method-name">contractCorAccountLettersInTextFieldTest_C15001</span>
                  <div class="stack-trace"><b>"org.openqa.selenium.WebDriverException: Element is not clickable at point (868.5, 44). Other element would receive the click: &lt;div class=&quot;sl_head&quot;&gt;...&lt;/div&gt; (WARNING: The server did not provide any stacktrace information)
Command duration or timeout: 79 milliseconds
Build info: version: &apos;2.26.0&apos;, revision: &apos;18040&apos;, time: &apos;2012-11-02 09:44:45&apos;
System info: os.name: &apos;Windows 7&apos;, os.arch: &apos;amd64&apos;, os.version: &apos;6.1&apos;, java.version: &apos;1.7.0_05&apos;
Driver info: driver.version: RemoteWebDriver
Session ID: 6dd90c403e997a1b72541fefc6729aeb
	at sun.reflect.NativeConstructorAccessorImpl.newInstance0(Native Method)
	at sun.reflect.NativeConstructorAccessorImpl.newInstance(NativeConstructorAccessorImpl.java:57)
	at sun.reflect.DelegatingConstructorAccessorImpl.newInstance(DelegatingConstructorAccessorImpl.java:45)
	at java.lang.reflect.Constructor.newInstance(Constructor.java:525)
	at org.openqa.selenium.remote.ErrorHandler.createThrowable(ErrorHandler.java:188)
	at org.openqa.selenium.remote.ErrorHandler.throwIfResponseFailed(ErrorHandler.java:145)
	at org.openqa.selenium.remote.RemoteWebDriver.execute(RemoteWebDriver.java:531)
	at org.openqa.selenium.remote.RemoteWebElement.execute(RemoteWebElement.java:246)
	at org.openqa.selenium.remote.RemoteWebElement.click(RemoteWebElement.java:79)
	at com.YouMagicPro.LKA_tests.TestBase.waitContractPageToLoad(TestBase.java:137)
	at com.YouMagicPro.LKA_tests.ContractCorAccountLettersInTextFieldTest.contractCorAccountLettersInTextFieldTest_C15001(ContractCorAccountLettersInTextFieldTest.java:8)
	at sun.reflect.NativeMethodAccessorImpl.invoke0(Native Method)
	at sun.reflect.NativeMethodAccessorImpl.invoke(NativeMethodAccessorImpl.java:57)
	at sun.reflect.DelegatingMethodAccessorImpl.invoke(DelegatingMethodAccessorImpl.java:43)
	at java.lang.reflect.Method.invoke(Method.java:601)
	at org.testng.internal.MethodInvocationHelper.invokeMethod(MethodInvocationHelper.java:80)
	at org.testng.internal.Invoker.invokeMethod(Invoker.java:714)
	at org.testng.internal.Invoker.invokeTestMethod(Invoker.java:901)
	at org.testng.internal.Invoker.invokeTestMethods(Invoker.java:1231)
	at org.testng.internal.TestMethodWorker.invokeTestMethods(TestMethodWorker.java:127)
	at org.testng.internal.TestMethodWorker.run(TestMethodWorker.java:111)
	at org.testng.TestRunner.privateRun(TestRunner.java:767)
	at org.testng.TestRunner.run(TestRunner.java:617)
	at org.testng.SuiteRunner.runTest(SuiteRunner.java:334)
	at org.testng.SuiteRunner.runSequentially(SuiteRunner.java:329)
	at org.testng.SuiteRunner.privateRun(SuiteRunner.java:291)
	at org.testng.SuiteRunner.run(SuiteRunner.java:240)
	at org.testng.SuiteRunnerWorker.runSuite(SuiteRunnerWorker.java:52)
	at org.testng.SuiteRunnerWorker.run(SuiteRunnerWorker.java:86)
	at org.testng.TestNG.runSuitesSequentially(TestNG.java:1198)
	at org.testng.TestNG.runSuitesLocally(TestNG.java:1123)
	at org.testng.TestNG.run(TestNG.java:1031)
	at org.apache.maven.surefire.testng.TestNGExecutor.run(TestNGExecutor.java:122)
	at org.apache.maven.surefire.testng.TestNGXmlTestSuite.execute(TestNGXmlTestSuite.java:88)
	at org.apache.maven.surefire.testng.TestNGProvider.invoke(TestNGProvider.java:104)
	at sun.reflect.NativeMethodAccessorImpl.invoke0(Native Method)
	at sun.reflect.NativeMethodAccessorImpl.invoke(NativeMethodAccessorImpl.java:57)
	at sun.reflect.DelegatingMethodAccessorImpl.invoke(DelegatingMethodAccessorImpl.java:43)
	at java.lang.reflect.Method.invoke(Method.java:601)
	at org.apache.maven.surefire.booter.ProviderFactory$ClassLoaderProxy.invoke(ProviderFactory.java:103)
	at $Proxy0.invoke(Unknown Source)
	at org.apache.maven.surefire.booter.SurefireStarter.invokeProvider(SurefireStarter.java:150)
	at org.apache.maven.surefire.booter.SurefireStarter.runSuitesInProcess(SurefireStarter.java:91)
	at org.apache.maven.surefire.booter.ForkedBooter.main(ForkedBooter.java:69)
<br/> org.openqa.selenium.WebDriverException: Element is not clickable at point (868.5, 44). Other element would receive the click: &lt;div class=&quot;sl_head&quot;&gt;...&lt;/div&gt; (WARNING: The server did not provide any stacktrace information)
Command duration or timeout: 79 milliseconds
Build info: version: &apos;2.26.0&apos;, revision: &apos;18040&apos;, time: &apos;2012-11-02 09:44:45&apos;
System info: os.name: &apos;Windows 7&apos;, os.arch: &apos;amd64&apos;, os.version: &apos;6.1&apos;, java.version: &apos;1.7.0_05&apos;
Driver info: driver.version: RemoteWebDriver
Session ID: 6dd90c403e997a1b72541fefc6729aeb
	at sun.reflect.NativeConstructorAccessorImpl.newInstance0(Native Method)
	at sun.reflect.NativeConstructorAccessorImpl.newInstance(NativeConstructorAccessorImpl.java:57)
	at sun.reflect.DelegatingConstructorAccessorImpl.newInstance(DelegatingConstructorAccessorImpl.java:45)
	at java.lang.reflect.Constructor.newInstance(Constructor.java:525)
	at org.openqa.selenium.remote.ErrorHandler.createThrowable(ErrorHandler.java:188)
	at org.openqa.selenium.remote.ErrorHandler.throwIfResponseFailed(ErrorHandler.java:145)
	at org.openqa.selenium.remote.RemoteWebDriver.execute(RemoteWebDriver.java:531)
	at org.openqa.selenium.remote.RemoteWebElement.execute(RemoteWebElement.java:246)
	at org.openqa.selenium.remote.RemoteWebElement.click(RemoteWebElement.java:79)
	at com.YouMagicPro.LKA_tests.TestBase.waitContractPageToLoad(TestBase.java:137)
	at com.YouMagicPro.LKA_tests.ContractCorAccountLettersInTextFieldTest.contractCorAccountLettersInTextFieldTest_C15001(ContractCorAccountLettersInTextFieldTest.java:8)
	at sun.reflect.NativeMethodAccessorImpl.invoke0(Native Method)
	at sun.reflect.NativeMethodAccessorImpl.invoke(NativeMethodAccessorImpl.java:57)
	at sun.reflect.DelegatingMethodAccessorImpl.invoke(DelegatingMethodAccessorImpl.java:43)
	at java.lang.reflect.Method.invoke(Method.java:601)
	at org.testng.internal.MethodInvocationHelper.invokeMethod(MethodInvocationHelper.java:80)
	at org.testng.internal.Invoker.invokeMethod(Invoker.java:714)
	at org.testng.internal.Invoker.invokeTestMethod(Invoker.java:901)
	at org.testng.internal.Invoker.invokeTestMethods(Invoker.java:1231)
	at org.testng.internal.TestMethodWorker.invokeTestMethods(TestMethodWorker.java:127)
	at org.testng.internal.TestMethodWorker.run(TestMethodWorker.java:111)
	at org.testng.TestRunner.privateRun(TestRunner.java:767)
	at org.testng.TestRunner.run(TestRunner.java:617)
	at org.testng.SuiteRunner.runTest(SuiteRunner.java:334)
	at org.testng.SuiteRunner.runSequentially(SuiteRunner.java:329)
	at org.testng.SuiteRunner.privateRun(SuiteRunner.java:291)
	at org.testng.SuiteRunner.run(SuiteRunner.java:240)
	at org.testng.SuiteRunnerWorker.runSuite(SuiteRunnerWorker.java:52)
	at org.testng.SuiteRunnerWorker.run(SuiteRunnerWorker.java:86)
	at org.testng.TestNG.runSuitesSequentially(TestNG.java:1198)
	at org.testng.TestNG.runSuitesLocally(TestNG.java:1123)
	at org.testng.TestNG.run(TestNG.java:1031)
	at org.apache.maven.surefire.testng.TestNGExecutor.run(TestNGExecutor.java:122)
	at org.apache.maven.surefire.testng.TestNGXmlTestSuite.execute(TestNGXmlTestSuite.java:88)
	at org.apache.maven.surefire.testng.TestNGProvider.invoke(TestNGProvider.java:104)
	at sun.reflect.NativeMethodAccessorImpl.invoke0(Native Method)
	at sun.reflect.NativeMethodAccessorImpl.invoke(NativeMethodAccessorImpl.java:57)
	at sun.reflect.DelegatingMethodAccessorImpl.invoke(DelegatingMethodAccessorImpl.java:43)
	at java.lang.reflect.Method.invoke(Method.java:601)
	at org.apache.maven.surefire.booter.ProviderFactory$ClassLoaderProxy.invoke(ProviderFactory.java:103)
	at $Proxy0.invoke(Unknown Source)
	at org.apache.maven.surefire.booter.SurefireStarter.invokeProvider(SurefireStarter.java:150)
	at org.apache.maven.surefire.booter.SurefireStarter.runSuitesInProcess(SurefireStarter.java:91)
	at org.apache.maven.surefire.booter.ForkedBooter.main(ForkedBooter.java:69)
"</b><br>sun.reflect.NativeConstructorAccessorImpl.newInstance0(Native Method)<br>sun.reflect.NativeConstructorAccessorImpl.newInstance(NativeConstructorAccessorImpl.java:57)<br>sun.reflect.DelegatingConstructorAccessorImpl.newInstance(DelegatingConstructorAccessorImpl.java:45)<br>java.lang.reflect.Constructor.newInstance(Constructor.java:525)<br>org.openqa.selenium.remote.ErrorHandler.createThrowable(ErrorHandler.java:188)<br>org.openqa.selenium.remote.ErrorHandler.throwIfResponseFailed(ErrorHandler.java:145)<br>org.openqa.selenium.remote.RemoteWebDriver.execute(RemoteWebDriver.java:531)<br>org.openqa.selenium.remote.RemoteWebElement.execute(RemoteWebElement.java:246)<br>org.openqa.selenium.remote.RemoteWebElement.click(RemoteWebElement.java:79)<br>com.YouMagicPro.LKA_tests.TestBase.waitContractPageToLoad(TestBase.java:137)<br>com.YouMagicPro.LKA_tests.ContractCorAccountLettersInTextFieldTest.contractCorAccountLettersInTextFieldTest_C15001(ContractCorAccountLettersInTextFieldTest.java:8)<br>sun.reflect.NativeMethodAccessorImpl.invoke0(Native Method)<br>sun.reflect.NativeMethodAccessorImpl.invoke(NativeMethodAccessorImpl.java:57)<br>sun.reflect.DelegatingMethodAccessorImpl.invoke(DelegatingMethodAccessorImpl.java:43)<br>java.lang.reflect.Method.invoke(Method.java:601)<br>org.testng.internal.MethodInvocationHelper.invokeMethod(MethodInvocationHelper.java:80)<br>org.testng.internal.Invoker.invokeMethod(Invoker.java:714)<br>org.testng.internal.Invoker.invokeTestMethod(Invoker.java:901)<br>org.testng.internal.Invoker.invokeTestMethods(Invoker.java:1231)<br>org.testng.internal.TestMethodWorker.invokeTestMethods(TestMethodWorker.java:127)<br>org.testng.internal.TestMethodWorker.run(TestMethodWorker.java:111)<br>org.testng.TestRunner.privateRun(TestRunner.java:767)<br>org.testng.TestRunner.run(TestRunner.java:617)<br>org.testng.SuiteRunner.runTest(SuiteRunner.java:334)<br>org.testng.SuiteRunner.runSequentially(SuiteRunner.java:329)<br>org.testng.SuiteRunner.privateRun(SuiteRunner.java:291)<br>org.testng.SuiteRunner.run(SuiteRunner.java:240)<br>org.testng.SuiteRunnerWorker.runSuite(SuiteRunnerWorker.java:52)<br>org.testng.SuiteRunnerWorker.run(SuiteRunnerWorker.java:86)<br>org.testng.TestNG.runSuitesSequentially(TestNG.java:1198)<br>org.testng.TestNG.runSuitesLocally(TestNG.java:1123)<br>org.testng.TestNG.run(TestNG.java:1031)<br>org.apache.maven.surefire.testng.TestNGExecutor.run(TestNGExecutor.java:122)<br>org.apache.maven.surefire.testng.TestNGXmlTestSuite.execute(TestNGXmlTestSuite.java:88)<br>org.apache.maven.surefire.testng.TestNGProvider.invoke(TestNGProvider.java:104)<br>sun.reflect.NativeMethodAccessorImpl.invoke0(Native Method)<br>sun.reflect.NativeMethodAccessorImpl.invoke(NativeMethodAccessorImpl.java:57)<br>sun.reflect.DelegatingMethodAccessorImpl.invoke(DelegatingMethodAccessorImpl.java:43)<br>java.lang.reflect.Method.invoke(Method.java:601)<br>org.apache.maven.surefire.booter.ProviderFactory$ClassLoaderProxy.invoke(ProviderFactory.java:103)<br>$Proxy0.invoke(Unknown Source)<br>org.apache.maven.surefire.booter.SurefireStarter.invokeProvider(SurefireStarter.java:150)<br>org.apache.maven.surefire.booter.SurefireStarter.runSuitesInProcess(SurefireStarter.java:91)<br>org.apache.maven.surefire.booter.ForkedBooter.main(ForkedBooter.java:69)<br>
</div> <!-- stack-trace -->
                </div> <!-- method-content -->
              </div> <!-- method -->
            </div> <!-- main-panel-content rounded-window-bottom -->
          </div> <!-- suite-com.YouMagicPro.LKA_tests-class-failed -->
          <div class="suite-com.YouMagicPro.LKA_tests-class-failed">
            <div class="main-panel-header rounded-window-top">
              <img src="failed.png"/>
              <span class="class-name">com.YouMagicPro.LKA_tests.ContractCorAccountSymbolsInTextFieldTest</span>
            </div> <!-- main-panel-header rounded-window-top -->
            <div class="main-panel-content rounded-window-bottom">
              <div class="method">
                <div class="method-content">
                  <a name="contractCorAccountSymbolsInTextFieldTest_C15003">
                  </a> <!-- contractCorAccountSymbolsInTextFieldTest_C15003 -->
                  <span class="method-name">contractCorAccountSymbolsInTextFieldTest_C15003</span>
                  <div class="stack-trace"><b>"org.openqa.selenium.WebDriverException: Element is not clickable at point (750.5, 645.5). Other element would receive the click: &lt;div id=&quot;instructionBackdrop&quot; style=&quot;z-index: 1110; position: absolute; left: 0px; margin: 0px; background-color: rgb(255, 255, 255); opacity: 0.55; top: 0px; height: 2510px; width: 977px; background-position: initial initial; background-repeat: initial initial;&quot;&gt;&lt;/div&gt; (WARNING: The server did not provide any stacktrace information)
Command duration or timeout: 47 milliseconds
Build info: version: &apos;2.26.0&apos;, revision: &apos;18040&apos;, time: &apos;2012-11-02 09:44:45&apos;
System info: os.name: &apos;Windows 7&apos;, os.arch: &apos;amd64&apos;, os.version: &apos;6.1&apos;, java.version: &apos;1.7.0_05&apos;
Driver info: driver.version: RemoteWebDriver
Session ID: 053d130924a2ef8cf5d8e23415fd3f59
	at sun.reflect.NativeConstructorAccessorImpl.newInstance0(Native Method)
	at sun.reflect.NativeConstructorAccessorImpl.newInstance(NativeConstructorAccessorImpl.java:57)
	at sun.reflect.DelegatingConstructorAccessorImpl.newInstance(DelegatingConstructorAccessorImpl.java:45)
	at java.lang.reflect.Constructor.newInstance(Constructor.java:525)
	at org.openqa.selenium.remote.ErrorHandler.createThrowable(ErrorHandler.java:188)
	at org.openqa.selenium.remote.ErrorHandler.throwIfResponseFailed(ErrorHandler.java:145)
	at org.openqa.selenium.remote.RemoteWebDriver.execute(RemoteWebDriver.java:531)
	at org.openqa.selenium.remote.RemoteWebElement.execute(RemoteWebElement.java:246)
	at org.openqa.selenium.remote.RemoteWebElement.click(RemoteWebElement.java:79)
	at com.YouMagicPro.LKA_tests.TestBase.sendKeysAndAssert_cor(TestBase.java:67)
	at com.YouMagicPro.LKA_tests.ContractCorAccountSymbolsInTextFieldTest.contractCorAccountSymbolsInTextFieldTest_C15003(ContractCorAccountSymbolsInTextFieldTest.java:10)
	at sun.reflect.NativeMethodAccessorImpl.invoke0(Native Method)
	at sun.reflect.NativeMethodAccessorImpl.invoke(NativeMethodAccessorImpl.java:57)
	at sun.reflect.DelegatingMethodAccessorImpl.invoke(DelegatingMethodAccessorImpl.java:43)
	at java.lang.reflect.Method.invoke(Method.java:601)
	at org.testng.internal.MethodInvocationHelper.invokeMethod(MethodInvocationHelper.java:80)
	at org.testng.internal.Invoker.invokeMethod(Invoker.java:714)
	at org.testng.internal.Invoker.invokeTestMethod(Invoker.java:901)
	at org.testng.internal.Invoker.invokeTestMethods(Invoker.java:1231)
	at org.testng.internal.TestMethodWorker.invokeTestMethods(TestMethodWorker.java:127)
	at org.testng.internal.TestMethodWorker.run(TestMethodWorker.java:111)
	at org.testng.TestRunner.privateRun(TestRunner.java:767)
	at org.testng.TestRunner.run(TestRunner.java:617)
	at org.testng.SuiteRunner.runTest(SuiteRunner.java:334)
	at org.testng.SuiteRunner.runSequentially(SuiteRunner.java:329)
	at org.testng.SuiteRunner.privateRun(SuiteRunner.java:291)
	at org.testng.SuiteRunner.run(SuiteRunner.java:240)
	at org.testng.SuiteRunnerWorker.runSuite(SuiteRunnerWorker.java:52)
	at org.testng.SuiteRunnerWorker.run(SuiteRunnerWorker.java:86)
	at org.testng.TestNG.runSuitesSequentially(TestNG.java:1198)
	at org.testng.TestNG.runSuitesLocally(TestNG.java:1123)
	at org.testng.TestNG.run(TestNG.java:1031)
	at org.apache.maven.surefire.testng.TestNGExecutor.run(TestNGExecutor.java:122)
	at org.apache.maven.surefire.testng.TestNGXmlTestSuite.execute(TestNGXmlTestSuite.java:88)
	at org.apache.maven.surefire.testng.TestNGProvider.invoke(TestNGProvider.java:104)
	at sun.reflect.NativeMethodAccessorImpl.invoke0(Native Method)
	at sun.reflect.NativeMethodAccessorImpl.invoke(NativeMethodAccessorImpl.java:57)
	at sun.reflect.DelegatingMethodAccessorImpl.invoke(DelegatingMethodAccessorImpl.java:43)
	at java.lang.reflect.Method.invoke(Method.java:601)
	at org.apache.maven.surefire.booter.ProviderFactory$ClassLoaderProxy.invoke(ProviderFactory.java:103)
	at $Proxy0.invoke(Unknown Source)
	at org.apache.maven.surefire.booter.SurefireStarter.invokeProvider(SurefireStarter.java:150)
	at org.apache.maven.surefire.booter.SurefireStarter.runSuitesInProcess(SurefireStarter.java:91)
	at org.apache.maven.surefire.booter.ForkedBooter.main(ForkedBooter.java:69)
<br/> org.openqa.selenium.WebDriverException: Element is not clickable at point (750.5, 645.5). Other element would receive the click: &lt;div id=&quot;instructionBackdrop&quot; style=&quot;z-index: 1110; position: absolute; left: 0px; margin: 0px; background-color: rgb(255, 255, 255); opacity: 0.55; top: 0px; height: 2510px; width: 977px; background-position: initial initial; background-repeat: initial initial;&quot;&gt;&lt;/div&gt; (WARNING: The server did not provide any stacktrace information)
Command duration or timeout: 47 milliseconds
Build info: version: &apos;2.26.0&apos;, revision: &apos;18040&apos;, time: &apos;2012-11-02 09:44:45&apos;
System info: os.name: &apos;Windows 7&apos;, os.arch: &apos;amd64&apos;, os.version: &apos;6.1&apos;, java.version: &apos;1.7.0_05&apos;
Driver info: driver.version: RemoteWebDriver
Session ID: 053d130924a2ef8cf5d8e23415fd3f59
	at sun.reflect.NativeConstructorAccessorImpl.newInstance0(Native Method)
	at sun.reflect.NativeConstructorAccessorImpl.newInstance(NativeConstructorAccessorImpl.java:57)
	at sun.reflect.DelegatingConstructorAccessorImpl.newInstance(DelegatingConstructorAccessorImpl.java:45)
	at java.lang.reflect.Constructor.newInstance(Constructor.java:525)
	at org.openqa.selenium.remote.ErrorHandler.createThrowable(ErrorHandler.java:188)
	at org.openqa.selenium.remote.ErrorHandler.throwIfResponseFailed(ErrorHandler.java:145)
	at org.openqa.selenium.remote.RemoteWebDriver.execute(RemoteWebDriver.java:531)
	at org.openqa.selenium.remote.RemoteWebElement.execute(RemoteWebElement.java:246)
	at org.openqa.selenium.remote.RemoteWebElement.click(RemoteWebElement.java:79)
	at com.YouMagicPro.LKA_tests.TestBase.sendKeysAndAssert_cor(TestBase.java:67)
	at com.YouMagicPro.LKA_tests.ContractCorAccountSymbolsInTextFieldTest.contractCorAccountSymbolsInTextFieldTest_C15003(ContractCorAccountSymbolsInTextFieldTest.java:10)
	at sun.reflect.NativeMethodAccessorImpl.invoke0(Native Method)
	at sun.reflect.NativeMethodAccessorImpl.invoke(NativeMethodAccessorImpl.java:57)
	at sun.reflect.DelegatingMethodAccessorImpl.invoke(DelegatingMethodAccessorImpl.java:43)
	at java.lang.reflect.Method.invoke(Method.java:601)
	at org.testng.internal.MethodInvocationHelper.invokeMethod(MethodInvocationHelper.java:80)
	at org.testng.internal.Invoker.invokeMethod(Invoker.java:714)
	at org.testng.internal.Invoker.invokeTestMethod(Invoker.java:901)
	at org.testng.internal.Invoker.invokeTestMethods(Invoker.java:1231)
	at org.testng.internal.TestMethodWorker.invokeTestMethods(TestMethodWorker.java:127)
	at org.testng.internal.TestMethodWorker.run(TestMethodWorker.java:111)
	at org.testng.TestRunner.privateRun(TestRunner.java:767)
	at org.testng.TestRunner.run(TestRunner.java:617)
	at org.testng.SuiteRunner.runTest(SuiteRunner.java:334)
	at org.testng.SuiteRunner.runSequentially(SuiteRunner.java:329)
	at org.testng.SuiteRunner.privateRun(SuiteRunner.java:291)
	at org.testng.SuiteRunner.run(SuiteRunner.java:240)
	at org.testng.SuiteRunnerWorker.runSuite(SuiteRunnerWorker.java:52)
	at org.testng.SuiteRunnerWorker.run(SuiteRunnerWorker.java:86)
	at org.testng.TestNG.runSuitesSequentially(TestNG.java:1198)
	at org.testng.TestNG.runSuitesLocally(TestNG.java:1123)
	at org.testng.TestNG.run(TestNG.java:1031)
	at org.apache.maven.surefire.testng.TestNGExecutor.run(TestNGExecutor.java:122)
	at org.apache.maven.surefire.testng.TestNGXmlTestSuite.execute(TestNGXmlTestSuite.java:88)
	at org.apache.maven.surefire.testng.TestNGProvider.invoke(TestNGProvider.java:104)
	at sun.reflect.NativeMethodAccessorImpl.invoke0(Native Method)
	at sun.reflect.NativeMethodAccessorImpl.invoke(NativeMethodAccessorImpl.java:57)
	at sun.reflect.DelegatingMethodAccessorImpl.invoke(DelegatingMethodAccessorImpl.java:43)
	at java.lang.reflect.Method.invoke(Method.java:601)
	at org.apache.maven.surefire.booter.ProviderFactory$ClassLoaderProxy.invoke(ProviderFactory.java:103)
	at $Proxy0.invoke(Unknown Source)
	at org.apache.maven.surefire.booter.SurefireStarter.invokeProvider(SurefireStarter.java:150)
	at org.apache.maven.surefire.booter.SurefireStarter.runSuitesInProcess(SurefireStarter.java:91)
	at org.apache.maven.surefire.booter.ForkedBooter.main(ForkedBooter.java:69)
"</b><br>sun.reflect.NativeConstructorAccessorImpl.newInstance0(Native Method)<br>sun.reflect.NativeConstructorAccessorImpl.newInstance(NativeConstructorAccessorImpl.java:57)<br>sun.reflect.DelegatingConstructorAccessorImpl.newInstance(DelegatingConstructorAccessorImpl.java:45)<br>java.lang.reflect.Constructor.newInstance(Constructor.java:525)<br>org.openqa.selenium.remote.ErrorHandler.createThrowable(ErrorHandler.java:188)<br>org.openqa.selenium.remote.ErrorHandler.throwIfResponseFailed(ErrorHandler.java:145)<br>org.openqa.selenium.remote.RemoteWebDriver.execute(RemoteWebDriver.java:531)<br>org.openqa.selenium.remote.RemoteWebElement.execute(RemoteWebElement.java:246)<br>org.openqa.selenium.remote.RemoteWebElement.click(RemoteWebElement.java:79)<br>com.YouMagicPro.LKA_tests.TestBase.sendKeysAndAssert_cor(TestBase.java:67)<br>com.YouMagicPro.LKA_tests.ContractCorAccountSymbolsInTextFieldTest.contractCorAccountSymbolsInTextFieldTest_C15003(ContractCorAccountSymbolsInTextFieldTest.java:10)<br>sun.reflect.NativeMethodAccessorImpl.invoke0(Native Method)<br>sun.reflect.NativeMethodAccessorImpl.invoke(NativeMethodAccessorImpl.java:57)<br>sun.reflect.DelegatingMethodAccessorImpl.invoke(DelegatingMethodAccessorImpl.java:43)<br>java.lang.reflect.Method.invoke(Method.java:601)<br>org.testng.internal.MethodInvocationHelper.invokeMethod(MethodInvocationHelper.java:80)<br>org.testng.internal.Invoker.invokeMethod(Invoker.java:714)<br>org.testng.internal.Invoker.invokeTestMethod(Invoker.java:901)<br>org.testng.internal.Invoker.invokeTestMethods(Invoker.java:1231)<br>org.testng.internal.TestMethodWorker.invokeTestMethods(TestMethodWorker.java:127)<br>org.testng.internal.TestMethodWorker.run(TestMethodWorker.java:111)<br>org.testng.TestRunner.privateRun(TestRunner.java:767)<br>org.testng.TestRunner.run(TestRunner.java:617)<br>org.testng.SuiteRunner.runTest(SuiteRunner.java:334)<br>org.testng.SuiteRunner.runSequentially(SuiteRunner.java:329)<br>org.testng.SuiteRunner.privateRun(SuiteRunner.java:291)<br>org.testng.SuiteRunner.run(SuiteRunner.java:240)<br>org.testng.SuiteRunnerWorker.runSuite(SuiteRunnerWorker.java:52)<br>org.testng.SuiteRunnerWorker.run(SuiteRunnerWorker.java:86)<br>org.testng.TestNG.runSuitesSequentially(TestNG.java:1198)<br>org.testng.TestNG.runSuitesLocally(TestNG.java:1123)<br>org.testng.TestNG.run(TestNG.java:1031)<br>org.apache.maven.surefire.testng.TestNGExecutor.run(TestNGExecutor.java:122)<br>org.apache.maven.surefire.testng.TestNGXmlTestSuite.execute(TestNGXmlTestSuite.java:88)<br>org.apache.maven.surefire.testng.TestNGProvider.invoke(TestNGProvider.java:104)<br>sun.reflect.NativeMethodAccessorImpl.invoke0(Native Method)<br>sun.reflect.NativeMethodAccessorImpl.invoke(NativeMethodAccessorImpl.java:57)<br>sun.reflect.DelegatingMethodAccessorImpl.invoke(DelegatingMethodAccessorImpl.java:43)<br>java.lang.reflect.Method.invoke(Method.java:601)<br>org.apache.maven.surefire.booter.ProviderFactory$ClassLoaderProxy.invoke(ProviderFactory.java:103)<br>$Proxy0.invoke(Unknown Source)<br>org.apache.maven.surefire.booter.SurefireStarter.invokeProvider(SurefireStarter.java:150)<br>org.apache.maven.surefire.booter.SurefireStarter.runSuitesInProcess(SurefireStarter.java:91)<br>org.apache.maven.surefire.booter.ForkedBooter.main(ForkedBooter.java:69)<br>
</div> <!-- stack-trace -->
                </div> <!-- method-content -->
              </div> <!-- method -->
            </div> <!-- main-panel-content rounded-window-bottom -->
          </div> <!-- suite-com.YouMagicPro.LKA_tests-class-failed -->
          <div class="suite-com.YouMagicPro.LKA_tests-class-failed">
            <div class="main-panel-header rounded-window-top">
              <img src="failed.png"/>
              <span class="class-name">com.YouMagicPro.LKA_tests.GroupsThreeInNumberTest</span>
            </div> <!-- main-panel-header rounded-window-top -->
            <div class="main-panel-content rounded-window-bottom">
              <div class="method">
                <div class="method-content">
                  <a name="groupsThreeInNumberTest_C15189">
                  </a> <!-- groupsThreeInNumberTest_C15189 -->
                  <span class="method-name">groupsThreeInNumberTest_C15189</span>
                  <div class="stack-trace"><b>"org.openqa.selenium.WebDriverException: Element is not clickable at point (555, 381). Other element would receive the click: &lt;img id=&quot;1&quot; class=&quot;slideimage&quot; src=&quot;/sites/all/modules/contrib/umagicpro_instructions/images/home.png&quot; data-title=&quot;    YouMagic.Pro!&quot;&gt; (WARNING: The server did not provide any stacktrace information)
Command duration or timeout: 30 milliseconds
Build info: version: &apos;2.26.0&apos;, revision: &apos;18040&apos;, time: &apos;2012-11-02 09:44:45&apos;
System info: os.name: &apos;Windows 7&apos;, os.arch: &apos;amd64&apos;, os.version: &apos;6.1&apos;, java.version: &apos;1.7.0_05&apos;
Driver info: driver.version: RemoteWebDriver
Session ID: 5773a3f3b8f3eb48ee45d9f6f4314d5a
	at sun.reflect.NativeConstructorAccessorImpl.newInstance0(Native Method)
	at sun.reflect.NativeConstructorAccessorImpl.newInstance(NativeConstructorAccessorImpl.java:57)
	at sun.reflect.DelegatingConstructorAccessorImpl.newInstance(DelegatingConstructorAccessorImpl.java:45)
	at java.lang.reflect.Constructor.newInstance(Constructor.java:525)
	at org.openqa.selenium.remote.ErrorHandler.createThrowable(ErrorHandler.java:188)
	at org.openqa.selenium.remote.ErrorHandler.throwIfResponseFailed(ErrorHandler.java:145)
	at org.openqa.selenium.remote.RemoteWebDriver.execute(RemoteWebDriver.java:531)
	at org.openqa.selenium.remote.RemoteWebElement.execute(RemoteWebElement.java:246)
	at org.openqa.selenium.remote.RemoteWebElement.click(RemoteWebElement.java:79)
	at com.YouMagicPro.LKA_tests.TestBase.waitAdminPageToLoad(TestBase.java:111)
	at com.YouMagicPro.LKA_tests.GroupsThreeInNumberTest.groupsThreeInNumberTest_C15189(GroupsThreeInNumberTest.java:11)
	at sun.reflect.NativeMethodAccessorImpl.invoke0(Native Method)
	at sun.reflect.NativeMethodAccessorImpl.invoke(NativeMethodAccessorImpl.java:57)
	at sun.reflect.DelegatingMethodAccessorImpl.invoke(DelegatingMethodAccessorImpl.java:43)
	at java.lang.reflect.Method.invoke(Method.java:601)
	at org.testng.internal.MethodInvocationHelper.invokeMethod(MethodInvocationHelper.java:80)
	at org.testng.internal.Invoker.invokeMethod(Invoker.java:714)
	at org.testng.internal.Invoker.invokeTestMethod(Invoker.java:901)
	at org.testng.internal.Invoker.invokeTestMethods(Invoker.java:1231)
	at org.testng.internal.TestMethodWorker.invokeTestMethods(TestMethodWorker.java:127)
	at org.testng.internal.TestMethodWorker.run(TestMethodWorker.java:111)
	at org.testng.TestRunner.privateRun(TestRunner.java:767)
	at org.testng.TestRunner.run(TestRunner.java:617)
	at org.testng.SuiteRunner.runTest(SuiteRunner.java:334)
	at org.testng.SuiteRunner.runSequentially(SuiteRunner.java:329)
	at org.testng.SuiteRunner.privateRun(SuiteRunner.java:291)
	at org.testng.SuiteRunner.run(SuiteRunner.java:240)
	at org.testng.SuiteRunnerWorker.runSuite(SuiteRunnerWorker.java:52)
	at org.testng.SuiteRunnerWorker.run(SuiteRunnerWorker.java:86)
	at org.testng.TestNG.runSuitesSequentially(TestNG.java:1198)
	at org.testng.TestNG.runSuitesLocally(TestNG.java:1123)
	at org.testng.TestNG.run(TestNG.java:1031)
	at org.apache.maven.surefire.testng.TestNGExecutor.run(TestNGExecutor.java:122)
	at org.apache.maven.surefire.testng.TestNGXmlTestSuite.execute(TestNGXmlTestSuite.java:88)
	at org.apache.maven.surefire.testng.TestNGProvider.invoke(TestNGProvider.java:104)
	at sun.reflect.NativeMethodAccessorImpl.invoke0(Native Method)
	at sun.reflect.NativeMethodAccessorImpl.invoke(NativeMethodAccessorImpl.java:57)
	at sun.reflect.DelegatingMethodAccessorImpl.invoke(DelegatingMethodAccessorImpl.java:43)
	at java.lang.reflect.Method.invoke(Method.java:601)
	at org.apache.maven.surefire.booter.ProviderFactory$ClassLoaderProxy.invoke(ProviderFactory.java:103)
	at $Proxy0.invoke(Unknown Source)
	at org.apache.maven.surefire.booter.SurefireStarter.invokeProvider(SurefireStarter.java:150)
	at org.apache.maven.surefire.booter.SurefireStarter.runSuitesInProcess(SurefireStarter.java:91)
	at org.apache.maven.surefire.booter.ForkedBooter.main(ForkedBooter.java:69)
<br/> org.openqa.selenium.WebDriverException: Element is not clickable at point (555, 381). Other element would receive the click: &lt;img id=&quot;1&quot; class=&quot;slideimage&quot; src=&quot;/sites/all/modules/contrib/umagicpro_instructions/images/home.png&quot; data-title=&quot;    YouMagic.Pro!&quot;&gt; (WARNING: The server did not provide any stacktrace information)
Command duration or timeout: 30 milliseconds
Build info: version: &apos;2.26.0&apos;, revision: &apos;18040&apos;, time: &apos;2012-11-02 09:44:45&apos;
System info: os.name: &apos;Windows 7&apos;, os.arch: &apos;amd64&apos;, os.version: &apos;6.1&apos;, java.version: &apos;1.7.0_05&apos;
Driver info: driver.version: RemoteWebDriver
Session ID: 5773a3f3b8f3eb48ee45d9f6f4314d5a
	at sun.reflect.NativeConstructorAccessorImpl.newInstance0(Native Method)
	at sun.reflect.NativeConstructorAccessorImpl.newInstance(NativeConstructorAccessorImpl.java:57)
	at sun.reflect.DelegatingConstructorAccessorImpl.newInstance(DelegatingConstructorAccessorImpl.java:45)
	at java.lang.reflect.Constructor.newInstance(Constructor.java:525)
	at org.openqa.selenium.remote.ErrorHandler.createThrowable(ErrorHandler.java:188)
	at org.openqa.selenium.remote.ErrorHandler.throwIfResponseFailed(ErrorHandler.java:145)
	at org.openqa.selenium.remote.RemoteWebDriver.execute(RemoteWebDriver.java:531)
	at org.openqa.selenium.remote.RemoteWebElement.execute(RemoteWebElement.java:246)
	at org.openqa.selenium.remote.RemoteWebElement.click(RemoteWebElement.java:79)
	at com.YouMagicPro.LKA_tests.TestBase.waitAdminPageToLoad(TestBase.java:111)
	at com.YouMagicPro.LKA_tests.GroupsThreeInNumberTest.groupsThreeInNumberTest_C15189(GroupsThreeInNumberTest.java:11)
	at sun.reflect.NativeMethodAccessorImpl.invoke0(Native Method)
	at sun.reflect.NativeMethodAccessorImpl.invoke(NativeMethodAccessorImpl.java:57)
	at sun.reflect.DelegatingMethodAccessorImpl.invoke(DelegatingMethodAccessorImpl.java:43)
	at java.lang.reflect.Method.invoke(Method.java:601)
	at org.testng.internal.MethodInvocationHelper.invokeMethod(MethodInvocationHelper.java:80)
	at org.testng.internal.Invoker.invokeMethod(Invoker.java:714)
	at org.testng.internal.Invoker.invokeTestMethod(Invoker.java:901)
	at org.testng.internal.Invoker.invokeTestMethods(Invoker.java:1231)
	at org.testng.internal.TestMethodWorker.invokeTestMethods(TestMethodWorker.java:127)
	at org.testng.internal.TestMethodWorker.run(TestMethodWorker.java:111)
	at org.testng.TestRunner.privateRun(TestRunner.java:767)
	at org.testng.TestRunner.run(TestRunner.java:617)
	at org.testng.SuiteRunner.runTest(SuiteRunner.java:334)
	at org.testng.SuiteRunner.runSequentially(SuiteRunner.java:329)
	at org.testng.SuiteRunner.privateRun(SuiteRunner.java:291)
	at org.testng.SuiteRunner.run(SuiteRunner.java:240)
	at org.testng.SuiteRunnerWorker.runSuite(SuiteRunnerWorker.java:52)
	at org.testng.SuiteRunnerWorker.run(SuiteRunnerWorker.java:86)
	at org.testng.TestNG.runSuitesSequentially(TestNG.java:1198)
	at org.testng.TestNG.runSuitesLocally(TestNG.java:1123)
	at org.testng.TestNG.run(TestNG.java:1031)
	at org.apache.maven.surefire.testng.TestNGExecutor.run(TestNGExecutor.java:122)
	at org.apache.maven.surefire.testng.TestNGXmlTestSuite.execute(TestNGXmlTestSuite.java:88)
	at org.apache.maven.surefire.testng.TestNGProvider.invoke(TestNGProvider.java:104)
	at sun.reflect.NativeMethodAccessorImpl.invoke0(Native Method)
	at sun.reflect.NativeMethodAccessorImpl.invoke(NativeMethodAccessorImpl.java:57)
	at sun.reflect.DelegatingMethodAccessorImpl.invoke(DelegatingMethodAccessorImpl.java:43)
	at java.lang.reflect.Method.invoke(Method.java:601)
	at org.apache.maven.surefire.booter.ProviderFactory$ClassLoaderProxy.invoke(ProviderFactory.java:103)
	at $Proxy0.invoke(Unknown Source)
	at org.apache.maven.surefire.booter.SurefireStarter.invokeProvider(SurefireStarter.java:150)
	at org.apache.maven.surefire.booter.SurefireStarter.runSuitesInProcess(SurefireStarter.java:91)
	at org.apache.maven.surefire.booter.ForkedBooter.main(ForkedBooter.java:69)
"</b><br>sun.reflect.NativeConstructorAccessorImpl.newInstance0(Native Method)<br>sun.reflect.NativeConstructorAccessorImpl.newInstance(NativeConstructorAccessorImpl.java:57)<br>sun.reflect.DelegatingConstructorAccessorImpl.newInstance(DelegatingConstructorAccessorImpl.java:45)<br>java.lang.reflect.Constructor.newInstance(Constructor.java:525)<br>org.openqa.selenium.remote.ErrorHandler.createThrowable(ErrorHandler.java:188)<br>org.openqa.selenium.remote.ErrorHandler.throwIfResponseFailed(ErrorHandler.java:145)<br>org.openqa.selenium.remote.RemoteWebDriver.execute(RemoteWebDriver.java:531)<br>org.openqa.selenium.remote.RemoteWebElement.execute(RemoteWebElement.java:246)<br>org.openqa.selenium.remote.RemoteWebElement.click(RemoteWebElement.java:79)<br>com.YouMagicPro.LKA_tests.TestBase.waitAdminPageToLoad(TestBase.java:111)<br>com.YouMagicPro.LKA_tests.GroupsThreeInNumberTest.groupsThreeInNumberTest_C15189(GroupsThreeInNumberTest.java:11)<br>sun.reflect.NativeMethodAccessorImpl.invoke0(Native Method)<br>sun.reflect.NativeMethodAccessorImpl.invoke(NativeMethodAccessorImpl.java:57)<br>sun.reflect.DelegatingMethodAccessorImpl.invoke(DelegatingMethodAccessorImpl.java:43)<br>java.lang.reflect.Method.invoke(Method.java:601)<br>org.testng.internal.MethodInvocationHelper.invokeMethod(MethodInvocationHelper.java:80)<br>org.testng.internal.Invoker.invokeMethod(Invoker.java:714)<br>org.testng.internal.Invoker.invokeTestMethod(Invoker.java:901)<br>org.testng.internal.Invoker.invokeTestMethods(Invoker.java:1231)<br>org.testng.internal.TestMethodWorker.invokeTestMethods(TestMethodWorker.java:127)<br>org.testng.internal.TestMethodWorker.run(TestMethodWorker.java:111)<br>org.testng.TestRunner.privateRun(TestRunner.java:767)<br>org.testng.TestRunner.run(TestRunner.java:617)<br>org.testng.SuiteRunner.runTest(SuiteRunner.java:334)<br>org.testng.SuiteRunner.runSequentially(SuiteRunner.java:329)<br>org.testng.SuiteRunner.privateRun(SuiteRunner.java:291)<br>org.testng.SuiteRunner.run(SuiteRunner.java:240)<br>org.testng.SuiteRunnerWorker.runSuite(SuiteRunnerWorker.java:52)<br>org.testng.SuiteRunnerWorker.run(SuiteRunnerWorker.java:86)<br>org.testng.TestNG.runSuitesSequentially(TestNG.java:1198)<br>org.testng.TestNG.runSuitesLocally(TestNG.java:1123)<br>org.testng.TestNG.run(TestNG.java:1031)<br>org.apache.maven.surefire.testng.TestNGExecutor.run(TestNGExecutor.java:122)<br>org.apache.maven.surefire.testng.TestNGXmlTestSuite.execute(TestNGXmlTestSuite.java:88)<br>org.apache.maven.surefire.testng.TestNGProvider.invoke(TestNGProvider.java:104)<br>sun.reflect.NativeMethodAccessorImpl.invoke0(Native Method)<br>sun.reflect.NativeMethodAccessorImpl.invoke(NativeMethodAccessorImpl.java:57)<br>sun.reflect.DelegatingMethodAccessorImpl.invoke(DelegatingMethodAccessorImpl.java:43)<br>java.lang.reflect.Method.invoke(Method.java:601)<br>org.apache.maven.surefire.booter.ProviderFactory$ClassLoaderProxy.invoke(ProviderFactory.java:103)<br>$Proxy0.invoke(Unknown Source)<br>org.apache.maven.surefire.booter.SurefireStarter.invokeProvider(SurefireStarter.java:150)<br>org.apache.maven.surefire.booter.SurefireStarter.runSuitesInProcess(SurefireStarter.java:91)<br>org.apache.maven.surefire.booter.ForkedBooter.main(ForkedBooter.java:69)<br>
</div> <!-- stack-trace -->
                </div> <!-- method-content -->
              </div> <!-- method -->
            </div> <!-- main-panel-content rounded-window-bottom -->
          </div> <!-- suite-com.YouMagicPro.LKA_tests-class-failed -->
          <div class="suite-com.YouMagicPro.LKA_tests-class-failed">
            <div class="main-panel-header rounded-window-top">
              <img src="failed.png"/>
              <span class="class-name">com.YouMagicPro.LKA_tests.GroupsOneInNumberTest</span>
            </div> <!-- main-panel-header rounded-window-top -->
            <div class="main-panel-content rounded-window-bottom">
              <div class="method">
                <div class="method-content">
                  <a name="groupsTest">
                  </a> <!-- groupsTest -->
                  <span class="method-name">groupsTest</span>
                  <div class="stack-trace"><b>"org.openqa.selenium.WebDriverException: Element is not clickable at point (118.5, 428). Other element would receive the click: &lt;img id=&quot;1&quot; class=&quot;slideimage&quot; src=&quot;/sites/all/modules/contrib/umagicpro_instructions/images/home.png&quot; data-title=&quot;    YouMagic.Pro!&quot;&gt; (WARNING: The server did not provide any stacktrace information)
Command duration or timeout: 29 milliseconds
Build info: version: &apos;2.26.0&apos;, revision: &apos;18040&apos;, time: &apos;2012-11-02 09:44:45&apos;
System info: os.name: &apos;Windows 7&apos;, os.arch: &apos;amd64&apos;, os.version: &apos;6.1&apos;, java.version: &apos;1.7.0_05&apos;
Driver info: driver.version: RemoteWebDriver
Session ID: 460f878ee1baea9663f9ca6cf8170f91
	at sun.reflect.NativeConstructorAccessorImpl.newInstance0(Native Method)
	at sun.reflect.NativeConstructorAccessorImpl.newInstance(NativeConstructorAccessorImpl.java:57)
	at sun.reflect.DelegatingConstructorAccessorImpl.newInstance(DelegatingConstructorAccessorImpl.java:45)
	at java.lang.reflect.Constructor.newInstance(Constructor.java:525)
	at org.openqa.selenium.remote.ErrorHandler.createThrowable(ErrorHandler.java:188)
	at org.openqa.selenium.remote.ErrorHandler.throwIfResponseFailed(ErrorHandler.java:145)
	at org.openqa.selenium.remote.RemoteWebDriver.execute(RemoteWebDriver.java:531)
	at org.openqa.selenium.remote.RemoteWebElement.execute(RemoteWebElement.java:246)
	at org.openqa.selenium.remote.RemoteWebElement.click(RemoteWebElement.java:79)
	at com.YouMagicPro.LKA_tests.GroupsOneInNumberTest.groupsTest(GroupsOneInNumberTest.java:16)
	at sun.reflect.NativeMethodAccessorImpl.invoke0(Native Method)
	at sun.reflect.NativeMethodAccessorImpl.invoke(NativeMethodAccessorImpl.java:57)
	at sun.reflect.DelegatingMethodAccessorImpl.invoke(DelegatingMethodAccessorImpl.java:43)
	at java.lang.reflect.Method.invoke(Method.java:601)
	at org.testng.internal.MethodInvocationHelper.invokeMethod(MethodInvocationHelper.java:80)
	at org.testng.internal.Invoker.invokeMethod(Invoker.java:714)
	at org.testng.internal.Invoker.invokeTestMethod(Invoker.java:901)
	at org.testng.internal.Invoker.invokeTestMethods(Invoker.java:1231)
	at org.testng.internal.TestMethodWorker.invokeTestMethods(TestMethodWorker.java:127)
	at org.testng.internal.TestMethodWorker.run(TestMethodWorker.java:111)
	at org.testng.TestRunner.privateRun(TestRunner.java:767)
	at org.testng.TestRunner.run(TestRunner.java:617)
	at org.testng.SuiteRunner.runTest(SuiteRunner.java:334)
	at org.testng.SuiteRunner.runSequentially(SuiteRunner.java:329)
	at org.testng.SuiteRunner.privateRun(SuiteRunner.java:291)
	at org.testng.SuiteRunner.run(SuiteRunner.java:240)
	at org.testng.SuiteRunnerWorker.runSuite(SuiteRunnerWorker.java:52)
	at org.testng.SuiteRunnerWorker.run(SuiteRunnerWorker.java:86)
	at org.testng.TestNG.runSuitesSequentially(TestNG.java:1198)
	at org.testng.TestNG.runSuitesLocally(TestNG.java:1123)
	at org.testng.TestNG.run(TestNG.java:1031)
	at org.apache.maven.surefire.testng.TestNGExecutor.run(TestNGExecutor.java:122)
	at org.apache.maven.surefire.testng.TestNGXmlTestSuite.execute(TestNGXmlTestSuite.java:88)
	at org.apache.maven.surefire.testng.TestNGProvider.invoke(TestNGProvider.java:104)
	at sun.reflect.NativeMethodAccessorImpl.invoke0(Native Method)
	at sun.reflect.NativeMethodAccessorImpl.invoke(NativeMethodAccessorImpl.java:57)
	at sun.reflect.DelegatingMethodAccessorImpl.invoke(DelegatingMethodAccessorImpl.java:43)
	at java.lang.reflect.Method.invoke(Method.java:601)
	at org.apache.maven.surefire.booter.ProviderFactory$ClassLoaderProxy.invoke(ProviderFactory.java:103)
	at $Proxy0.invoke(Unknown Source)
	at org.apache.maven.surefire.booter.SurefireStarter.invokeProvider(SurefireStarter.java:150)
	at org.apache.maven.surefire.booter.SurefireStarter.runSuitesInProcess(SurefireStarter.java:91)
	at org.apache.maven.surefire.booter.ForkedBooter.main(ForkedBooter.java:69)
<br/> org.openqa.selenium.WebDriverException: Element is not clickable at point (118.5, 428). Other element would receive the click: &lt;img id=&quot;1&quot; class=&quot;slideimage&quot; src=&quot;/sites/all/modules/contrib/umagicpro_instructions/images/home.png&quot; data-title=&quot;    YouMagic.Pro!&quot;&gt; (WARNING: The server did not provide any stacktrace information)
Command duration or timeout: 29 milliseconds
Build info: version: &apos;2.26.0&apos;, revision: &apos;18040&apos;, time: &apos;2012-11-02 09:44:45&apos;
System info: os.name: &apos;Windows 7&apos;, os.arch: &apos;amd64&apos;, os.version: &apos;6.1&apos;, java.version: &apos;1.7.0_05&apos;
Driver info: driver.version: RemoteWebDriver
Session ID: 460f878ee1baea9663f9ca6cf8170f91
	at sun.reflect.NativeConstructorAccessorImpl.newInstance0(Native Method)
	at sun.reflect.NativeConstructorAccessorImpl.newInstance(NativeConstructorAccessorImpl.java:57)
	at sun.reflect.DelegatingConstructorAccessorImpl.newInstance(DelegatingConstructorAccessorImpl.java:45)
	at java.lang.reflect.Constructor.newInstance(Constructor.java:525)
	at org.openqa.selenium.remote.ErrorHandler.createThrowable(ErrorHandler.java:188)
	at org.openqa.selenium.remote.ErrorHandler.throwIfResponseFailed(ErrorHandler.java:145)
	at org.openqa.selenium.remote.RemoteWebDriver.execute(RemoteWebDriver.java:531)
	at org.openqa.selenium.remote.RemoteWebElement.execute(RemoteWebElement.java:246)
	at org.openqa.selenium.remote.RemoteWebElement.click(RemoteWebElement.java:79)
	at com.YouMagicPro.LKA_tests.GroupsOneInNumberTest.groupsTest(GroupsOneInNumberTest.java:16)
	at sun.reflect.NativeMethodAccessorImpl.invoke0(Native Method)
	at sun.reflect.NativeMethodAccessorImpl.invoke(NativeMethodAccessorImpl.java:57)
	at sun.reflect.DelegatingMethodAccessorImpl.invoke(DelegatingMethodAccessorImpl.java:43)
	at java.lang.reflect.Method.invoke(Method.java:601)
	at org.testng.internal.MethodInvocationHelper.invokeMethod(MethodInvocationHelper.java:80)
	at org.testng.internal.Invoker.invokeMethod(Invoker.java:714)
	at org.testng.internal.Invoker.invokeTestMethod(Invoker.java:901)
	at org.testng.internal.Invoker.invokeTestMethods(Invoker.java:1231)
	at org.testng.internal.TestMethodWorker.invokeTestMethods(TestMethodWorker.java:127)
	at org.testng.internal.TestMethodWorker.run(TestMethodWorker.java:111)
	at org.testng.TestRunner.privateRun(TestRunner.java:767)
	at org.testng.TestRunner.run(TestRunner.java:617)
	at org.testng.SuiteRunner.runTest(SuiteRunner.java:334)
	at org.testng.SuiteRunner.runSequentially(SuiteRunner.java:329)
	at org.testng.SuiteRunner.privateRun(SuiteRunner.java:291)
	at org.testng.SuiteRunner.run(SuiteRunner.java:240)
	at org.testng.SuiteRunnerWorker.runSuite(SuiteRunnerWorker.java:52)
	at org.testng.SuiteRunnerWorker.run(SuiteRunnerWorker.java:86)
	at org.testng.TestNG.runSuitesSequentially(TestNG.java:1198)
	at org.testng.TestNG.runSuitesLocally(TestNG.java:1123)
	at org.testng.TestNG.run(TestNG.java:1031)
	at org.apache.maven.surefire.testng.TestNGExecutor.run(TestNGExecutor.java:122)
	at org.apache.maven.surefire.testng.TestNGXmlTestSuite.execute(TestNGXmlTestSuite.java:88)
	at org.apache.maven.surefire.testng.TestNGProvider.invoke(TestNGProvider.java:104)
	at sun.reflect.NativeMethodAccessorImpl.invoke0(Native Method)
	at sun.reflect.NativeMethodAccessorImpl.invoke(NativeMethodAccessorImpl.java:57)
	at sun.reflect.DelegatingMethodAccessorImpl.invoke(DelegatingMethodAccessorImpl.java:43)
	at java.lang.reflect.Method.invoke(Method.java:601)
	at org.apache.maven.surefire.booter.ProviderFactory$ClassLoaderProxy.invoke(ProviderFactory.java:103)
	at $Proxy0.invoke(Unknown Source)
	at org.apache.maven.surefire.booter.SurefireStarter.invokeProvider(SurefireStarter.java:150)
	at org.apache.maven.surefire.booter.SurefireStarter.runSuitesInProcess(SurefireStarter.java:91)
	at org.apache.maven.surefire.booter.ForkedBooter.main(ForkedBooter.java:69)
"</b><br>sun.reflect.NativeConstructorAccessorImpl.newInstance0(Native Method)<br>sun.reflect.NativeConstructorAccessorImpl.newInstance(NativeConstructorAccessorImpl.java:57)<br>sun.reflect.DelegatingConstructorAccessorImpl.newInstance(DelegatingConstructorAccessorImpl.java:45)<br>java.lang.reflect.Constructor.newInstance(Constructor.java:525)<br>org.openqa.selenium.remote.ErrorHandler.createThrowable(ErrorHandler.java:188)<br>org.openqa.selenium.remote.ErrorHandler.throwIfResponseFailed(ErrorHandler.java:145)<br>org.openqa.selenium.remote.RemoteWebDriver.execute(RemoteWebDriver.java:531)<br>org.openqa.selenium.remote.RemoteWebElement.execute(RemoteWebElement.java:246)<br>org.openqa.selenium.remote.RemoteWebElement.click(RemoteWebElement.java:79)<br>com.YouMagicPro.LKA_tests.GroupsOneInNumberTest.groupsTest(GroupsOneInNumberTest.java:16)<br>sun.reflect.NativeMethodAccessorImpl.invoke0(Native Method)<br>sun.reflect.NativeMethodAccessorImpl.invoke(NativeMethodAccessorImpl.java:57)<br>sun.reflect.DelegatingMethodAccessorImpl.invoke(DelegatingMethodAccessorImpl.java:43)<br>java.lang.reflect.Method.invoke(Method.java:601)<br>org.testng.internal.MethodInvocationHelper.invokeMethod(MethodInvocationHelper.java:80)<br>org.testng.internal.Invoker.invokeMethod(Invoker.java:714)<br>org.testng.internal.Invoker.invokeTestMethod(Invoker.java:901)<br>org.testng.internal.Invoker.invokeTestMethods(Invoker.java:1231)<br>org.testng.internal.TestMethodWorker.invokeTestMethods(TestMethodWorker.java:127)<br>org.testng.internal.TestMethodWorker.run(TestMethodWorker.java:111)<br>org.testng.TestRunner.privateRun(TestRunner.java:767)<br>org.testng.TestRunner.run(TestRunner.java:617)<br>org.testng.SuiteRunner.runTest(SuiteRunner.java:334)<br>org.testng.SuiteRunner.runSequentially(SuiteRunner.java:329)<br>org.testng.SuiteRunner.privateRun(SuiteRunner.java:291)<br>org.testng.SuiteRunner.run(SuiteRunner.java:240)<br>org.testng.SuiteRunnerWorker.runSuite(SuiteRunnerWorker.java:52)<br>org.testng.SuiteRunnerWorker.run(SuiteRunnerWorker.java:86)<br>org.testng.TestNG.runSuitesSequentially(TestNG.java:1198)<br>org.testng.TestNG.runSuitesLocally(TestNG.java:1123)<br>org.testng.TestNG.run(TestNG.java:1031)<br>org.apache.maven.surefire.testng.TestNGExecutor.run(TestNGExecutor.java:122)<br>org.apache.maven.surefire.testng.TestNGXmlTestSuite.execute(TestNGXmlTestSuite.java:88)<br>org.apache.maven.surefire.testng.TestNGProvider.invoke(TestNGProvider.java:104)<br>sun.reflect.NativeMethodAccessorImpl.invoke0(Native Method)<br>sun.reflect.NativeMethodAccessorImpl.invoke(NativeMethodAccessorImpl.java:57)<br>sun.reflect.DelegatingMethodAccessorImpl.invoke(DelegatingMethodAccessorImpl.java:43)<br>java.lang.reflect.Method.invoke(Method.java:601)<br>org.apache.maven.surefire.booter.ProviderFactory$ClassLoaderProxy.invoke(ProviderFactory.java:103)<br>$Proxy0.invoke(Unknown Source)<br>org.apache.maven.surefire.booter.SurefireStarter.invokeProvider(SurefireStarter.java:150)<br>org.apache.maven.surefire.booter.SurefireStarter.runSuitesInProcess(SurefireStarter.java:91)<br>org.apache.maven.surefire.booter.ForkedBooter.main(ForkedBooter.java:69)<br>
</div> <!-- stack-trace -->
                </div> <!-- method-content -->
              </div> <!-- method -->
            </div> <!-- main-panel-content rounded-window-bottom -->
          </div> <!-- suite-com.YouMagicPro.LKA_tests-class-failed -->
          <div class="suite-com.YouMagicPro.LKA_tests-class-failed">
            <div class="main-panel-header rounded-window-top">
              <img src="failed.png"/>
              <span class="class-name">com.YouMagicPro.LKA_tests.ContractInnOneInTextFieldTest</span>
            </div> <!-- main-panel-header rounded-window-top -->
            <div class="main-panel-content rounded-window-bottom">
              <div class="method">
                <div class="method-content">
                  <a name="contractInnOneInTextFieldTest_C15028">
                  </a> <!-- contractInnOneInTextFieldTest_C15028 -->
                  <span class="method-name">contractInnOneInTextFieldTest_C15028</span>
                  <div class="stack-trace"><b>"org.openqa.selenium.WebDriverException: Element is not clickable at point (555, 381). Other element would receive the click: &lt;img id=&quot;1&quot; class=&quot;slideimage&quot; src=&quot;/sites/all/modules/contrib/umagicpro_instructions/images/home.png&quot; data-title=&quot;    YouMagic.Pro!&quot;&gt; (WARNING: The server did not provide any stacktrace information)
Command duration or timeout: 33 milliseconds
Build info: version: &apos;2.26.0&apos;, revision: &apos;18040&apos;, time: &apos;2012-11-02 09:44:45&apos;
System info: os.name: &apos;Windows 7&apos;, os.arch: &apos;amd64&apos;, os.version: &apos;6.1&apos;, java.version: &apos;1.7.0_05&apos;
Driver info: driver.version: RemoteWebDriver
Session ID: aab41033625dc2508e332250dcfabb57
	at sun.reflect.NativeConstructorAccessorImpl.newInstance0(Native Method)
	at sun.reflect.NativeConstructorAccessorImpl.newInstance(NativeConstructorAccessorImpl.java:57)
	at sun.reflect.DelegatingConstructorAccessorImpl.newInstance(DelegatingConstructorAccessorImpl.java:45)
	at java.lang.reflect.Constructor.newInstance(Constructor.java:525)
	at org.openqa.selenium.remote.ErrorHandler.createThrowable(ErrorHandler.java:188)
	at org.openqa.selenium.remote.ErrorHandler.throwIfResponseFailed(ErrorHandler.java:145)
	at org.openqa.selenium.remote.RemoteWebDriver.execute(RemoteWebDriver.java:531)
	at org.openqa.selenium.remote.RemoteWebElement.execute(RemoteWebElement.java:246)
	at org.openqa.selenium.remote.RemoteWebElement.click(RemoteWebElement.java:79)
	at com.YouMagicPro.LKA_tests.TestBase.waitContractPageToLoad(TestBase.java:138)
	at com.YouMagicPro.LKA_tests.ContractInnOneInTextFieldTest.contractInnOneInTextFieldTest_C15028(ContractInnOneInTextFieldTest.java:8)
	at sun.reflect.NativeMethodAccessorImpl.invoke0(Native Method)
	at sun.reflect.NativeMethodAccessorImpl.invoke(NativeMethodAccessorImpl.java:57)
	at sun.reflect.DelegatingMethodAccessorImpl.invoke(DelegatingMethodAccessorImpl.java:43)
	at java.lang.reflect.Method.invoke(Method.java:601)
	at org.testng.internal.MethodInvocationHelper.invokeMethod(MethodInvocationHelper.java:80)
	at org.testng.internal.Invoker.invokeMethod(Invoker.java:714)
	at org.testng.internal.Invoker.invokeTestMethod(Invoker.java:901)
	at org.testng.internal.Invoker.invokeTestMethods(Invoker.java:1231)
	at org.testng.internal.TestMethodWorker.invokeTestMethods(TestMethodWorker.java:127)
	at org.testng.internal.TestMethodWorker.run(TestMethodWorker.java:111)
	at org.testng.TestRunner.privateRun(TestRunner.java:767)
	at org.testng.TestRunner.run(TestRunner.java:617)
	at org.testng.SuiteRunner.runTest(SuiteRunner.java:334)
	at org.testng.SuiteRunner.runSequentially(SuiteRunner.java:329)
	at org.testng.SuiteRunner.privateRun(SuiteRunner.java:291)
	at org.testng.SuiteRunner.run(SuiteRunner.java:240)
	at org.testng.SuiteRunnerWorker.runSuite(SuiteRunnerWorker.java:52)
	at org.testng.SuiteRunnerWorker.run(SuiteRunnerWorker.java:86)
	at org.testng.TestNG.runSuitesSequentially(TestNG.java:1198)
	at org.testng.TestNG.runSuitesLocally(TestNG.java:1123)
	at org.testng.TestNG.run(TestNG.java:1031)
	at org.apache.maven.surefire.testng.TestNGExecutor.run(TestNGExecutor.java:122)
	at org.apache.maven.surefire.testng.TestNGXmlTestSuite.execute(TestNGXmlTestSuite.java:88)
	at org.apache.maven.surefire.testng.TestNGProvider.invoke(TestNGProvider.java:104)
	at sun.reflect.NativeMethodAccessorImpl.invoke0(Native Method)
	at sun.reflect.NativeMethodAccessorImpl.invoke(NativeMethodAccessorImpl.java:57)
	at sun.reflect.DelegatingMethodAccessorImpl.invoke(DelegatingMethodAccessorImpl.java:43)
	at java.lang.reflect.Method.invoke(Method.java:601)
	at org.apache.maven.surefire.booter.ProviderFactory$ClassLoaderProxy.invoke(ProviderFactory.java:103)
	at $Proxy0.invoke(Unknown Source)
	at org.apache.maven.surefire.booter.SurefireStarter.invokeProvider(SurefireStarter.java:150)
	at org.apache.maven.surefire.booter.SurefireStarter.runSuitesInProcess(SurefireStarter.java:91)
	at org.apache.maven.surefire.booter.ForkedBooter.main(ForkedBooter.java:69)
<br/> org.openqa.selenium.WebDriverException: Element is not clickable at point (555, 381). Other element would receive the click: &lt;img id=&quot;1&quot; class=&quot;slideimage&quot; src=&quot;/sites/all/modules/contrib/umagicpro_instructions/images/home.png&quot; data-title=&quot;    YouMagic.Pro!&quot;&gt; (WARNING: The server did not provide any stacktrace information)
Command duration or timeout: 33 milliseconds
Build info: version: &apos;2.26.0&apos;, revision: &apos;18040&apos;, time: &apos;2012-11-02 09:44:45&apos;
System info: os.name: &apos;Windows 7&apos;, os.arch: &apos;amd64&apos;, os.version: &apos;6.1&apos;, java.version: &apos;1.7.0_05&apos;
Driver info: driver.version: RemoteWebDriver
Session ID: aab41033625dc2508e332250dcfabb57
	at sun.reflect.NativeConstructorAccessorImpl.newInstance0(Native Method)
	at sun.reflect.NativeConstructorAccessorImpl.newInstance(NativeConstructorAccessorImpl.java:57)
	at sun.reflect.DelegatingConstructorAccessorImpl.newInstance(DelegatingConstructorAccessorImpl.java:45)
	at java.lang.reflect.Constructor.newInstance(Constructor.java:525)
	at org.openqa.selenium.remote.ErrorHandler.createThrowable(ErrorHandler.java:188)
	at org.openqa.selenium.remote.ErrorHandler.throwIfResponseFailed(ErrorHandler.java:145)
	at org.openqa.selenium.remote.RemoteWebDriver.execute(RemoteWebDriver.java:531)
	at org.openqa.selenium.remote.RemoteWebElement.execute(RemoteWebElement.java:246)
	at org.openqa.selenium.remote.RemoteWebElement.click(RemoteWebElement.java:79)
	at com.YouMagicPro.LKA_tests.TestBase.waitContractPageToLoad(TestBase.java:138)
	at com.YouMagicPro.LKA_tests.ContractInnOneInTextFieldTest.contractInnOneInTextFieldTest_C15028(ContractInnOneInTextFieldTest.java:8)
	at sun.reflect.NativeMethodAccessorImpl.invoke0(Native Method)
	at sun.reflect.NativeMethodAccessorImpl.invoke(NativeMethodAccessorImpl.java:57)
	at sun.reflect.DelegatingMethodAccessorImpl.invoke(DelegatingMethodAccessorImpl.java:43)
	at java.lang.reflect.Method.invoke(Method.java:601)
	at org.testng.internal.MethodInvocationHelper.invokeMethod(MethodInvocationHelper.java:80)
	at org.testng.internal.Invoker.invokeMethod(Invoker.java:714)
	at org.testng.internal.Invoker.invokeTestMethod(Invoker.java:901)
	at org.testng.internal.Invoker.invokeTestMethods(Invoker.java:1231)
	at org.testng.internal.TestMethodWorker.invokeTestMethods(TestMethodWorker.java:127)
	at org.testng.internal.TestMethodWorker.run(TestMethodWorker.java:111)
	at org.testng.TestRunner.privateRun(TestRunner.java:767)
	at org.testng.TestRunner.run(TestRunner.java:617)
	at org.testng.SuiteRunner.runTest(SuiteRunner.java:334)
	at org.testng.SuiteRunner.runSequentially(SuiteRunner.java:329)
	at org.testng.SuiteRunner.privateRun(SuiteRunner.java:291)
	at org.testng.SuiteRunner.run(SuiteRunner.java:240)
	at org.testng.SuiteRunnerWorker.runSuite(SuiteRunnerWorker.java:52)
	at org.testng.SuiteRunnerWorker.run(SuiteRunnerWorker.java:86)
	at org.testng.TestNG.runSuitesSequentially(TestNG.java:1198)
	at org.testng.TestNG.runSuitesLocally(TestNG.java:1123)
	at org.testng.TestNG.run(TestNG.java:1031)
	at org.apache.maven.surefire.testng.TestNGExecutor.run(TestNGExecutor.java:122)
	at org.apache.maven.surefire.testng.TestNGXmlTestSuite.execute(TestNGXmlTestSuite.java:88)
	at org.apache.maven.surefire.testng.TestNGProvider.invoke(TestNGProvider.java:104)
	at sun.reflect.NativeMethodAccessorImpl.invoke0(Native Method)
	at sun.reflect.NativeMethodAccessorImpl.invoke(NativeMethodAccessorImpl.java:57)
	at sun.reflect.DelegatingMethodAccessorImpl.invoke(DelegatingMethodAccessorImpl.java:43)
	at java.lang.reflect.Method.invoke(Method.java:601)
	at org.apache.maven.surefire.booter.ProviderFactory$ClassLoaderProxy.invoke(ProviderFactory.java:103)
	at $Proxy0.invoke(Unknown Source)
	at org.apache.maven.surefire.booter.SurefireStarter.invokeProvider(SurefireStarter.java:150)
	at org.apache.maven.surefire.booter.SurefireStarter.runSuitesInProcess(SurefireStarter.java:91)
	at org.apache.maven.surefire.booter.ForkedBooter.main(ForkedBooter.java:69)
"</b><br>sun.reflect.NativeConstructorAccessorImpl.newInstance0(Native Method)<br>sun.reflect.NativeConstructorAccessorImpl.newInstance(NativeConstructorAccessorImpl.java:57)<br>sun.reflect.DelegatingConstructorAccessorImpl.newInstance(DelegatingConstructorAccessorImpl.java:45)<br>java.lang.reflect.Constructor.newInstance(Constructor.java:525)<br>org.openqa.selenium.remote.ErrorHandler.createThrowable(ErrorHandler.java:188)<br>org.openqa.selenium.remote.ErrorHandler.throwIfResponseFailed(ErrorHandler.java:145)<br>org.openqa.selenium.remote.RemoteWebDriver.execute(RemoteWebDriver.java:531)<br>org.openqa.selenium.remote.RemoteWebElement.execute(RemoteWebElement.java:246)<br>org.openqa.selenium.remote.RemoteWebElement.click(RemoteWebElement.java:79)<br>com.YouMagicPro.LKA_tests.TestBase.waitContractPageToLoad(TestBase.java:138)<br>com.YouMagicPro.LKA_tests.ContractInnOneInTextFieldTest.contractInnOneInTextFieldTest_C15028(ContractInnOneInTextFieldTest.java:8)<br>sun.reflect.NativeMethodAccessorImpl.invoke0(Native Method)<br>sun.reflect.NativeMethodAccessorImpl.invoke(NativeMethodAccessorImpl.java:57)<br>sun.reflect.DelegatingMethodAccessorImpl.invoke(DelegatingMethodAccessorImpl.java:43)<br>java.lang.reflect.Method.invoke(Method.java:601)<br>org.testng.internal.MethodInvocationHelper.invokeMethod(MethodInvocationHelper.java:80)<br>org.testng.internal.Invoker.invokeMethod(Invoker.java:714)<br>org.testng.internal.Invoker.invokeTestMethod(Invoker.java:901)<br>org.testng.internal.Invoker.invokeTestMethods(Invoker.java:1231)<br>org.testng.internal.TestMethodWorker.invokeTestMethods(TestMethodWorker.java:127)<br>org.testng.internal.TestMethodWorker.run(TestMethodWorker.java:111)<br>org.testng.TestRunner.privateRun(TestRunner.java:767)<br>org.testng.TestRunner.run(TestRunner.java:617)<br>org.testng.SuiteRunner.runTest(SuiteRunner.java:334)<br>org.testng.SuiteRunner.runSequentially(SuiteRunner.java:329)<br>org.testng.SuiteRunner.privateRun(SuiteRunner.java:291)<br>org.testng.SuiteRunner.run(SuiteRunner.java:240)<br>org.testng.SuiteRunnerWorker.runSuite(SuiteRunnerWorker.java:52)<br>org.testng.SuiteRunnerWorker.run(SuiteRunnerWorker.java:86)<br>org.testng.TestNG.runSuitesSequentially(TestNG.java:1198)<br>org.testng.TestNG.runSuitesLocally(TestNG.java:1123)<br>org.testng.TestNG.run(TestNG.java:1031)<br>org.apache.maven.surefire.testng.TestNGExecutor.run(TestNGExecutor.java:122)<br>org.apache.maven.surefire.testng.TestNGXmlTestSuite.execute(TestNGXmlTestSuite.java:88)<br>org.apache.maven.surefire.testng.TestNGProvider.invoke(TestNGProvider.java:104)<br>sun.reflect.NativeMethodAccessorImpl.invoke0(Native Method)<br>sun.reflect.NativeMethodAccessorImpl.invoke(NativeMethodAccessorImpl.java:57)<br>sun.reflect.DelegatingMethodAccessorImpl.invoke(DelegatingMethodAccessorImpl.java:43)<br>java.lang.reflect.Method.invoke(Method.java:601)<br>org.apache.maven.surefire.booter.ProviderFactory$ClassLoaderProxy.invoke(ProviderFactory.java:103)<br>$Proxy0.invoke(Unknown Source)<br>org.apache.maven.surefire.booter.SurefireStarter.invokeProvider(SurefireStarter.java:150)<br>org.apache.maven.surefire.booter.SurefireStarter.runSuitesInProcess(SurefireStarter.java:91)<br>org.apache.maven.surefire.booter.ForkedBooter.main(ForkedBooter.java:69)<br>
</div> <!-- stack-trace -->
                </div> <!-- method-content -->
              </div> <!-- method -->
            </div> <!-- main-panel-content rounded-window-bottom -->
          </div> <!-- suite-com.YouMagicPro.LKA_tests-class-failed -->
          <div class="suite-com.YouMagicPro.LKA_tests-class-failed">
            <div class="main-panel-header rounded-window-top">
              <img src="failed.png"/>
              <span class="class-name">com.YouMagicPro.LKA_tests.Buying804NumberCategoriesOfNumbers</span>
            </div> <!-- main-panel-header rounded-window-top -->
            <div class="main-panel-content rounded-window-bottom">
              <div class="method">
                <div class="method-content">
                  <a name="buying804NumberCategoriesOfNumbers_C25622">
                  </a> <!-- buying804NumberCategoriesOfNumbers_C25622 -->
                  <span class="method-name">buying804NumberCategoriesOfNumbers_C25622</span>
                  <div class="stack-trace"><b>"org.openqa.selenium.WebDriverException: Element is not clickable at point (555, 381). Other element would receive the click: &lt;img id=&quot;1&quot; class=&quot;slideimage&quot; src=&quot;/sites/all/modules/contrib/umagicpro_instructions/images/home.png&quot; data-title=&quot;    YouMagic.Pro!&quot;&gt; (WARNING: The server did not provide any stacktrace information)
Command duration or timeout: 32 milliseconds
Build info: version: &apos;2.26.0&apos;, revision: &apos;18040&apos;, time: &apos;2012-11-02 09:44:45&apos;
System info: os.name: &apos;Windows 7&apos;, os.arch: &apos;amd64&apos;, os.version: &apos;6.1&apos;, java.version: &apos;1.7.0_05&apos;
Driver info: driver.version: RemoteWebDriver
Session ID: 6752d5fad075b76405e9a4ba98709f8e
	at sun.reflect.NativeConstructorAccessorImpl.newInstance0(Native Method)
	at sun.reflect.NativeConstructorAccessorImpl.newInstance(NativeConstructorAccessorImpl.java:57)
	at sun.reflect.DelegatingConstructorAccessorImpl.newInstance(DelegatingConstructorAccessorImpl.java:45)
	at java.lang.reflect.Constructor.newInstance(Constructor.java:525)
	at org.openqa.selenium.remote.ErrorHandler.createThrowable(ErrorHandler.java:188)
	at org.openqa.selenium.remote.ErrorHandler.throwIfResponseFailed(ErrorHandler.java:145)
	at org.openqa.selenium.remote.RemoteWebDriver.execute(RemoteWebDriver.java:531)
	at org.openqa.selenium.remote.RemoteWebElement.execute(RemoteWebElement.java:246)
	at org.openqa.selenium.remote.RemoteWebElement.click(RemoteWebElement.java:79)
	at com.YouMagicPro.LKA_tests.TestBase.waitAdminPageToLoad(TestBase.java:111)
	at com.YouMagicPro.LKA_tests.Buying804NumberCategoriesOfNumbers.buying804NumberCategoriesOfNumbers_C25622(Buying804NumberCategoriesOfNumbers.java:11)
	at sun.reflect.NativeMethodAccessorImpl.invoke0(Native Method)
	at sun.reflect.NativeMethodAccessorImpl.invoke(NativeMethodAccessorImpl.java:57)
	at sun.reflect.DelegatingMethodAccessorImpl.invoke(DelegatingMethodAccessorImpl.java:43)
	at java.lang.reflect.Method.invoke(Method.java:601)
	at org.testng.internal.MethodInvocationHelper.invokeMethod(MethodInvocationHelper.java:80)
	at org.testng.internal.Invoker.invokeMethod(Invoker.java:714)
	at org.testng.internal.Invoker.invokeTestMethod(Invoker.java:901)
	at org.testng.internal.Invoker.invokeTestMethods(Invoker.java:1231)
	at org.testng.internal.TestMethodWorker.invokeTestMethods(TestMethodWorker.java:127)
	at org.testng.internal.TestMethodWorker.run(TestMethodWorker.java:111)
	at org.testng.TestRunner.privateRun(TestRunner.java:767)
	at org.testng.TestRunner.run(TestRunner.java:617)
	at org.testng.SuiteRunner.runTest(SuiteRunner.java:334)
	at org.testng.SuiteRunner.runSequentially(SuiteRunner.java:329)
	at org.testng.SuiteRunner.privateRun(SuiteRunner.java:291)
	at org.testng.SuiteRunner.run(SuiteRunner.java:240)
	at org.testng.SuiteRunnerWorker.runSuite(SuiteRunnerWorker.java:52)
	at org.testng.SuiteRunnerWorker.run(SuiteRunnerWorker.java:86)
	at org.testng.TestNG.runSuitesSequentially(TestNG.java:1198)
	at org.testng.TestNG.runSuitesLocally(TestNG.java:1123)
	at org.testng.TestNG.run(TestNG.java:1031)
	at org.apache.maven.surefire.testng.TestNGExecutor.run(TestNGExecutor.java:122)
	at org.apache.maven.surefire.testng.TestNGXmlTestSuite.execute(TestNGXmlTestSuite.java:88)
	at org.apache.maven.surefire.testng.TestNGProvider.invoke(TestNGProvider.java:104)
	at sun.reflect.NativeMethodAccessorImpl.invoke0(Native Method)
	at sun.reflect.NativeMethodAccessorImpl.invoke(NativeMethodAccessorImpl.java:57)
	at sun.reflect.DelegatingMethodAccessorImpl.invoke(DelegatingMethodAccessorImpl.java:43)
	at java.lang.reflect.Method.invoke(Method.java:601)
	at org.apache.maven.surefire.booter.ProviderFactory$ClassLoaderProxy.invoke(ProviderFactory.java:103)
	at $Proxy0.invoke(Unknown Source)
	at org.apache.maven.surefire.booter.SurefireStarter.invokeProvider(SurefireStarter.java:150)
	at org.apache.maven.surefire.booter.SurefireStarter.runSuitesInProcess(SurefireStarter.java:91)
	at org.apache.maven.surefire.booter.ForkedBooter.main(ForkedBooter.java:69)
<br/> org.openqa.selenium.WebDriverException: Element is not clickable at point (555, 381). Other element would receive the click: &lt;img id=&quot;1&quot; class=&quot;slideimage&quot; src=&quot;/sites/all/modules/contrib/umagicpro_instructions/images/home.png&quot; data-title=&quot;    YouMagic.Pro!&quot;&gt; (WARNING: The server did not provide any stacktrace information)
Command duration or timeout: 32 milliseconds
Build info: version: &apos;2.26.0&apos;, revision: &apos;18040&apos;, time: &apos;2012-11-02 09:44:45&apos;
System info: os.name: &apos;Windows 7&apos;, os.arch: &apos;amd64&apos;, os.version: &apos;6.1&apos;, java.version: &apos;1.7.0_05&apos;
Driver info: driver.version: RemoteWebDriver
Session ID: 6752d5fad075b76405e9a4ba98709f8e
	at sun.reflect.NativeConstructorAccessorImpl.newInstance0(Native Method)
	at sun.reflect.NativeConstructorAccessorImpl.newInstance(NativeConstructorAccessorImpl.java:57)
	at sun.reflect.DelegatingConstructorAccessorImpl.newInstance(DelegatingConstructorAccessorImpl.java:45)
	at java.lang.reflect.Constructor.newInstance(Constructor.java:525)
	at org.openqa.selenium.remote.ErrorHandler.createThrowable(ErrorHandler.java:188)
	at org.openqa.selenium.remote.ErrorHandler.throwIfResponseFailed(ErrorHandler.java:145)
	at org.openqa.selenium.remote.RemoteWebDriver.execute(RemoteWebDriver.java:531)
	at org.openqa.selenium.remote.RemoteWebElement.execute(RemoteWebElement.java:246)
	at org.openqa.selenium.remote.RemoteWebElement.click(RemoteWebElement.java:79)
	at com.YouMagicPro.LKA_tests.TestBase.waitAdminPageToLoad(TestBase.java:111)
	at com.YouMagicPro.LKA_tests.Buying804NumberCategoriesOfNumbers.buying804NumberCategoriesOfNumbers_C25622(Buying804NumberCategoriesOfNumbers.java:11)
	at sun.reflect.NativeMethodAccessorImpl.invoke0(Native Method)
	at sun.reflect.NativeMethodAccessorImpl.invoke(NativeMethodAccessorImpl.java:57)
	at sun.reflect.DelegatingMethodAccessorImpl.invoke(DelegatingMethodAccessorImpl.java:43)
	at java.lang.reflect.Method.invoke(Method.java:601)
	at org.testng.internal.MethodInvocationHelper.invokeMethod(MethodInvocationHelper.java:80)
	at org.testng.internal.Invoker.invokeMethod(Invoker.java:714)
	at org.testng.internal.Invoker.invokeTestMethod(Invoker.java:901)
	at org.testng.internal.Invoker.invokeTestMethods(Invoker.java:1231)
	at org.testng.internal.TestMethodWorker.invokeTestMethods(TestMethodWorker.java:127)
	at org.testng.internal.TestMethodWorker.run(TestMethodWorker.java:111)
	at org.testng.TestRunner.privateRun(TestRunner.java:767)
	at org.testng.TestRunner.run(TestRunner.java:617)
	at org.testng.SuiteRunner.runTest(SuiteRunner.java:334)
	at org.testng.SuiteRunner.runSequentially(SuiteRunner.java:329)
	at org.testng.SuiteRunner.privateRun(SuiteRunner.java:291)
	at org.testng.SuiteRunner.run(SuiteRunner.java:240)
	at org.testng.SuiteRunnerWorker.runSuite(SuiteRunnerWorker.java:52)
	at org.testng.SuiteRunnerWorker.run(SuiteRunnerWorker.java:86)
	at org.testng.TestNG.runSuitesSequentially(TestNG.java:1198)
	at org.testng.TestNG.runSuitesLocally(TestNG.java:1123)
	at org.testng.TestNG.run(TestNG.java:1031)
	at org.apache.maven.surefire.testng.TestNGExecutor.run(TestNGExecutor.java:122)
	at org.apache.maven.surefire.testng.TestNGXmlTestSuite.execute(TestNGXmlTestSuite.java:88)
	at org.apache.maven.surefire.testng.TestNGProvider.invoke(TestNGProvider.java:104)
	at sun.reflect.NativeMethodAccessorImpl.invoke0(Native Method)
	at sun.reflect.NativeMethodAccessorImpl.invoke(NativeMethodAccessorImpl.java:57)
	at sun.reflect.DelegatingMethodAccessorImpl.invoke(DelegatingMethodAccessorImpl.java:43)
	at java.lang.reflect.Method.invoke(Method.java:601)
	at org.apache.maven.surefire.booter.ProviderFactory$ClassLoaderProxy.invoke(ProviderFactory.java:103)
	at $Proxy0.invoke(Unknown Source)
	at org.apache.maven.surefire.booter.SurefireStarter.invokeProvider(SurefireStarter.java:150)
	at org.apache.maven.surefire.booter.SurefireStarter.runSuitesInProcess(SurefireStarter.java:91)
	at org.apache.maven.surefire.booter.ForkedBooter.main(ForkedBooter.java:69)
"</b><br>sun.reflect.NativeConstructorAccessorImpl.newInstance0(Native Method)<br>sun.reflect.NativeConstructorAccessorImpl.newInstance(NativeConstructorAccessorImpl.java:57)<br>sun.reflect.DelegatingConstructorAccessorImpl.newInstance(DelegatingConstructorAccessorImpl.java:45)<br>java.lang.reflect.Constructor.newInstance(Constructor.java:525)<br>org.openqa.selenium.remote.ErrorHandler.createThrowable(ErrorHandler.java:188)<br>org.openqa.selenium.remote.ErrorHandler.throwIfResponseFailed(ErrorHandler.java:145)<br>org.openqa.selenium.remote.RemoteWebDriver.execute(RemoteWebDriver.java:531)<br>org.openqa.selenium.remote.RemoteWebElement.execute(RemoteWebElement.java:246)<br>org.openqa.selenium.remote.RemoteWebElement.click(RemoteWebElement.java:79)<br>com.YouMagicPro.LKA_tests.TestBase.waitAdminPageToLoad(TestBase.java:111)<br>com.YouMagicPro.LKA_tests.Buying804NumberCategoriesOfNumbers.buying804NumberCategoriesOfNumbers_C25622(Buying804NumberCategoriesOfNumbers.java:11)<br>sun.reflect.NativeMethodAccessorImpl.invoke0(Native Method)<br>sun.reflect.NativeMethodAccessorImpl.invoke(NativeMethodAccessorImpl.java:57)<br>sun.reflect.DelegatingMethodAccessorImpl.invoke(DelegatingMethodAccessorImpl.java:43)<br>java.lang.reflect.Method.invoke(Method.java:601)<br>org.testng.internal.MethodInvocationHelper.invokeMethod(MethodInvocationHelper.java:80)<br>org.testng.internal.Invoker.invokeMethod(Invoker.java:714)<br>org.testng.internal.Invoker.invokeTestMethod(Invoker.java:901)<br>org.testng.internal.Invoker.invokeTestMethods(Invoker.java:1231)<br>org.testng.internal.TestMethodWorker.invokeTestMethods(TestMethodWorker.java:127)<br>org.testng.internal.TestMethodWorker.run(TestMethodWorker.java:111)<br>org.testng.TestRunner.privateRun(TestRunner.java:767)<br>org.testng.TestRunner.run(TestRunner.java:617)<br>org.testng.SuiteRunner.runTest(SuiteRunner.java:334)<br>org.testng.SuiteRunner.runSequentially(SuiteRunner.java:329)<br>org.testng.SuiteRunner.privateRun(SuiteRunner.java:291)<br>org.testng.SuiteRunner.run(SuiteRunner.java:240)<br>org.testng.SuiteRunnerWorker.runSuite(SuiteRunnerWorker.java:52)<br>org.testng.SuiteRunnerWorker.run(SuiteRunnerWorker.java:86)<br>org.testng.TestNG.runSuitesSequentially(TestNG.java:1198)<br>org.testng.TestNG.runSuitesLocally(TestNG.java:1123)<br>org.testng.TestNG.run(TestNG.java:1031)<br>org.apache.maven.surefire.testng.TestNGExecutor.run(TestNGExecutor.java:122)<br>org.apache.maven.surefire.testng.TestNGXmlTestSuite.execute(TestNGXmlTestSuite.java:88)<br>org.apache.maven.surefire.testng.TestNGProvider.invoke(TestNGProvider.java:104)<br>sun.reflect.NativeMethodAccessorImpl.invoke0(Native Method)<br>sun.reflect.NativeMethodAccessorImpl.invoke(NativeMethodAccessorImpl.java:57)<br>sun.reflect.DelegatingMethodAccessorImpl.invoke(DelegatingMethodAccessorImpl.java:43)<br>java.lang.reflect.Method.invoke(Method.java:601)<br>org.apache.maven.surefire.booter.ProviderFactory$ClassLoaderProxy.invoke(ProviderFactory.java:103)<br>$Proxy0.invoke(Unknown Source)<br>org.apache.maven.surefire.booter.SurefireStarter.invokeProvider(SurefireStarter.java:150)<br>org.apache.maven.surefire.booter.SurefireStarter.runSuitesInProcess(SurefireStarter.java:91)<br>org.apache.maven.surefire.booter.ForkedBooter.main(ForkedBooter.java:69)<br>
</div> <!-- stack-trace -->
                </div> <!-- method-content -->
              </div> <!-- method -->
            </div> <!-- main-panel-content rounded-window-bottom -->
          </div> <!-- suite-com.YouMagicPro.LKA_tests-class-failed -->
          <div class="suite-com.YouMagicPro.LKA_tests-class-passed">
            <div class="main-panel-header rounded-window-top">
              <img src="passed.png"/>
              <span class="class-name">com.YouMagicPro.LKA_tests.ContractBankAccountTenInTextFieldTest</span>
            </div> <!-- main-panel-header rounded-window-top -->
            <div class="main-panel-content rounded-window-bottom">
              <div class="method">
                <div class="method-content">
                  <a name="contractBankAccountTenInTextFieldTest_C14994">
                  </a> <!-- contractBankAccountTenInTextFieldTest_C14994 -->
                  <span class="method-name">contractBankAccountTenInTextFieldTest_C14994</span>
                </div> <!-- method-content -->
              </div> <!-- method -->
            </div> <!-- main-panel-content rounded-window-bottom -->
          </div> <!-- suite-com.YouMagicPro.LKA_tests-class-passed -->
          <div class="suite-com.YouMagicPro.LKA_tests-class-passed">
            <div class="main-panel-header rounded-window-top">
              <img src="passed.png"/>
              <span class="class-name">com.YouMagicPro.LKA_tests.OrderByPickUpCancelButtonTest</span>
            </div> <!-- main-panel-header rounded-window-top -->
            <div class="main-panel-content rounded-window-bottom">
              <div class="method">
                <div class="method-content">
                  <a name="orderByPickUpCancelButtonTest_C25664">
                  </a> <!-- orderByPickUpCancelButtonTest_C25664 -->
                  <span class="method-name">orderByPickUpCancelButtonTest_C25664</span>
                </div> <!-- method-content -->
              </div> <!-- method -->
            </div> <!-- main-panel-content rounded-window-bottom -->
          </div> <!-- suite-com.YouMagicPro.LKA_tests-class-passed -->
          <div class="suite-com.YouMagicPro.LKA_tests-class-passed">
            <div class="main-panel-header rounded-window-top">
              <img src="passed.png"/>
              <span class="class-name">com.YouMagicPro.LKA_tests.ContractBikLettersAndNumbersInTextFieldTest</span>
            </div> <!-- main-panel-header rounded-window-top -->
            <div class="main-panel-content rounded-window-bottom">
              <div class="method">
                <div class="method-content">
                  <a name="contractBikTest_C15025">
                  </a> <!-- contractBikTest_C15025 -->
                  <span class="method-name">contractBikTest_C15025</span>
                </div> <!-- method-content -->
              </div> <!-- method -->
            </div> <!-- main-panel-content rounded-window-bottom -->
          </div> <!-- suite-com.YouMagicPro.LKA_tests-class-passed -->
          <div class="suite-com.YouMagicPro.LKA_tests-class-passed">
            <div class="main-panel-header rounded-window-top">
              <img src="passed.png"/>
              <span class="class-name">com.YouMagicPro.LKA_tests.OrderByPickUpChangeNameTest</span>
            </div> <!-- main-panel-header rounded-window-top -->
            <div class="main-panel-content rounded-window-bottom">
              <div class="method">
                <div class="method-content">
                  <a name="orderByPickUpChangeNameTest_C25668">
                  </a> <!-- orderByPickUpChangeNameTest_C25668 -->
                  <span class="method-name">orderByPickUpChangeNameTest_C25668</span>
                </div> <!-- method-content -->
              </div> <!-- method -->
            </div> <!-- main-panel-content rounded-window-bottom -->
          </div> <!-- suite-com.YouMagicPro.LKA_tests-class-passed -->
          <div class="suite-com.YouMagicPro.LKA_tests-class-passed">
            <div class="main-panel-header rounded-window-top">
              <img src="passed.png"/>
              <span class="class-name">com.YouMagicPro.LKA_tests.ContractOgrnLettersAndNumbersInTextFieldTest</span>
            </div> <!-- main-panel-header rounded-window-top -->
            <div class="main-panel-content rounded-window-bottom">
              <div class="method">
                <div class="method-content">
                  <a name="contractOgrnLettersAndNumbersInTextFieldTest_C15057">
                  </a> <!-- contractOgrnLettersAndNumbersInTextFieldTest_C15057 -->
                  <span class="method-name">contractOgrnLettersAndNumbersInTextFieldTest_C15057</span>
                </div> <!-- method-content -->
              </div> <!-- method -->
            </div> <!-- main-panel-content rounded-window-bottom -->
          </div> <!-- suite-com.YouMagicPro.LKA_tests-class-passed -->
          <div class="suite-com.YouMagicPro.LKA_tests-class-passed">
            <div class="main-panel-header rounded-window-top">
              <img src="passed.png"/>
              <span class="class-name">com.YouMagicPro.LKA_tests.OrderToAdressNoTextFieldFilledTest</span>
            </div> <!-- main-panel-header rounded-window-top -->
            <div class="main-panel-content rounded-window-bottom">
              <div class="method">
                <div class="method-content">
                  <a name="OrderToAdressNoTextFieldFilledTest_C25679">
                  </a> <!-- OrderToAdressNoTextFieldFilledTest_C25679 -->
                  <span class="method-name">OrderToAdressNoTextFieldFilledTest_C25679</span>
                </div> <!-- method-content -->
              </div> <!-- method -->
            </div> <!-- main-panel-content rounded-window-bottom -->
          </div> <!-- suite-com.YouMagicPro.LKA_tests-class-passed -->
          <div class="suite-com.YouMagicPro.LKA_tests-class-passed">
            <div class="main-panel-header rounded-window-top">
              <img src="passed.png"/>
              <span class="class-name">com.YouMagicPro.LKA_tests.OrderToAdressCancelButtonClickTest</span>
            </div> <!-- main-panel-header rounded-window-top -->
            <div class="main-panel-content rounded-window-bottom">
              <div class="method">
                <div class="method-content">
                  <a name="orderToAdressCancelButtonClickTest_C25675">
                  </a> <!-- orderToAdressCancelButtonClickTest_C25675 -->
                  <span class="method-name">orderToAdressCancelButtonClickTest_C25675</span>
                </div> <!-- method-content -->
              </div> <!-- method -->
            </div> <!-- main-panel-content rounded-window-bottom -->
          </div> <!-- suite-com.YouMagicPro.LKA_tests-class-passed -->
          <div class="suite-com.YouMagicPro.LKA_tests-class-passed">
            <div class="main-panel-header rounded-window-top">
              <img src="passed.png"/>
              <span class="class-name">com.YouMagicPro.LKA_tests.ContractBikSymbolsInTextFieldTest</span>
            </div> <!-- main-panel-header rounded-window-top -->
            <div class="main-panel-content rounded-window-bottom">
              <div class="method">
                <div class="method-content">
                  <a name="contractBikSymbolsInTextFieldTest_C15026">
                  </a> <!-- contractBikSymbolsInTextFieldTest_C15026 -->
                  <span class="method-name">contractBikSymbolsInTextFieldTest_C15026</span>
                </div> <!-- method-content -->
              </div> <!-- method -->
            </div> <!-- main-panel-content rounded-window-bottom -->
          </div> <!-- suite-com.YouMagicPro.LKA_tests-class-passed -->
          <div class="suite-com.YouMagicPro.LKA_tests-class-passed">
            <div class="main-panel-header rounded-window-top">
              <img src="passed.png"/>
              <span class="class-name">com.YouMagicPro.LKA_tests.OrderToAdressChangePhoneTest</span>
            </div> <!-- main-panel-header rounded-window-top -->
            <div class="main-panel-content rounded-window-bottom">
              <div class="method">
                <div class="method-content">
                  <a name="orderToAdressChangePhoneTest_C25677">
                  </a> <!-- orderToAdressChangePhoneTest_C25677 -->
                  <span class="method-name">orderToAdressChangePhoneTest_C25677</span>
                </div> <!-- method-content -->
              </div> <!-- method -->
            </div> <!-- main-panel-content rounded-window-bottom -->
          </div> <!-- suite-com.YouMagicPro.LKA_tests-class-passed -->
          <div class="suite-com.YouMagicPro.LKA_tests-class-passed">
            <div class="main-panel-header rounded-window-top">
              <img src="passed.png"/>
              <span class="class-name">com.YouMagicPro.LKA_tests.OrderByPickUpOrderWithoutDocTypeCheckedTest</span>
            </div> <!-- main-panel-header rounded-window-top -->
            <div class="main-panel-content rounded-window-bottom">
              <div class="method">
                <div class="method-content">
                  <a name="orderByPickUpOrderWithoutDocTypeCheckedTest_C25663">
                  </a> <!-- orderByPickUpOrderWithoutDocTypeCheckedTest_C25663 -->
                  <span class="method-name">orderByPickUpOrderWithoutDocTypeCheckedTest_C25663</span>
                </div> <!-- method-content -->
              </div> <!-- method -->
            </div> <!-- main-panel-content rounded-window-bottom -->
          </div> <!-- suite-com.YouMagicPro.LKA_tests-class-passed -->
          <div class="suite-com.YouMagicPro.LKA_tests-class-passed">
            <div class="main-panel-header rounded-window-top">
              <img src="passed.png"/>
              <span class="class-name">com.YouMagicPro.LKA_tests.OrderByEmailChangeEmailTest</span>
            </div> <!-- main-panel-header rounded-window-top -->
            <div class="main-panel-content rounded-window-bottom">
              <div class="method">
                <div class="method-content">
                  <a name="orderByEmailChangeEmailTest_C25653">
                  </a> <!-- orderByEmailChangeEmailTest_C25653 -->
                  <span class="method-name">orderByEmailChangeEmailTest_C25653</span>
                </div> <!-- method-content -->
              </div> <!-- method -->
            </div> <!-- main-panel-content rounded-window-bottom -->
          </div> <!-- suite-com.YouMagicPro.LKA_tests-class-passed -->
          <div class="suite-com.YouMagicPro.LKA_tests-class-passed">
            <div class="main-panel-header rounded-window-top">
              <img src="passed.png"/>
              <span class="class-name">com.YouMagicPro.LKA_tests.BuyingAdditionalNumberChooseNumberCategories</span>
            </div> <!-- main-panel-header rounded-window-top -->
            <div class="main-panel-content rounded-window-bottom">
              <div class="method">
                <div class="method-content">
                  <a name="BuyingAdditionalNumberChooseNumberCategories_C15105">
                  </a> <!-- BuyingAdditionalNumberChooseNumberCategories_C15105 -->
                  <span class="method-name">BuyingAdditionalNumberChooseNumberCategories_C15105</span>
                </div> <!-- method-content -->
              </div> <!-- method -->
            </div> <!-- main-panel-content rounded-window-bottom -->
          </div> <!-- suite-com.YouMagicPro.LKA_tests-class-passed -->
          <div class="suite-com.YouMagicPro.LKA_tests-class-passed">
            <div class="main-panel-header rounded-window-top">
              <img src="passed.png"/>
              <span class="class-name">com.YouMagicPro.LKA_tests.ContractBikLettersInTextFieldTest</span>
            </div> <!-- main-panel-header rounded-window-top -->
            <div class="main-panel-content rounded-window-bottom">
              <div class="method">
                <div class="method-content">
                  <a name="contractBikTestLettersInTextField_C15023">
                  </a> <!-- contractBikTestLettersInTextField_C15023 -->
                  <span class="method-name">contractBikTestLettersInTextField_C15023</span>
                </div> <!-- method-content -->
              </div> <!-- method -->
            </div> <!-- main-panel-content rounded-window-bottom -->
          </div> <!-- suite-com.YouMagicPro.LKA_tests-class-passed -->
          <div class="suite-com.YouMagicPro.LKA_tests-class-passed">
            <div class="main-panel-header rounded-window-top">
              <img src="passed.png"/>
              <span class="class-name">com.YouMagicPro.LKA_tests.ContractEndOfPageDataTest</span>
            </div> <!-- main-panel-header rounded-window-top -->
            <div class="main-panel-content rounded-window-bottom">
              <div class="method">
                <div class="method-content">
                  <a name="contractEndOfPageDataTest_C15062">
                  </a> <!-- contractEndOfPageDataTest_C15062 -->
                  <span class="method-name">contractEndOfPageDataTest_C15062</span>
                </div> <!-- method-content -->
              </div> <!-- method -->
            </div> <!-- main-panel-content rounded-window-bottom -->
          </div> <!-- suite-com.YouMagicPro.LKA_tests-class-passed -->
          <div class="suite-com.YouMagicPro.LKA_tests-class-passed">
            <div class="main-panel-header rounded-window-top">
              <img src="passed.png"/>
              <span class="class-name">com.YouMagicPro.LKA_tests.ContractInnLettersInTextFieldTest</span>
            </div> <!-- main-panel-header rounded-window-top -->
            <div class="main-panel-content rounded-window-bottom">
              <div class="method">
                <div class="method-content">
                  <a name="contractInnLettersInTextFieldTest_C15030">
                  </a> <!-- contractInnLettersInTextFieldTest_C15030 -->
                  <span class="method-name">contractInnLettersInTextFieldTest_C15030</span>
                </div> <!-- method-content -->
              </div> <!-- method -->
            </div> <!-- main-panel-content rounded-window-bottom -->
          </div> <!-- suite-com.YouMagicPro.LKA_tests-class-passed -->
          <div class="suite-com.YouMagicPro.LKA_tests-class-passed">
            <div class="main-panel-header rounded-window-top">
              <img src="passed.png"/>
              <span class="class-name">com.YouMagicPro.LKA_tests.ContractKpp6NumbersInTextFieldTest</span>
            </div> <!-- main-panel-header rounded-window-top -->
            <div class="main-panel-content rounded-window-bottom">
              <div class="method">
                <div class="method-content">
                  <a name="contractKppTest_C15049">
                  </a> <!-- contractKppTest_C15049 -->
                  <span class="method-name">contractKppTest_C15049</span>
                </div> <!-- method-content -->
              </div> <!-- method -->
            </div> <!-- main-panel-content rounded-window-bottom -->
          </div> <!-- suite-com.YouMagicPro.LKA_tests-class-passed -->
          <div class="suite-com.YouMagicPro.LKA_tests-class-passed">
            <div class="main-panel-header rounded-window-top">
              <img src="passed.png"/>
              <span class="class-name">com.YouMagicPro.LKA_tests.OrderDeliveryOfContractDropdownListTest</span>
            </div> <!-- main-panel-header rounded-window-top -->
            <div class="main-panel-content rounded-window-bottom">
              <div class="method">
                <div class="method-content">
                  <a name="expenseStructureTest">
                  </a> <!-- expenseStructureTest -->
                  <span class="method-name">expenseStructureTest</span>
                </div> <!-- method-content -->
              </div> <!-- method -->
            </div> <!-- main-panel-content rounded-window-bottom -->
          </div> <!-- suite-com.YouMagicPro.LKA_tests-class-passed -->
          <div class="suite-com.YouMagicPro.LKA_tests-class-passed">
            <div class="main-panel-header rounded-window-top">
              <img src="passed.png"/>
              <span class="class-name">com.YouMagicPro.LKA_tests.BuyingAdditionalNumberChooseCityFromList</span>
            </div> <!-- main-panel-header rounded-window-top -->
            <div class="main-panel-content rounded-window-bottom">
              <div class="method">
                <div class="method-content">
                  <a name="buyingAdditionalNumberChooseCityFromList_C15103">
                  </a> <!-- buyingAdditionalNumberChooseCityFromList_C15103 -->
                  <span class="method-name">buyingAdditionalNumberChooseCityFromList_C15103</span>
                </div> <!-- method-content -->
              </div> <!-- method -->
            </div> <!-- main-panel-content rounded-window-bottom -->
          </div> <!-- suite-com.YouMagicPro.LKA_tests-class-passed -->
          <div class="suite-com.YouMagicPro.LKA_tests-class-passed">
            <div class="main-panel-header rounded-window-top">
              <img src="passed.png"/>
              <span class="class-name">com.YouMagicPro.LKA_tests.ContractKppSymbolsTest</span>
            </div> <!-- main-panel-header rounded-window-top -->
            <div class="main-panel-content rounded-window-bottom">
              <div class="method">
                <div class="method-content">
                  <a name="contractKppTest_C15051">
                  </a> <!-- contractKppTest_C15051 -->
                  <span class="method-name">contractKppTest_C15051</span>
                </div> <!-- method-content -->
              </div> <!-- method -->
            </div> <!-- main-panel-content rounded-window-bottom -->
          </div> <!-- suite-com.YouMagicPro.LKA_tests-class-passed -->
          <div class="suite-com.YouMagicPro.LKA_tests-class-passed">
            <div class="main-panel-header rounded-window-top">
              <img src="passed.png"/>
              <span class="class-name">com.YouMagicPro.LKA_tests.ContractBankAccountSymbolsInTextFieldTest</span>
            </div> <!-- main-panel-header rounded-window-top -->
            <div class="main-panel-content rounded-window-bottom">
              <div class="method">
                <div class="method-content">
                  <a name="contractBankAccountSymbolsInTextFieldTest_C14997">
                  </a> <!-- contractBankAccountSymbolsInTextFieldTest_C14997 -->
                  <span class="method-name">contractBankAccountSymbolsInTextFieldTest_C14997</span>
                </div> <!-- method-content -->
              </div> <!-- method -->
            </div> <!-- main-panel-content rounded-window-bottom -->
          </div> <!-- suite-com.YouMagicPro.LKA_tests-class-passed -->
          <div class="suite-com.YouMagicPro.LKA_tests-class-passed">
            <div class="main-panel-header rounded-window-top">
              <img src="passed.png"/>
              <span class="class-name">com.YouMagicPro.LKA_tests.OrderByPickUpChangePhoneTest</span>
            </div> <!-- main-panel-header rounded-window-top -->
            <div class="main-panel-content rounded-window-bottom">
              <div class="method">
                <div class="method-content">
                  <a name="OrderByPickUpChangePhoneTest_C25666">
                  </a> <!-- OrderByPickUpChangePhoneTest_C25666 -->
                  <span class="method-name">OrderByPickUpChangePhoneTest_C25666</span>
                </div> <!-- method-content -->
              </div> <!-- method -->
            </div> <!-- main-panel-content rounded-window-bottom -->
          </div> <!-- suite-com.YouMagicPro.LKA_tests-class-passed -->
          <div class="suite-com.YouMagicPro.LKA_tests-class-passed">
            <div class="main-panel-header rounded-window-top">
              <img src="passed.png"/>
              <span class="class-name">com.YouMagicPro.LKA_tests.ContractOgrnSymbolsTest</span>
            </div> <!-- main-panel-header rounded-window-top -->
            <div class="main-panel-content rounded-window-bottom">
              <div class="method">
                <div class="method-content">
                  <a name="contractFillBankAccountTest">
                  </a> <!-- contractFillBankAccountTest -->
                  <span class="method-name">contractFillBankAccountTest</span>
                </div> <!-- method-content -->
              </div> <!-- method -->
            </div> <!-- main-panel-content rounded-window-bottom -->
          </div> <!-- suite-com.YouMagicPro.LKA_tests-class-passed -->
          <div class="suite-com.YouMagicPro.LKA_tests-class-passed">
            <div class="main-panel-header rounded-window-top">
              <img src="passed.png"/>
              <span class="class-name">com.YouMagicPro.LKA_tests.ContractBankAccountLettersInTextFieldTest</span>
            </div> <!-- main-panel-header rounded-window-top -->
            <div class="main-panel-content rounded-window-bottom">
              <div class="method">
                <div class="method-content">
                  <a name="contractBankAccountLettersInTextFieldTest_C14995">
                  </a> <!-- contractBankAccountLettersInTextFieldTest_C14995 -->
                  <span class="method-name">contractBankAccountLettersInTextFieldTest_C14995</span>
                </div> <!-- method-content -->
              </div> <!-- method -->
            </div> <!-- main-panel-content rounded-window-bottom -->
          </div> <!-- suite-com.YouMagicPro.LKA_tests-class-passed -->
          <div class="suite-com.YouMagicPro.LKA_tests-class-passed">
            <div class="main-panel-header rounded-window-top">
              <img src="passed.png"/>
              <span class="class-name">com.YouMagicPro.LKA_tests.OrderDeliveryOfContractCancelButtonTest</span>
            </div> <!-- main-panel-header rounded-window-top -->
            <div class="main-panel-content rounded-window-bottom">
              <div class="method">
                <div class="method-content">
                  <a name="expenseStructureTest">
                  </a> <!-- expenseStructureTest -->
                  <span class="method-name">expenseStructureTest</span>
                </div> <!-- method-content -->
              </div> <!-- method -->
            </div> <!-- main-panel-content rounded-window-bottom -->
          </div> <!-- suite-com.YouMagicPro.LKA_tests-class-passed -->
          <div class="suite-com.YouMagicPro.LKA_tests-class-passed">
            <div class="main-panel-header rounded-window-top">
              <img src="passed.png"/>
              <span class="class-name">com.YouMagicPro.LKA_tests.ContractCorAccount19NumbersTest</span>
            </div> <!-- main-panel-header rounded-window-top -->
            <div class="main-panel-content rounded-window-bottom">
              <div class="method">
                <div class="method-content">
                  <a name="contractCorAccount19NumbersTest_C15005">
                  </a> <!-- contractCorAccount19NumbersTest_C15005 -->
                  <span class="method-name">contractCorAccount19NumbersTest_C15005</span>
                </div> <!-- method-content -->
              </div> <!-- method -->
            </div> <!-- main-panel-content rounded-window-bottom -->
          </div> <!-- suite-com.YouMagicPro.LKA_tests-class-passed -->
          <div class="suite-com.YouMagicPro.LKA_tests-class-passed">
            <div class="main-panel-header rounded-window-top">
              <img src="passed.png"/>
              <span class="class-name">com.YouMagicPro.LKA_tests.ContractKppOneNumberInTextFieldTest</span>
            </div> <!-- main-panel-header rounded-window-top -->
            <div class="main-panel-content rounded-window-bottom">
              <div class="method">
                <div class="method-content">
                  <a name="contractKppTest_C15048">
                  </a> <!-- contractKppTest_C15048 -->
                  <span class="method-name">contractKppTest_C15048</span>
                </div> <!-- method-content -->
              </div> <!-- method -->
            </div> <!-- main-panel-content rounded-window-bottom -->
          </div> <!-- suite-com.YouMagicPro.LKA_tests-class-passed -->
          <div class="suite-com.YouMagicPro.LKA_tests-class-passed">
            <div class="main-panel-header rounded-window-top">
              <img src="passed.png"/>
              <span class="class-name">com.YouMagicPro.LKA_tests.Buying804NumberCostOfNumberTest</span>
            </div> <!-- main-panel-header rounded-window-top -->
            <div class="main-panel-content rounded-window-bottom">
              <div class="method">
                <div class="method-content">
                  <a name="buying804NumberCostOfNumberTest_C25623">
                  </a> <!-- buying804NumberCostOfNumberTest_C25623 -->
                  <span class="method-name">buying804NumberCostOfNumberTest_C25623</span>
                </div> <!-- method-content -->
              </div> <!-- method -->
            </div> <!-- main-panel-content rounded-window-bottom -->
          </div> <!-- suite-com.YouMagicPro.LKA_tests-class-passed -->
          <div class="suite-com.YouMagicPro.LKA_tests-class-passed">
            <div class="main-panel-header rounded-window-top">
              <img src="passed.png"/>
              <span class="class-name">com.YouMagicPro.LKA_tests.ContractCorAccountLettersAndNumbersTextFieldTest</span>
            </div> <!-- main-panel-header rounded-window-top -->
            <div class="main-panel-content rounded-window-bottom">
              <div class="method">
                <div class="method-content">
                  <a name="contractCorAccountTenInTextFieldTest_C15000">
                  </a> <!-- contractCorAccountTenInTextFieldTest_C15000 -->
                  <span class="method-name">contractCorAccountTenInTextFieldTest_C15000</span>
                </div> <!-- method-content -->
              </div> <!-- method -->
            </div> <!-- main-panel-content rounded-window-bottom -->
          </div> <!-- suite-com.YouMagicPro.LKA_tests-class-passed -->
          <div class="suite-com.YouMagicPro.LKA_tests-class-passed">
            <div class="main-panel-header rounded-window-top">
              <img src="passed.png"/>
              <span class="class-name">com.YouMagicPro.LKA_tests.OrderToAdressChangeNameTest</span>
            </div> <!-- main-panel-header rounded-window-top -->
            <div class="main-panel-content rounded-window-bottom">
              <div class="method">
                <div class="method-content">
                  <a name="orderToAdressChangeNameTest_C25672">
                  </a> <!-- orderToAdressChangeNameTest_C25672 -->
                  <span class="method-name">orderToAdressChangeNameTest_C25672</span>
                </div> <!-- method-content -->
              </div> <!-- method -->
            </div> <!-- main-panel-content rounded-window-bottom -->
          </div> <!-- suite-com.YouMagicPro.LKA_tests-class-passed -->
          <div class="suite-com.YouMagicPro.LKA_tests-class-passed">
            <div class="main-panel-header rounded-window-top">
              <img src="passed.png"/>
              <span class="class-name">com.YouMagicPro.LKA_tests.ExpenseStructureChooseAdditionalNumbersTest</span>
            </div> <!-- main-panel-header rounded-window-top -->
            <div class="main-panel-content rounded-window-bottom">
              <div class="method">
                <div class="method-content">
                  <a name="expenseStructureChooseAdditionalNumbersTest_C15100">
                  </a> <!-- expenseStructureChooseAdditionalNumbersTest_C15100 -->
                  <span class="method-name">expenseStructureChooseAdditionalNumbersTest_C15100</span>
                </div> <!-- method-content -->
              </div> <!-- method -->
            </div> <!-- main-panel-content rounded-window-bottom -->
          </div> <!-- suite-com.YouMagicPro.LKA_tests-class-passed -->
          <div class="suite-com.YouMagicPro.LKA_tests-class-passed">
            <div class="main-panel-header rounded-window-top">
              <img src="passed.png"/>
              <span class="class-name">com.YouMagicPro.LKA_tests.BuyingAdditionalNumberChooseNumbersFromList</span>
            </div> <!-- main-panel-header rounded-window-top -->
            <div class="main-panel-content rounded-window-bottom">
              <div class="method">
                <div class="method-content">
                  <a name="BuyingAdditionalNumberChooseNumbersFromList_C15106">
                  </a> <!-- BuyingAdditionalNumberChooseNumbersFromList_C15106 -->
                  <span class="method-name">BuyingAdditionalNumberChooseNumbersFromList_C15106</span>
                </div> <!-- method-content -->
              </div> <!-- method -->
            </div> <!-- main-panel-content rounded-window-bottom -->
          </div> <!-- suite-com.YouMagicPro.LKA_tests-class-passed -->
          <div class="suite-com.YouMagicPro.LKA_tests-class-passed">
            <div class="main-panel-header rounded-window-top">
              <img src="passed.png"/>
              <span class="class-name">com.YouMagicPro.LKA_tests.ContractCorAccountOneInTextFieldTest</span>
            </div> <!-- main-panel-header rounded-window-top -->
            <div class="main-panel-content rounded-window-bottom">
              <div class="method">
                <div class="method-content">
                  <a name="contractCorAccountOneInTextFieldTest_C14499">
                  </a> <!-- contractCorAccountOneInTextFieldTest_C14499 -->
                  <span class="method-name">contractCorAccountOneInTextFieldTest_C14499</span>
                </div> <!-- method-content -->
              </div> <!-- method -->
            </div> <!-- main-panel-content rounded-window-bottom -->
          </div> <!-- suite-com.YouMagicPro.LKA_tests-class-passed -->
          <div class="suite-com.YouMagicPro.LKA_tests-class-passed">
            <div class="main-panel-header rounded-window-top">
              <img src="passed.png"/>
              <span class="class-name">com.YouMagicPro.LKA_tests.OrderByEmailOrderWithoutDocTypeCheckedTest</span>
            </div> <!-- main-panel-header rounded-window-top -->
            <div class="main-panel-content rounded-window-bottom">
              <div class="method">
                <div class="method-content">
                  <a name="orderByEmailOrderWithoutDocTypeCheckedTest_C25656">
                  </a> <!-- orderByEmailOrderWithoutDocTypeCheckedTest_C25656 -->
                  <span class="method-name">orderByEmailOrderWithoutDocTypeCheckedTest_C25656</span>
                </div> <!-- method-content -->
              </div> <!-- method -->
            </div> <!-- main-panel-content rounded-window-bottom -->
          </div> <!-- suite-com.YouMagicPro.LKA_tests-class-passed -->
          <div class="suite-com.YouMagicPro.LKA_tests-class-passed">
            <div class="main-panel-header rounded-window-top">
              <img src="passed.png"/>
              <span class="class-name">com.YouMagicPro.LKA_tests.ExpenseStructureRentalFeeTest</span>
            </div> <!-- main-panel-header rounded-window-top -->
            <div class="main-panel-content rounded-window-bottom">
              <div class="method">
                <div class="method-content">
                  <a name="expenseStructureRentalFeeTest_C15096">
                  </a> <!-- expenseStructureRentalFeeTest_C15096 -->
                  <span class="method-name">expenseStructureRentalFeeTest_C15096</span>
                </div> <!-- method-content -->
              </div> <!-- method -->
            </div> <!-- main-panel-content rounded-window-bottom -->
          </div> <!-- suite-com.YouMagicPro.LKA_tests-class-passed -->
          <div class="suite-com.YouMagicPro.LKA_tests-class-passed">
            <div class="main-panel-header rounded-window-top">
              <img src="passed.png"/>
              <span class="class-name">com.YouMagicPro.LKA_tests.DiscSpaceTest</span>
            </div> <!-- main-panel-header rounded-window-top -->
            <div class="main-panel-content rounded-window-bottom">
              <div class="method">
                <div class="method-content">
                  <a name="expenseStructureTest">
                  </a> <!-- expenseStructureTest -->
                  <span class="method-name">expenseStructureTest</span>
                </div> <!-- method-content -->
              </div> <!-- method -->
            </div> <!-- main-panel-content rounded-window-bottom -->
          </div> <!-- suite-com.YouMagicPro.LKA_tests-class-passed -->
          <div class="suite-com.YouMagicPro.LKA_tests-class-passed">
            <div class="main-panel-header rounded-window-top">
              <img src="passed.png"/>
              <span class="class-name">com.YouMagicPro.LKA_tests.ContractBik1inTextFieldTest</span>
            </div> <!-- main-panel-header rounded-window-top -->
            <div class="main-panel-content rounded-window-bottom">
              <div class="method">
                <div class="method-content">
                  <a name="contractBikTest1inTextField_C15022">
                  </a> <!-- contractBikTest1inTextField_C15022 -->
                  <span class="method-name">contractBikTest1inTextField_C15022</span>
                </div> <!-- method-content -->
              </div> <!-- method -->
            </div> <!-- main-panel-content rounded-window-bottom -->
          </div> <!-- suite-com.YouMagicPro.LKA_tests-class-passed -->
          <div class="suite-com.YouMagicPro.LKA_tests-class-passed">
            <div class="main-panel-header rounded-window-top">
              <img src="passed.png"/>
              <span class="class-name">com.YouMagicPro.LKA_tests.ContractKppLettersAndNumbersTest</span>
            </div> <!-- main-panel-header rounded-window-top -->
            <div class="main-panel-content rounded-window-bottom">
              <div class="method">
                <div class="method-content">
                  <a name="contractKppTest_C15054">
                  </a> <!-- contractKppTest_C15054 -->
                  <span class="method-name">contractKppTest_C15054</span>
                </div> <!-- method-content -->
              </div> <!-- method -->
            </div> <!-- main-panel-content rounded-window-bottom -->
          </div> <!-- suite-com.YouMagicPro.LKA_tests-class-passed -->
          <div class="suite-com.YouMagicPro.LKA_tests-class-passed">
            <div class="main-panel-header rounded-window-top">
              <img src="passed.png"/>
              <span class="class-name">com.YouMagicPro.LKA_tests.ContractBankAccountLettersAndNumbersTest</span>
            </div> <!-- main-panel-header rounded-window-top -->
            <div class="main-panel-content rounded-window-bottom">
              <div class="method">
                <div class="method-content">
                  <a name="contractBankAccountLettersAndNumbersTest_C14496">
                  </a> <!-- contractBankAccountLettersAndNumbersTest_C14496 -->
                  <span class="method-name">contractBankAccountLettersAndNumbersTest_C14496</span>
                </div> <!-- method-content -->
              </div> <!-- method -->
            </div> <!-- main-panel-content rounded-window-bottom -->
          </div> <!-- suite-com.YouMagicPro.LKA_tests-class-passed -->
          <div class="suite-com.YouMagicPro.LKA_tests-class-passed">
            <div class="main-panel-header rounded-window-top">
              <img src="passed.png"/>
              <span class="class-name">com.YouMagicPro.LKA_tests.ContractCheckDocumentTest</span>
            </div> <!-- main-panel-header rounded-window-top -->
            <div class="main-panel-content rounded-window-bottom">
              <div class="method">
                <div class="method-content">
                  <a name="contractCheckDocumentTest_C14986">
                  </a> <!-- contractCheckDocumentTest_C14986 -->
                  <span class="method-name">contractCheckDocumentTest_C14986</span>
                </div> <!-- method-content -->
              </div> <!-- method -->
            </div> <!-- main-panel-content rounded-window-bottom -->
          </div> <!-- suite-com.YouMagicPro.LKA_tests-class-passed -->
          <div class="suite-com.YouMagicPro.LKA_tests-class-passed">
            <div class="main-panel-header rounded-window-top">
              <img src="passed.png"/>
              <span class="class-name">com.YouMagicPro.LKA_tests.ContractCorAccountTenInTextFieldTest</span>
            </div> <!-- main-panel-header rounded-window-top -->
            <div class="main-panel-content rounded-window-bottom">
              <div class="method">
                <div class="method-content">
                  <a name="contractCorAccountTenInTextFieldTest_C15000">
                  </a> <!-- contractCorAccountTenInTextFieldTest_C15000 -->
                  <span class="method-name">contractCorAccountTenInTextFieldTest_C15000</span>
                </div> <!-- method-content -->
              </div> <!-- method -->
            </div> <!-- main-panel-content rounded-window-bottom -->
          </div> <!-- suite-com.YouMagicPro.LKA_tests-class-passed -->
          <div class="suite-com.YouMagicPro.LKA_tests-class-passed">
            <div class="main-panel-header rounded-window-top">
              <img src="passed.png"/>
              <span class="class-name">com.YouMagicPro.LKA_tests.ContractInnChooseFormTest</span>
            </div> <!-- main-panel-header rounded-window-top -->
            <div class="main-panel-content rounded-window-bottom">
              <div class="method">
                <div class="method-content">
                  <a name="contractInnChooseForm_C15047">
                  </a> <!-- contractInnChooseForm_C15047 -->
                  <span class="method-name">contractInnChooseForm_C15047</span>
                </div> <!-- method-content -->
              </div> <!-- method -->
            </div> <!-- main-panel-content rounded-window-bottom -->
          </div> <!-- suite-com.YouMagicPro.LKA_tests-class-passed -->
          <div class="suite-com.YouMagicPro.LKA_tests-class-passed">
            <div class="main-panel-header rounded-window-top">
              <img src="passed.png"/>
              <span class="class-name">com.YouMagicPro.LKA_tests.ExpenseStructureInternalNumbersFeeTest</span>
            </div> <!-- main-panel-header rounded-window-top -->
            <div class="main-panel-content rounded-window-bottom">
              <div class="method">
                <div class="method-content">
                  <a name="expenseStructureInternalNumbersFeeTest_C15101">
                  </a> <!-- expenseStructureInternalNumbersFeeTest_C15101 -->
                  <span class="method-name">expenseStructureInternalNumbersFeeTest_C15101</span>
                </div> <!-- method-content -->
              </div> <!-- method -->
            </div> <!-- main-panel-content rounded-window-bottom -->
          </div> <!-- suite-com.YouMagicPro.LKA_tests-class-passed -->
          <div class="suite-com.YouMagicPro.LKA_tests-class-passed">
            <div class="main-panel-header rounded-window-top">
              <img src="passed.png"/>
              <span class="class-name">com.YouMagicPro.LKA_tests.ContractKppLettersTest</span>
            </div> <!-- main-panel-header rounded-window-top -->
            <div class="main-panel-content rounded-window-bottom">
              <div class="method">
                <div class="method-content">
                  <a name="contractKppTest_C15050">
                  </a> <!-- contractKppTest_C15050 -->
                  <span class="method-name">contractKppTest_C15050</span>
                </div> <!-- method-content -->
              </div> <!-- method -->
            </div> <!-- main-panel-content rounded-window-bottom -->
          </div> <!-- suite-com.YouMagicPro.LKA_tests-class-passed -->
          <div class="suite-com.YouMagicPro.LKA_tests-class-passed">
            <div class="main-panel-header rounded-window-top">
              <img src="passed.png"/>
              <span class="class-name">com.YouMagicPro.LKA_tests.ContractInn6NumbersInTextFieldTest</span>
            </div> <!-- main-panel-header rounded-window-top -->
            <div class="main-panel-content rounded-window-bottom">
              <div class="method">
                <div class="method-content">
                  <a name="contractInn6NumbersInTextFieldTest_C15029">
                  </a> <!-- contractInn6NumbersInTextFieldTest_C15029 -->
                  <span class="method-name">contractInn6NumbersInTextFieldTest_C15029</span>
                </div> <!-- method-content -->
              </div> <!-- method -->
            </div> <!-- main-panel-content rounded-window-bottom -->
          </div> <!-- suite-com.YouMagicPro.LKA_tests-class-passed -->
          <div class="suite-com.YouMagicPro.LKA_tests-class-passed">
            <div class="main-panel-header rounded-window-top">
              <img src="passed.png"/>
              <span class="class-name">com.YouMagicPro.LKA_tests.ContractOgrnOneNumberInTextFieldTest</span>
            </div> <!-- main-panel-header rounded-window-top -->
            <div class="main-panel-content rounded-window-bottom">
              <div class="method">
                <div class="method-content">
                  <a name="contractOgrnOneNumberInTextFieldTest_C15053">
                  </a> <!-- contractOgrnOneNumberInTextFieldTest_C15053 -->
                  <span class="method-name">contractOgrnOneNumberInTextFieldTest_C15053</span>
                </div> <!-- method-content -->
              </div> <!-- method -->
            </div> <!-- main-panel-content rounded-window-bottom -->
          </div> <!-- suite-com.YouMagicPro.LKA_tests-class-passed -->
          <div class="suite-com.YouMagicPro.LKA_tests-class-passed">
            <div class="main-panel-header rounded-window-top">
              <img src="passed.png"/>
              <span class="class-name">com.YouMagicPro.LKA_tests.BuyingAdditionalInternalNumberCheckCost</span>
            </div> <!-- main-panel-header rounded-window-top -->
            <div class="main-panel-content rounded-window-bottom">
              <div class="method">
                <div class="method-content">
                  <a name="buyingAdditionalInternalNumberCheckCost_C15113">
                  </a> <!-- buyingAdditionalInternalNumberCheckCost_C15113 -->
                  <span class="method-name">buyingAdditionalInternalNumberCheckCost_C15113</span>
                </div> <!-- method-content -->
              </div> <!-- method -->
            </div> <!-- main-panel-content rounded-window-bottom -->
          </div> <!-- suite-com.YouMagicPro.LKA_tests-class-passed -->
          <div class="suite-com.YouMagicPro.LKA_tests-class-passed">
            <div class="main-panel-header rounded-window-top">
              <img src="passed.png"/>
              <span class="class-name">com.YouMagicPro.LKA_tests.OrderByEmailCancelButtonTest</span>
            </div> <!-- main-panel-header rounded-window-top -->
            <div class="main-panel-content rounded-window-bottom">
              <div class="method">
                <div class="method-content">
                  <a name="orderByEmailCancelButtonTest_C15141">
                  </a> <!-- orderByEmailCancelButtonTest_C15141 -->
                  <span class="method-name">orderByEmailCancelButtonTest_C15141</span>
                </div> <!-- method-content -->
              </div> <!-- method -->
            </div> <!-- main-panel-content rounded-window-bottom -->
          </div> <!-- suite-com.YouMagicPro.LKA_tests-class-passed -->
          <div class="suite-com.YouMagicPro.LKA_tests-class-passed">
            <div class="main-panel-header rounded-window-top">
              <img src="passed.png"/>
              <span class="class-name">com.YouMagicPro.LKA_tests.ContractFillInDataTest</span>
            </div> <!-- main-panel-header rounded-window-top -->
            <div class="main-panel-content rounded-window-bottom">
              <div class="method">
                <div class="method-content">
                  <a name="fillInContractDataTest">
                  </a> <!-- fillInContractDataTest -->
                  <span class="method-name">fillInContractDataTest</span>
                </div> <!-- method-content -->
              </div> <!-- method -->
            </div> <!-- main-panel-content rounded-window-bottom -->
          </div> <!-- suite-com.YouMagicPro.LKA_tests-class-passed -->
          <div class="suite-com.YouMagicPro.LKA_tests-class-passed">
            <div class="main-panel-header rounded-window-top">
              <img src="passed.png"/>
              <span class="class-name">com.YouMagicPro.LKA_tests.ContractInnSymbolsInTextFieldTest</span>
            </div> <!-- main-panel-header rounded-window-top -->
            <div class="main-panel-content rounded-window-bottom">
              <div class="method">
                <div class="method-content">
                  <a name="contractInnLettersInTextFieldTest_C15030">
                  </a> <!-- contractInnLettersInTextFieldTest_C15030 -->
                  <span class="method-name">contractInnLettersInTextFieldTest_C15030</span>
                </div> <!-- method-content -->
              </div> <!-- method -->
            </div> <!-- main-panel-content rounded-window-bottom -->
          </div> <!-- suite-com.YouMagicPro.LKA_tests-class-passed -->
          <div class="suite-com.YouMagicPro.LKA_tests-class-passed">
            <div class="main-panel-header rounded-window-top">
              <img src="passed.png"/>
              <span class="class-name">com.YouMagicPro.LKA_tests.BuyingAdditionalInternalNumberTextFieldTest</span>
            </div> <!-- main-panel-header rounded-window-top -->
            <div class="main-panel-content rounded-window-bottom">
              <div class="method">
                <div class="method-content">
                  <a name="buyingAdditionalInternalNumberTextFieldTest_C15112">
                  </a> <!-- buyingAdditionalInternalNumberTextFieldTest_C15112 -->
                  <span class="method-name">buyingAdditionalInternalNumberTextFieldTest_C15112</span>
                </div> <!-- method-content -->
              </div> <!-- method -->
            </div> <!-- main-panel-content rounded-window-bottom -->
          </div> <!-- suite-com.YouMagicPro.LKA_tests-class-passed -->
          <div class="suite-com.YouMagicPro.LKA_tests-class-passed">
            <div class="main-panel-header rounded-window-top">
              <img src="passed.png"/>
              <span class="class-name">com.YouMagicPro.LKA_tests.ContractOgrnLettersInTextFieldTest</span>
            </div> <!-- main-panel-header rounded-window-top -->
            <div class="main-panel-content rounded-window-bottom">
              <div class="method">
                <div class="method-content">
                  <a name="contractOgrnLettersInTextFieldTest_C15056">
                  </a> <!-- contractOgrnLettersInTextFieldTest_C15056 -->
                  <span class="method-name">contractOgrnLettersInTextFieldTest_C15056</span>
                </div> <!-- method-content -->
              </div> <!-- method -->
            </div> <!-- main-panel-content rounded-window-bottom -->
          </div> <!-- suite-com.YouMagicPro.LKA_tests-class-passed -->
          <div class="suite-com.YouMagicPro.LKA_tests-class-passed">
            <div class="main-panel-header rounded-window-top">
              <img src="passed.png"/>
              <span class="class-name">com.YouMagicPro.LKA_tests.OrderByEmailChangeNameTest</span>
            </div> <!-- main-panel-header rounded-window-top -->
            <div class="main-panel-content rounded-window-bottom">
              <div class="method">
                <div class="method-content">
                  <a name="orderByEmailChangeNameTest_C25671">
                  </a> <!-- orderByEmailChangeNameTest_C25671 -->
                  <span class="method-name">orderByEmailChangeNameTest_C25671</span>
                </div> <!-- method-content -->
              </div> <!-- method -->
            </div> <!-- main-panel-content rounded-window-bottom -->
          </div> <!-- suite-com.YouMagicPro.LKA_tests-class-passed -->
          <div class="suite-com.YouMagicPro.LKA_tests-class-passed">
            <div class="main-panel-header rounded-window-top">
              <img src="passed.png"/>
              <span class="class-name">com.YouMagicPro.LKA_tests.ExpenseStructureAdditionalNumbersFeeTest</span>
            </div> <!-- main-panel-header rounded-window-top -->
            <div class="main-panel-content rounded-window-bottom">
              <div class="method">
                <div class="method-content">
                  <a name="expenseStructureAdditionalNumbersFeeTest_C15096">
                  </a> <!-- expenseStructureAdditionalNumbersFeeTest_C15096 -->
                  <span class="method-name">expenseStructureAdditionalNumbersFeeTest_C15096</span>
                </div> <!-- method-content -->
              </div> <!-- method -->
            </div> <!-- main-panel-content rounded-window-bottom -->
          </div> <!-- suite-com.YouMagicPro.LKA_tests-class-passed -->
          <div class="suite-com.YouMagicPro.LKA_tests-class-passed">
            <div class="main-panel-header rounded-window-top">
              <img src="passed.png"/>
              <span class="class-name">com.YouMagicPro.LKA_tests.ContractOgrn6NumbersInTextFieldTest</span>
            </div> <!-- main-panel-header rounded-window-top -->
            <div class="main-panel-content rounded-window-bottom">
              <div class="method">
                <div class="method-content">
                  <a name="contractOgrn6NumbersInTextFieldTest_C15055">
                  </a> <!-- contractOgrn6NumbersInTextFieldTest_C15055 -->
                  <span class="method-name">contractOgrn6NumbersInTextFieldTest_C15055</span>
                </div> <!-- method-content -->
              </div> <!-- method -->
            </div> <!-- main-panel-content rounded-window-bottom -->
          </div> <!-- suite-com.YouMagicPro.LKA_tests-class-passed -->
          <div class="suite-com.YouMagicPro.LKA_tests-class-passed">
            <div class="main-panel-header rounded-window-top">
              <img src="passed.png"/>
              <span class="class-name">com.YouMagicPro.LKA_tests.ContractBankAccountOneInTextFieldTest</span>
            </div> <!-- main-panel-header rounded-window-top -->
            <div class="main-panel-content rounded-window-bottom">
              <div class="method">
                <div class="method-content">
                  <a name="contractBankAccountOneInTextFieldTest_C14993">
                  </a> <!-- contractBankAccountOneInTextFieldTest_C14993 -->
                  <span class="method-name">contractBankAccountOneInTextFieldTest_C14993</span>
                </div> <!-- method-content -->
              </div> <!-- method -->
            </div> <!-- main-panel-content rounded-window-bottom -->
          </div> <!-- suite-com.YouMagicPro.LKA_tests-class-passed -->
          <div class="suite-com.YouMagicPro.LKA_tests-class-passed">
            <div class="main-panel-header rounded-window-top">
              <img src="passed.png"/>
              <span class="class-name">com.YouMagicPro.LKA_tests.ExpenseStructureChooseIntNumbersPageTest</span>
            </div> <!-- main-panel-header rounded-window-top -->
            <div class="main-panel-content rounded-window-bottom">
              <div class="method">
                <div class="method-content">
                  <a name="expenseStructureChooseIntNumbersPageTest_C15102">
                  </a> <!-- expenseStructureChooseIntNumbersPageTest_C15102 -->
                  <span class="method-name">expenseStructureChooseIntNumbersPageTest_C15102</span>
                </div> <!-- method-content -->
              </div> <!-- method -->
            </div> <!-- main-panel-content rounded-window-bottom -->
          </div> <!-- suite-com.YouMagicPro.LKA_tests-class-passed -->
        </div> <!-- panel com.YouMagicPro.LKA_tests -->
        <div panel-name="test-xml-com.YouMagicPro.LKA_tests" class="panel">
          <div class="main-panel-header rounded-window-top">
            <span class="header-content">C:\_Work\YMPWebdriver\testng.xml</span>
          </div> <!-- main-panel-header rounded-window-top -->
          <div class="main-panel-content rounded-window-bottom">
            <pre>
&lt;?xml version=&quot;1.0&quot; encoding=&quot;UTF-8&quot;?&gt;
&lt;!DOCTYPE suite SYSTEM &quot;http://testng.org/testng-1.0.dtd&quot;&gt;
&lt;suite verbose=&quot;0&quot; name=&quot;com.YouMagicPro.LKA_tests&quot;&gt;
  &lt;test verbose=&quot;2&quot; name=&quot;com.YouMagicPro.LKA_tests&quot;&gt;
    &lt;packages&gt;
      &lt;package name=&quot;com.YouMagicPro.LKA_tests&quot;/&gt;
    &lt;/packages&gt;
    &lt;classes&gt;
      &lt;class name=&quot;com.YouMagicPro.LKA_tests.Buying804NumberCategoriesOfNumbers&quot;/&gt;
      &lt;class name=&quot;com.YouMagicPro.LKA_tests.Buying804NumberCostOfNumberTest&quot;/&gt;
      &lt;class name=&quot;com.YouMagicPro.LKA_tests.BuyingAdditionalInternalNumberCheckCost&quot;/&gt;
      &lt;class name=&quot;com.YouMagicPro.LKA_tests.BuyingAdditionalInternalNumberTextFieldTest&quot;/&gt;
      &lt;class name=&quot;com.YouMagicPro.LKA_tests.BuyingAdditionalNumberChooseCityFromList&quot;/&gt;
      &lt;class name=&quot;com.YouMagicPro.LKA_tests.BuyingAdditionalNumberChooseNumberCategories&quot;/&gt;
      &lt;class name=&quot;com.YouMagicPro.LKA_tests.BuyingAdditionalNumberChooseNumbersFromList&quot;/&gt;
      &lt;class name=&quot;com.YouMagicPro.LKA_tests.ContractBankAccountLettersAndNumbersTest&quot;/&gt;
      &lt;class name=&quot;com.YouMagicPro.LKA_tests.ContractBankAccountLettersInTextFieldTest&quot;/&gt;
      &lt;class name=&quot;com.YouMagicPro.LKA_tests.ContractBankAccountOneInTextFieldTest&quot;/&gt;
      &lt;class name=&quot;com.YouMagicPro.LKA_tests.ContractBankAccountSymbolsInTextFieldTest&quot;/&gt;
      &lt;class name=&quot;com.YouMagicPro.LKA_tests.ContractBankAccountTenInTextFieldTest&quot;/&gt;
      &lt;class name=&quot;com.YouMagicPro.LKA_tests.ContractBik1inTextFieldTest&quot;/&gt;
      &lt;class name=&quot;com.YouMagicPro.LKA_tests.ContractBikLettersAndNumbersInTextFieldTest&quot;/&gt;
      &lt;class name=&quot;com.YouMagicPro.LKA_tests.ContractBikLettersInTextFieldTest&quot;/&gt;
      &lt;class name=&quot;com.YouMagicPro.LKA_tests.ContractBikSymbolsInTextFieldTest&quot;/&gt;
      &lt;class name=&quot;com.YouMagicPro.LKA_tests.ContractCheckDocumentTest&quot;/&gt;
      &lt;class name=&quot;com.YouMagicPro.LKA_tests.ContractCorAccount19NumbersTest&quot;/&gt;
      &lt;class name=&quot;com.YouMagicPro.LKA_tests.ContractCorAccountLettersAndNumbersTextFieldTest&quot;/&gt;
      &lt;class name=&quot;com.YouMagicPro.LKA_tests.ContractCorAccountLettersInTextFieldTest&quot;/&gt;
      &lt;class name=&quot;com.YouMagicPro.LKA_tests.ContractCorAccountOneInTextFieldTest&quot;/&gt;
      &lt;class name=&quot;com.YouMagicPro.LKA_tests.ContractCorAccountSymbolsInTextFieldTest&quot;/&gt;
      &lt;class name=&quot;com.YouMagicPro.LKA_tests.ContractCorAccountTenInTextFieldTest&quot;/&gt;
      &lt;class name=&quot;com.YouMagicPro.LKA_tests.ContractEndOfPageDataTest&quot;/&gt;
      &lt;class name=&quot;com.YouMagicPro.LKA_tests.ContractFillInDataTest&quot;/&gt;
      &lt;class name=&quot;com.YouMagicPro.LKA_tests.ContractInn6NumbersInTextFieldTest&quot;/&gt;
      &lt;class name=&quot;com.YouMagicPro.LKA_tests.ContractInnChooseFormTest&quot;/&gt;
      &lt;class name=&quot;com.YouMagicPro.LKA_tests.ContractInnLettersInTextFieldTest&quot;/&gt;
      &lt;class name=&quot;com.YouMagicPro.LKA_tests.ContractInnOneInTextFieldTest&quot;/&gt;
      &lt;class name=&quot;com.YouMagicPro.LKA_tests.ContractInnSymbolsInTextFieldTest&quot;/&gt;
      &lt;class name=&quot;com.YouMagicPro.LKA_tests.ContractKpp6NumbersInTextFieldTest&quot;/&gt;
      &lt;class name=&quot;com.YouMagicPro.LKA_tests.ContractKppLettersAndNumbersTest&quot;/&gt;
      &lt;class name=&quot;com.YouMagicPro.LKA_tests.ContractKppLettersTest&quot;/&gt;
      &lt;class name=&quot;com.YouMagicPro.LKA_tests.ContractKppOneNumberInTextFieldTest&quot;/&gt;
      &lt;class name=&quot;com.YouMagicPro.LKA_tests.ContractKppSymbolsTest&quot;/&gt;
      &lt;class name=&quot;com.YouMagicPro.LKA_tests.ContractOgrn6NumbersInTextFieldTest&quot;/&gt;
      &lt;class name=&quot;com.YouMagicPro.LKA_tests.ContractOgrnLettersAndNumbersInTextFieldTest&quot;/&gt;
      &lt;class name=&quot;com.YouMagicPro.LKA_tests.ContractOgrnLettersInTextFieldTest&quot;/&gt;
      &lt;class name=&quot;com.YouMagicPro.LKA_tests.ContractOgrnOneNumberInTextFieldTest&quot;/&gt;
      &lt;class name=&quot;com.YouMagicPro.LKA_tests.ContractOgrnSymbolsTest&quot;/&gt;
      &lt;class name=&quot;com.YouMagicPro.LKA_tests.DiscSpaceTest&quot;/&gt;
      &lt;class name=&quot;com.YouMagicPro.LKA_tests.ExpenseStructureAdditionalNumbersFeeTest&quot;/&gt;
      &lt;class name=&quot;com.YouMagicPro.LKA_tests.ExpenseStructureChooseAdditionalNumbersTest&quot;/&gt;
      &lt;class name=&quot;com.YouMagicPro.LKA_tests.ExpenseStructureChooseIntNumbersPageTest&quot;/&gt;
      &lt;class name=&quot;com.YouMagicPro.LKA_tests.ExpenseStructureInternalNumbersFeeTest&quot;/&gt;
      &lt;class name=&quot;com.YouMagicPro.LKA_tests.ExpenseStructureRentalFeeTest&quot;/&gt;
      &lt;class name=&quot;com.YouMagicPro.LKA_tests.GroupsOneInNumberTest&quot;/&gt;
      &lt;class name=&quot;com.YouMagicPro.LKA_tests.GroupsThreeInNumberTest&quot;/&gt;
      &lt;class name=&quot;com.YouMagicPro.LKA_tests.OrderByEmailCancelButtonTest&quot;/&gt;
      &lt;class name=&quot;com.YouMagicPro.LKA_tests.OrderByEmailChangeEmailTest&quot;/&gt;
      &lt;class name=&quot;com.YouMagicPro.LKA_tests.OrderByEmailChangeNameTest&quot;/&gt;
      &lt;class name=&quot;com.YouMagicPro.LKA_tests.OrderByEmailOrderWithoutDocTypeCheckedTest&quot;/&gt;
      &lt;class name=&quot;com.YouMagicPro.LKA_tests.OrderByPickUpCancelButtonTest&quot;/&gt;
      &lt;class name=&quot;com.YouMagicPro.LKA_tests.OrderByPickUpChangeNameTest&quot;/&gt;
      &lt;class name=&quot;com.YouMagicPro.LKA_tests.OrderByPickUpChangePhoneTest&quot;/&gt;
      &lt;class name=&quot;com.YouMagicPro.LKA_tests.OrderByPickUpOrderWithoutDocTypeCheckedTest&quot;/&gt;
      &lt;class name=&quot;com.YouMagicPro.LKA_tests.OrderDeliveryOfContractCancelButtonTest&quot;/&gt;
      &lt;class name=&quot;com.YouMagicPro.LKA_tests.OrderDeliveryOfContractDropdownListTest&quot;/&gt;
      &lt;class name=&quot;com.YouMagicPro.LKA_tests.OrderToAdressCancelButtonClickTest&quot;/&gt;
      &lt;class name=&quot;com.YouMagicPro.LKA_tests.OrderToAdressChangeNameTest&quot;/&gt;
      &lt;class name=&quot;com.YouMagicPro.LKA_tests.OrderToAdressChangePhoneTest&quot;/&gt;
      &lt;class name=&quot;com.YouMagicPro.LKA_tests.OrderToAdressNoTextFieldFilledTest&quot;/&gt;
      &lt;class name=&quot;com.YouMagicPro.LKA_tests.TestBase&quot;/&gt;
    &lt;/classes&gt;
  &lt;/test&gt; &lt;!-- com.YouMagicPro.LKA_tests --&gt;
&lt;/suite&gt; &lt;!-- com.YouMagicPro.LKA_tests --&gt;
            </pre>
          </div> <!-- main-panel-content rounded-window-bottom -->
        </div> <!-- panel -->
        <div panel-name="testlist-com.YouMagicPro.LKA_tests" class="panel">
          <div class="main-panel-header rounded-window-top">
            <span class="header-content">Tests for com.YouMagicPro.LKA_tests</span>
          </div> <!-- main-panel-header rounded-window-top -->
          <div class="main-panel-content rounded-window-bottom">
            <ul>
              <li>
                <span class="test-name">com.YouMagicPro.LKA_tests (63 classes)</span>
              </li>
            </ul>
          </div> <!-- main-panel-content rounded-window-bottom -->
        </div> <!-- panel -->
        <div panel-name="group-com.YouMagicPro.LKA_tests" class="panel">
          <div class="main-panel-header rounded-window-top">
            <span class="header-content">Groups for com.YouMagicPro.LKA_tests</span>
          </div> <!-- main-panel-header rounded-window-top -->
          <div class="main-panel-content rounded-window-bottom">
          </div> <!-- main-panel-content rounded-window-bottom -->
        </div> <!-- panel -->
        <div panel-name="times-com.YouMagicPro.LKA_tests" class="panel">
          <div class="main-panel-header rounded-window-top">
            <span class="header-content">Times for com.YouMagicPro.LKA_tests</span>
          </div> <!-- main-panel-header rounded-window-top -->
          <div class="main-panel-content rounded-window-bottom">
            <div class="times-div">
              <script type="text/javascript">
suiteTableInitFunctions.push('tableData_com.YouMagicPro.LKA_tests');
function tableData_com.YouMagicPro.LKA_tests() {
var data = new google.visualization.DataTable();
data.addColumn('number', 'Number');
data.addColumn('string', 'Method');
data.addColumn('string', 'Class');
data.addColumn('number', 'Time (ms)');
data.addRows(62);
data.setCell(0, 0, 0)
data.setCell(0, 1, 'contractCorAccountTenInTextFieldTest_C15000')
data.setCell(0, 2, 'com.YouMagicPro.LKA_tests.ContractCorAccountLettersAndNumbersTextFieldTest')
data.setCell(0, 3, 530565);
data.setCell(1, 0, 1)
data.setCell(1, 1, 'contractInnOneInTextFieldTest_C15028')
data.setCell(1, 2, 'com.YouMagicPro.LKA_tests.ContractInnOneInTextFieldTest')
data.setCell(1, 3, 458766);
data.setCell(2, 0, 2)
data.setCell(2, 1, 'contractInnLettersInTextFieldTest_C15030')
data.setCell(2, 2, 'com.YouMagicPro.LKA_tests.ContractInnLettersInTextFieldTest')
data.setCell(2, 3, 447818);
data.setCell(3, 0, 3)
data.setCell(3, 1, 'contractCorAccountLettersInTextFieldTest_C15001')
data.setCell(3, 2, 'com.YouMagicPro.LKA_tests.ContractCorAccountLettersInTextFieldTest')
data.setCell(3, 3, 399340);
data.setCell(4, 0, 4)
data.setCell(4, 1, 'contractInnChooseForm_C15047')
data.setCell(4, 2, 'com.YouMagicPro.LKA_tests.ContractInnChooseFormTest')
data.setCell(4, 3, 203506);
data.setCell(5, 0, 5)
data.setCell(5, 1, 'contractInnLettersInTextFieldTest_C15030')
data.setCell(5, 2, 'com.YouMagicPro.LKA_tests.ContractInnSymbolsInTextFieldTest')
data.setCell(5, 3, 193587);
data.setCell(6, 0, 6)
data.setCell(6, 1, 'contractCorAccount19NumbersTest_C15005')
data.setCell(6, 2, 'com.YouMagicPro.LKA_tests.ContractCorAccount19NumbersTest')
data.setCell(6, 3, 128144);
data.setCell(7, 0, 7)
data.setCell(7, 1, 'contractEndOfPageDataTest_C15062')
data.setCell(7, 2, 'com.YouMagicPro.LKA_tests.ContractEndOfPageDataTest')
data.setCell(7, 3, 104124);
data.setCell(8, 0, 8)
data.setCell(8, 1, 'contractBankAccountLettersInTextFieldTest_C14995')
data.setCell(8, 2, 'com.YouMagicPro.LKA_tests.ContractBankAccountLettersInTextFieldTest')
data.setCell(8, 3, 100160);
data.setCell(9, 0, 9)
data.setCell(9, 1, 'contractBankAccountOneInTextFieldTest_C14993')
data.setCell(9, 2, 'com.YouMagicPro.LKA_tests.ContractBankAccountOneInTextFieldTest')
data.setCell(9, 3, 94820);
data.setCell(10, 0, 10)
data.setCell(10, 1, 'contractBankAccountLettersAndNumbersTest_C14496')
data.setCell(10, 2, 'com.YouMagicPro.LKA_tests.ContractBankAccountLettersAndNumbersTest')
data.setCell(10, 3, 93709);
data.setCell(11, 0, 11)
data.setCell(11, 1, 'fillInContractDataTest')
data.setCell(11, 2, 'com.YouMagicPro.LKA_tests.ContractFillInDataTest')
data.setCell(11, 3, 79665);
data.setCell(12, 0, 12)
data.setCell(12, 1, 'contractCorAccountOneInTextFieldTest_C14499')
data.setCell(12, 2, 'com.YouMagicPro.LKA_tests.ContractCorAccountOneInTextFieldTest')
data.setCell(12, 3, 73974);
data.setCell(13, 0, 13)
data.setCell(13, 1, 'buyingAdditionalInternalNumberCheckCost_C15113')
data.setCell(13, 2, 'com.YouMagicPro.LKA_tests.BuyingAdditionalInternalNumberCheckCost')
data.setCell(13, 3, 65251);
data.setCell(14, 0, 14)
data.setCell(14, 1, 'buying804NumberCategoriesOfNumbers_C25622')
data.setCell(14, 2, 'com.YouMagicPro.LKA_tests.Buying804NumberCategoriesOfNumbers')
data.setCell(14, 3, 64917);
data.setCell(15, 0, 15)
data.setCell(15, 1, 'contractBankAccountSymbolsInTextFieldTest_C14997')
data.setCell(15, 2, 'com.YouMagicPro.LKA_tests.ContractBankAccountSymbolsInTextFieldTest')
data.setCell(15, 3, 55455);
data.setCell(16, 0, 16)
data.setCell(16, 1, 'buyingAdditionalInternalNumberTextFieldTest_C15112')
data.setCell(16, 2, 'com.YouMagicPro.LKA_tests.BuyingAdditionalInternalNumberTextFieldTest')
data.setCell(16, 3, 53894);
data.setCell(17, 0, 17)
data.setCell(17, 1, 'buying804NumberCostOfNumberTest_C25623')
data.setCell(17, 2, 'com.YouMagicPro.LKA_tests.Buying804NumberCostOfNumberTest')
data.setCell(17, 3, 53592);
data.setCell(18, 0, 18)
data.setCell(18, 1, 'contractBankAccountTenInTextFieldTest_C14994')
data.setCell(18, 2, 'com.YouMagicPro.LKA_tests.ContractBankAccountTenInTextFieldTest')
data.setCell(18, 3, 39862);
data.setCell(19, 0, 19)
data.setCell(19, 1, 'BuyingAdditionalNumberChooseNumberCategories_C15105')
data.setCell(19, 2, 'com.YouMagicPro.LKA_tests.BuyingAdditionalNumberChooseNumberCategories')
data.setCell(19, 3, 38623);
data.setCell(20, 0, 20)
data.setCell(20, 1, 'contractInn6NumbersInTextFieldTest_C15029')
data.setCell(20, 2, 'com.YouMagicPro.LKA_tests.ContractInn6NumbersInTextFieldTest')
data.setCell(20, 3, 36647);
data.setCell(21, 0, 21)
data.setCell(21, 1, 'buyingAdditionalNumberChooseCityFromList_C15103')
data.setCell(21, 2, 'com.YouMagicPro.LKA_tests.BuyingAdditionalNumberChooseCityFromList')
data.setCell(21, 3, 31317);
data.setCell(22, 0, 22)
data.setCell(22, 1, 'contractKppTest_C15049')
data.setCell(22, 2, 'com.YouMagicPro.LKA_tests.ContractKpp6NumbersInTextFieldTest')
data.setCell(22, 3, 29627);
data.setCell(23, 0, 23)
data.setCell(23, 1, 'contractKppTest_C15048')
data.setCell(23, 2, 'com.YouMagicPro.LKA_tests.ContractKppOneNumberInTextFieldTest')
data.setCell(23, 3, 24492);
data.setCell(24, 0, 24)
data.setCell(24, 1, 'contractBikTest1inTextField_C15022')
data.setCell(24, 2, 'com.YouMagicPro.LKA_tests.ContractBik1inTextFieldTest')
data.setCell(24, 3, 24148);
data.setCell(25, 0, 25)
data.setCell(25, 1, 'contractCorAccountTenInTextFieldTest_C15000')
data.setCell(25, 2, 'com.YouMagicPro.LKA_tests.ContractCorAccountTenInTextFieldTest')
data.setCell(25, 3, 23918);
data.setCell(26, 0, 26)
data.setCell(26, 1, 'orderByEmailChangeNameTest_C25671')
data.setCell(26, 2, 'com.YouMagicPro.LKA_tests.OrderByEmailChangeNameTest')
data.setCell(26, 3, 23627);
data.setCell(27, 0, 27)
data.setCell(27, 1, 'contractOgrn6NumbersInTextFieldTest_C15055')
data.setCell(27, 2, 'com.YouMagicPro.LKA_tests.ContractOgrn6NumbersInTextFieldTest')
data.setCell(27, 3, 23396);
data.setCell(28, 0, 28)
data.setCell(28, 1, 'OrderToAdressNoTextFieldFilledTest_C25679')
data.setCell(28, 2, 'com.YouMagicPro.LKA_tests.OrderToAdressNoTextFieldFilledTest')
data.setCell(28, 3, 22616);
data.setCell(29, 0, 29)
data.setCell(29, 1, 'contractFillBankAccountTest')
data.setCell(29, 2, 'com.YouMagicPro.LKA_tests.ContractOgrnSymbolsTest')
data.setCell(29, 3, 22597);
data.setCell(30, 0, 30)
data.setCell(30, 1, 'contractOgrnLettersAndNumbersInTextFieldTest_C15057')
data.setCell(30, 2, 'com.YouMagicPro.LKA_tests.ContractOgrnLettersAndNumbersInTextFieldTest')
data.setCell(30, 3, 22506);
data.setCell(31, 0, 31)
data.setCell(31, 1, 'contractKppTest_C15054')
data.setCell(31, 2, 'com.YouMagicPro.LKA_tests.ContractKppLettersAndNumbersTest')
data.setCell(31, 3, 22475);
data.setCell(32, 0, 32)
data.setCell(32, 1, 'orderByEmailCancelButtonTest_C15141')
data.setCell(32, 2, 'com.YouMagicPro.LKA_tests.OrderByEmailCancelButtonTest')
data.setCell(32, 3, 22170);
data.setCell(33, 0, 33)
data.setCell(33, 1, 'contractOgrnOneNumberInTextFieldTest_C15053')
data.setCell(33, 2, 'com.YouMagicPro.LKA_tests.ContractOgrnOneNumberInTextFieldTest')
data.setCell(33, 3, 21488);
data.setCell(34, 0, 34)
data.setCell(34, 1, 'contractKppTest_C15050')
data.setCell(34, 2, 'com.YouMagicPro.LKA_tests.ContractKppLettersTest')
data.setCell(34, 3, 21326);
data.setCell(35, 0, 35)
data.setCell(35, 1, 'contractBikSymbolsInTextFieldTest_C15026')
data.setCell(35, 2, 'com.YouMagicPro.LKA_tests.ContractBikSymbolsInTextFieldTest')
data.setCell(35, 3, 21217);
data.setCell(36, 0, 36)
data.setCell(36, 1, 'orderByPickUpOrderWithoutDocTypeCheckedTest_C25663')
data.setCell(36, 2, 'com.YouMagicPro.LKA_tests.OrderByPickUpOrderWithoutDocTypeCheckedTest')
data.setCell(36, 3, 21174);
data.setCell(37, 0, 37)
data.setCell(37, 1, 'contractKppTest_C15051')
data.setCell(37, 2, 'com.YouMagicPro.LKA_tests.ContractKppSymbolsTest')
data.setCell(37, 3, 21147);
data.setCell(38, 0, 38)
data.setCell(38, 1, 'contractOgrnLettersInTextFieldTest_C15056')
data.setCell(38, 2, 'com.YouMagicPro.LKA_tests.ContractOgrnLettersInTextFieldTest')
data.setCell(38, 3, 20791);
data.setCell(39, 0, 39)
data.setCell(39, 1, 'contractBikTestLettersInTextField_C15023')
data.setCell(39, 2, 'com.YouMagicPro.LKA_tests.ContractBikLettersInTextFieldTest')
data.setCell(39, 3, 20677);
data.setCell(40, 0, 40)
data.setCell(40, 1, 'contractBikTest_C15025')
data.setCell(40, 2, 'com.YouMagicPro.LKA_tests.ContractBikLettersAndNumbersInTextFieldTest')
data.setCell(40, 3, 20654);
data.setCell(41, 0, 41)
data.setCell(41, 1, 'BuyingAdditionalNumberChooseNumbersFromList_C15106')
data.setCell(41, 2, 'com.YouMagicPro.LKA_tests.BuyingAdditionalNumberChooseNumbersFromList')
data.setCell(41, 3, 20546);
data.setCell(42, 0, 42)
data.setCell(42, 1, 'expenseStructureTest')
data.setCell(42, 2, 'com.YouMagicPro.LKA_tests.OrderDeliveryOfContractDropdownListTest')
data.setCell(42, 3, 19730);
data.setCell(43, 0, 43)
data.setCell(43, 1, 'orderByPickUpChangeNameTest_C25668')
data.setCell(43, 2, 'com.YouMagicPro.LKA_tests.OrderByPickUpChangeNameTest')
data.setCell(43, 3, 19520);
data.setCell(44, 0, 44)
data.setCell(44, 1, 'contractCorAccountSymbolsInTextFieldTest_C15003')
data.setCell(44, 2, 'com.YouMagicPro.LKA_tests.ContractCorAccountSymbolsInTextFieldTest')
data.setCell(44, 3, 19343);
data.setCell(45, 0, 45)
data.setCell(45, 1, 'orderToAdressCancelButtonClickTest_C25675')
data.setCell(45, 2, 'com.YouMagicPro.LKA_tests.OrderToAdressCancelButtonClickTest')
data.setCell(45, 3, 19272);
data.setCell(46, 0, 46)
data.setCell(46, 1, 'orderByPickUpCancelButtonTest_C25664')
data.setCell(46, 2, 'com.YouMagicPro.LKA_tests.OrderByPickUpCancelButtonTest')
data.setCell(46, 3, 19135);
data.setCell(47, 0, 47)
data.setCell(47, 1, 'orderByEmailOrderWithoutDocTypeCheckedTest_C25656')
data.setCell(47, 2, 'com.YouMagicPro.LKA_tests.OrderByEmailOrderWithoutDocTypeCheckedTest')
data.setCell(47, 3, 19060);
data.setCell(48, 0, 48)
data.setCell(48, 1, 'contractCheckDocumentTest_C14986')
data.setCell(48, 2, 'com.YouMagicPro.LKA_tests.ContractCheckDocumentTest')
data.setCell(48, 3, 18742);
data.setCell(49, 0, 49)
data.setCell(49, 1, 'orderToAdressChangeNameTest_C25672')
data.setCell(49, 2, 'com.YouMagicPro.LKA_tests.OrderToAdressChangeNameTest')
data.setCell(49, 3, 18099);
data.setCell(50, 0, 50)
data.setCell(50, 1, 'orderToAdressChangePhoneTest_C25677')
data.setCell(50, 2, 'com.YouMagicPro.LKA_tests.OrderToAdressChangePhoneTest')
data.setCell(50, 3, 17091);
data.setCell(51, 0, 51)
data.setCell(51, 1, 'orderByEmailChangeEmailTest_C25653')
data.setCell(51, 2, 'com.YouMagicPro.LKA_tests.OrderByEmailChangeEmailTest')
data.setCell(51, 3, 17054);
data.setCell(52, 0, 52)
data.setCell(52, 1, 'expenseStructureChooseIntNumbersPageTest_C15102')
data.setCell(52, 2, 'com.YouMagicPro.LKA_tests.ExpenseStructureChooseIntNumbersPageTest')
data.setCell(52, 3, 16959);
data.setCell(53, 0, 53)
data.setCell(53, 1, 'OrderByPickUpChangePhoneTest_C25666')
data.setCell(53, 2, 'com.YouMagicPro.LKA_tests.OrderByPickUpChangePhoneTest')
data.setCell(53, 3, 16917);
data.setCell(54, 0, 54)
data.setCell(54, 1, 'expenseStructureTest')
data.setCell(54, 2, 'com.YouMagicPro.LKA_tests.OrderDeliveryOfContractCancelButtonTest')
data.setCell(54, 3, 16437);
data.setCell(55, 0, 55)
data.setCell(55, 1, 'groupsTest')
data.setCell(55, 2, 'com.YouMagicPro.LKA_tests.GroupsOneInNumberTest')
data.setCell(55, 3, 14811);
data.setCell(56, 0, 56)
data.setCell(56, 1, 'expenseStructureChooseAdditionalNumbersTest_C15100')
data.setCell(56, 2, 'com.YouMagicPro.LKA_tests.ExpenseStructureChooseAdditionalNumbersTest')
data.setCell(56, 3, 10503);
data.setCell(57, 0, 57)
data.setCell(57, 1, 'expenseStructureTest')
data.setCell(57, 2, 'com.YouMagicPro.LKA_tests.DiscSpaceTest')
data.setCell(57, 3, 9317);
data.setCell(58, 0, 58)
data.setCell(58, 1, 'groupsThreeInNumberTest_C15189')
data.setCell(58, 2, 'com.YouMagicPro.LKA_tests.GroupsThreeInNumberTest')
data.setCell(58, 3, 9031);
data.setCell(59, 0, 59)
data.setCell(59, 1, 'expenseStructureInternalNumbersFeeTest_C15101')
data.setCell(59, 2, 'com.YouMagicPro.LKA_tests.ExpenseStructureInternalNumbersFeeTest')
data.setCell(59, 3, 8965);
data.setCell(60, 0, 60)
data.setCell(60, 1, 'expenseStructureAdditionalNumbersFeeTest_C15096')
data.setCell(60, 2, 'com.YouMagicPro.LKA_tests.ExpenseStructureAdditionalNumbersFeeTest')
data.setCell(60, 3, 8922);
data.setCell(61, 0, 61)
data.setCell(61, 1, 'expenseStructureRentalFeeTest_C15096')
data.setCell(61, 2, 'com.YouMagicPro.LKA_tests.ExpenseStructureRentalFeeTest')
data.setCell(61, 3, 8819);
window.suiteTableData['com.YouMagicPro.LKA_tests']= { tableData: data, tableDiv: 'times-div-com.YouMagicPro.LKA_tests'}
return data;
}
              </script>
              <span class="suite-total-time">Total running time: 1 hours</span>
              <div id="times-div-com.YouMagicPro.LKA_tests">
              </div> <!-- times-div-com.YouMagicPro.LKA_tests -->
            </div> <!-- times-div -->
          </div> <!-- main-panel-content rounded-window-bottom -->
        </div> <!-- panel -->
        <div panel-name="reporter-com.YouMagicPro.LKA_tests" class="panel">
          <div class="main-panel-header rounded-window-top">
            <span class="header-content">Reporter output for com.YouMagicPro.LKA_tests</span>
          </div> <!-- main-panel-header rounded-window-top -->
          <div class="main-panel-content rounded-window-bottom">
          </div> <!-- main-panel-content rounded-window-bottom -->
        </div> <!-- panel -->
        <div panel-name="ignored-methods-com.YouMagicPro.LKA_tests" class="panel">
          <div class="main-panel-header rounded-window-top">
            <span class="header-content">0 ignored methods</span>
          </div> <!-- main-panel-header rounded-window-top -->
          <div class="main-panel-content rounded-window-bottom">
          </div> <!-- main-panel-content rounded-window-bottom -->
        </div> <!-- panel -->
        <div panel-name="chronological-com.YouMagicPro.LKA_tests" class="panel">
          <div class="main-panel-header rounded-window-top">
            <span class="header-content">Methods in chronological order</span>
          </div> <!-- main-panel-header rounded-window-top -->
          <div class="main-panel-content rounded-window-bottom">
            <div class="chronological-class">
              <div class="chronological-class-name">com.YouMagicPro.LKA_tests.Buying804NumberCategoriesOfNumbers</div> <!-- chronological-class-name -->
              <div class="configuration-class before">
                <span class="method-name">startWebDriver</span>
                <span class="method-start">0 ms</span>
              </div> <!-- configuration-class before -->
              <div class="test-method">
                <img src="failed.png">
                </img>
                <span class="method-name">buying804NumberCategoriesOfNumbers_C25622</span>
                <span class="method-start">1618 ms</span>
              </div> <!-- test-method -->
              <div class="configuration-class after">
                <span class="method-name">closeSession</span>
                <span class="method-start">66543 ms</span>
              </div> <!-- configuration-class after -->
            </div> <!-- chronological-class -->
            <div class="chronological-class">
              <div class="chronological-class-name">com.YouMagicPro.LKA_tests.Buying804NumberCostOfNumberTest</div> <!-- chronological-class-name -->
              <div class="configuration-class before">
                <span class="method-name">startWebDriver</span>
                <span class="method-start">66549 ms</span>
              </div> <!-- configuration-class before -->
              <div class="test-method">
                <span class="method-name">buying804NumberCostOfNumberTest_C25623</span>
                <span class="method-start">67738 ms</span>
              </div> <!-- test-method -->
              <div class="configuration-class after">
                <span class="method-name">closeSession</span>
                <span class="method-start">121330 ms</span>
              </div> <!-- configuration-class after -->
            </div> <!-- chronological-class -->
            <div class="chronological-class">
              <div class="chronological-class-name">com.YouMagicPro.LKA_tests.BuyingAdditionalInternalNumberCheckCost</div> <!-- chronological-class-name -->
              <div class="configuration-class before">
                <span class="method-name">startWebDriver</span>
                <span class="method-start">121332 ms</span>
              </div> <!-- configuration-class before -->
              <div class="test-method">
                <span class="method-name">buyingAdditionalInternalNumberCheckCost_C15113</span>
                <span class="method-start">122053 ms</span>
              </div> <!-- test-method -->
              <div class="configuration-class after">
                <span class="method-name">closeSession</span>
                <span class="method-start">187304 ms</span>
              </div> <!-- configuration-class after -->
            </div> <!-- chronological-class -->
            <div class="chronological-class">
              <div class="chronological-class-name">com.YouMagicPro.LKA_tests.BuyingAdditionalInternalNumberTextFieldTest</div> <!-- chronological-class-name -->
              <div class="configuration-class before">
                <span class="method-name">startWebDriver</span>
                <span class="method-start">187307 ms</span>
              </div> <!-- configuration-class before -->
              <div class="test-method">
                <span class="method-name">buyingAdditionalInternalNumberTextFieldTest_C15112</span>
                <span class="method-start">187971 ms</span>
              </div> <!-- test-method -->
              <div class="configuration-class after">
                <span class="method-name">closeSession</span>
                <span class="method-start">241865 ms</span>
              </div> <!-- configuration-class after -->
            </div> <!-- chronological-class -->
            <div class="chronological-class">
              <div class="chronological-class-name">com.YouMagicPro.LKA_tests.BuyingAdditionalNumberChooseCityFromList</div> <!-- chronological-class-name -->
              <div class="configuration-class before">
                <span class="method-name">startWebDriver</span>
                <span class="method-start">241867 ms</span>
              </div> <!-- configuration-class before -->
              <div class="test-method">
                <span class="method-name">buyingAdditionalNumberChooseCityFromList_C15103</span>
                <span class="method-start">243032 ms</span>
              </div> <!-- test-method -->
              <div class="configuration-class after">
                <span class="method-name">closeSession</span>
                <span class="method-start">274349 ms</span>
              </div> <!-- configuration-class after -->
            </div> <!-- chronological-class -->
            <div class="chronological-class">
              <div class="chronological-class-name">com.YouMagicPro.LKA_tests.BuyingAdditionalNumberChooseNumberCategories</div> <!-- chronological-class-name -->
              <div class="configuration-class before">
                <span class="method-name">startWebDriver</span>
                <span class="method-start">274352 ms</span>
              </div> <!-- configuration-class before -->
              <div class="test-method">
                <span class="method-name">BuyingAdditionalNumberChooseNumberCategories_C15105</span>
                <span class="method-start">275516 ms</span>
              </div> <!-- test-method -->
              <div class="configuration-class after">
                <span class="method-name">closeSession</span>
                <span class="method-start">314139 ms</span>
              </div> <!-- configuration-class after -->
            </div> <!-- chronological-class -->
            <div class="chronological-class">
              <div class="chronological-class-name">com.YouMagicPro.LKA_tests.BuyingAdditionalNumberChooseNumbersFromList</div> <!-- chronological-class-name -->
              <div class="configuration-class before">
                <span class="method-name">startWebDriver</span>
                <span class="method-start">314141 ms</span>
              </div> <!-- configuration-class before -->
              <div class="test-method">
                <span class="method-name">BuyingAdditionalNumberChooseNumbersFromList_C15106</span>
                <span class="method-start">315309 ms</span>
              </div> <!-- test-method -->
              <div class="configuration-class after">
                <span class="method-name">closeSession</span>
                <span class="method-start">335856 ms</span>
              </div> <!-- configuration-class after -->
            </div> <!-- chronological-class -->
            <div class="chronological-class">
              <div class="chronological-class-name">com.YouMagicPro.LKA_tests.ContractBankAccountLettersAndNumbersTest</div> <!-- chronological-class-name -->
              <div class="configuration-class before">
                <span class="method-name">startWebDriver</span>
                <span class="method-start">335858 ms</span>
              </div> <!-- configuration-class before -->
              <div class="test-method">
                <span class="method-name">contractBankAccountLettersAndNumbersTest_C14496</span>
                <span class="method-start">337044 ms</span>
              </div> <!-- test-method -->
              <div class="configuration-class after">
                <span class="method-name">closeSession</span>
                <span class="method-start">430754 ms</span>
              </div> <!-- configuration-class after -->
            </div> <!-- chronological-class -->
            <div class="chronological-class">
              <div class="chronological-class-name">com.YouMagicPro.LKA_tests.ContractBankAccountLettersInTextFieldTest</div> <!-- chronological-class-name -->
              <div class="configuration-class before">
                <span class="method-name">startWebDriver</span>
                <span class="method-start">430757 ms</span>
              </div> <!-- configuration-class before -->
              <div class="test-method">
                <span class="method-name">contractBankAccountLettersInTextFieldTest_C14995</span>
                <span class="method-start">431955 ms</span>
              </div> <!-- test-method -->
              <div class="configuration-class after">
                <span class="method-name">closeSession</span>
                <span class="method-start">532115 ms</span>
              </div> <!-- configuration-class after -->
            </div> <!-- chronological-class -->
            <div class="chronological-class">
              <div class="chronological-class-name">com.YouMagicPro.LKA_tests.ContractBankAccountOneInTextFieldTest</div> <!-- chronological-class-name -->
              <div class="configuration-class before">
                <span class="method-name">startWebDriver</span>
                <span class="method-start">532118 ms</span>
              </div> <!-- configuration-class before -->
              <div class="test-method">
                <span class="method-name">contractBankAccountOneInTextFieldTest_C14993</span>
                <span class="method-start">533519 ms</span>
              </div> <!-- test-method -->
              <div class="configuration-class after">
                <span class="method-name">closeSession</span>
                <span class="method-start">628339 ms</span>
              </div> <!-- configuration-class after -->
            </div> <!-- chronological-class -->
            <div class="chronological-class">
              <div class="chronological-class-name">com.YouMagicPro.LKA_tests.ContractBankAccountSymbolsInTextFieldTest</div> <!-- chronological-class-name -->
              <div class="configuration-class before">
                <span class="method-name">startWebDriver</span>
                <span class="method-start">628342 ms</span>
              </div> <!-- configuration-class before -->
              <div class="test-method">
                <span class="method-name">contractBankAccountSymbolsInTextFieldTest_C14997</span>
                <span class="method-start">629532 ms</span>
              </div> <!-- test-method -->
              <div class="configuration-class after">
                <span class="method-name">closeSession</span>
                <span class="method-start">684987 ms</span>
              </div> <!-- configuration-class after -->
            </div> <!-- chronological-class -->
            <div class="chronological-class">
              <div class="chronological-class-name">com.YouMagicPro.LKA_tests.ContractBankAccountTenInTextFieldTest</div> <!-- chronological-class-name -->
              <div class="configuration-class before">
                <span class="method-name">startWebDriver</span>
                <span class="method-start">684989 ms</span>
              </div> <!-- configuration-class before -->
              <div class="test-method">
                <span class="method-name">contractBankAccountTenInTextFieldTest_C14994</span>
                <span class="method-start">686156 ms</span>
              </div> <!-- test-method -->
              <div class="configuration-class after">
                <span class="method-name">closeSession</span>
                <span class="method-start">726018 ms</span>
              </div> <!-- configuration-class after -->
            </div> <!-- chronological-class -->
            <div class="chronological-class">
              <div class="chronological-class-name">com.YouMagicPro.LKA_tests.ContractBik1inTextFieldTest</div> <!-- chronological-class-name -->
              <div class="configuration-class before">
                <span class="method-name">startWebDriver</span>
                <span class="method-start">726020 ms</span>
              </div> <!-- configuration-class before -->
              <div class="test-method">
                <span class="method-name">contractBikTest1inTextField_C15022</span>
                <span class="method-start">727181 ms</span>
              </div> <!-- test-method -->
              <div class="configuration-class after">
                <span class="method-name">closeSession</span>
                <span class="method-start">751329 ms</span>
              </div> <!-- configuration-class after -->
            </div> <!-- chronological-class -->
            <div class="chronological-class">
              <div class="chronological-class-name">com.YouMagicPro.LKA_tests.ContractBikLettersAndNumbersInTextFieldTest</div> <!-- chronological-class-name -->
              <div class="configuration-class before">
                <span class="method-name">startWebDriver</span>
                <span class="method-start">751332 ms</span>
              </div> <!-- configuration-class before -->
              <div class="test-method">
                <span class="method-name">contractBikTest_C15025</span>
                <span class="method-start">752499 ms</span>
              </div> <!-- test-method -->
              <div class="configuration-class after">
                <span class="method-name">closeSession</span>
                <span class="method-start">773153 ms</span>
              </div> <!-- configuration-class after -->
            </div> <!-- chronological-class -->
            <div class="chronological-class">
              <div class="chronological-class-name">com.YouMagicPro.LKA_tests.ContractBikLettersInTextFieldTest</div> <!-- chronological-class-name -->
              <div class="configuration-class before">
                <span class="method-name">startWebDriver</span>
                <span class="method-start">773155 ms</span>
              </div> <!-- configuration-class before -->
              <div class="test-method">
                <span class="method-name">contractBikTestLettersInTextField_C15023</span>
                <span class="method-start">774318 ms</span>
              </div> <!-- test-method -->
              <div class="configuration-class after">
                <span class="method-name">closeSession</span>
                <span class="method-start">794995 ms</span>
              </div> <!-- configuration-class after -->
            </div> <!-- chronological-class -->
            <div class="chronological-class">
              <div class="chronological-class-name">com.YouMagicPro.LKA_tests.ContractBikSymbolsInTextFieldTest</div> <!-- chronological-class-name -->
              <div class="configuration-class before">
                <span class="method-name">startWebDriver</span>
                <span class="method-start">794997 ms</span>
              </div> <!-- configuration-class before -->
              <div class="test-method">
                <span class="method-name">contractBikSymbolsInTextFieldTest_C15026</span>
                <span class="method-start">796168 ms</span>
              </div> <!-- test-method -->
              <div class="configuration-class after">
                <span class="method-name">closeSession</span>
                <span class="method-start">817385 ms</span>
              </div> <!-- configuration-class after -->
            </div> <!-- chronological-class -->
            <div class="chronological-class">
              <div class="chronological-class-name">com.YouMagicPro.LKA_tests.ContractCheckDocumentTest</div> <!-- chronological-class-name -->
              <div class="configuration-class before">
                <span class="method-name">startWebDriver</span>
                <span class="method-start">817388 ms</span>
              </div> <!-- configuration-class before -->
              <div class="test-method">
                <span class="method-name">contractCheckDocumentTest_C14986</span>
                <span class="method-start">818593 ms</span>
              </div> <!-- test-method -->
              <div class="configuration-class after">
                <span class="method-name">closeSession</span>
                <span class="method-start">837335 ms</span>
              </div> <!-- configuration-class after -->
            </div> <!-- chronological-class -->
            <div class="chronological-class">
              <div class="chronological-class-name">com.YouMagicPro.LKA_tests.ContractCorAccount19NumbersTest</div> <!-- chronological-class-name -->
              <div class="configuration-class before">
                <span class="method-name">startWebDriver</span>
                <span class="method-start">837337 ms</span>
              </div> <!-- configuration-class before -->
              <div class="test-method">
                <span class="method-name">contractCorAccount19NumbersTest_C15005</span>
                <span class="method-start">837996 ms</span>
              </div> <!-- test-method -->
              <div class="configuration-class after">
                <span class="method-name">closeSession</span>
                <span class="method-start">966140 ms</span>
              </div> <!-- configuration-class after -->
            </div> <!-- chronological-class -->
            <div class="chronological-class">
              <div class="chronological-class-name">com.YouMagicPro.LKA_tests.ContractCorAccountLettersAndNumbersTextFieldTest</div> <!-- chronological-class-name -->
              <div class="configuration-class before">
                <span class="method-name">startWebDriver</span>
                <span class="method-start">966142 ms</span>
              </div> <!-- configuration-class before -->
              <div class="test-method">
                <span class="method-name">contractCorAccountTenInTextFieldTest_C15000</span>
                <span class="method-start">967359 ms</span>
              </div> <!-- test-method -->
              <div class="configuration-class after">
                <span class="method-name">closeSession</span>
                <span class="method-start">1497924 ms</span>
              </div> <!-- configuration-class after -->
            </div> <!-- chronological-class -->
            <div class="chronological-class">
              <div class="chronological-class-name">com.YouMagicPro.LKA_tests.ContractCorAccountLettersInTextFieldTest</div> <!-- chronological-class-name -->
              <div class="configuration-class before">
                <span class="method-name">startWebDriver</span>
                <span class="method-start">1497925 ms</span>
              </div> <!-- configuration-class before -->
              <div class="test-method">
                <img src="failed.png">
                </img>
                <span class="method-name">contractCorAccountLettersInTextFieldTest_C15001</span>
                <span class="method-start">1499448 ms</span>
              </div> <!-- test-method -->
              <div class="configuration-class after">
                <span class="method-name">closeSession</span>
                <span class="method-start">1898790 ms</span>
              </div> <!-- configuration-class after -->
            </div> <!-- chronological-class -->
            <div class="chronological-class">
              <div class="chronological-class-name">com.YouMagicPro.LKA_tests.ContractCorAccountOneInTextFieldTest</div> <!-- chronological-class-name -->
              <div class="configuration-class before">
                <span class="method-name">startWebDriver</span>
                <span class="method-start">1898792 ms</span>
              </div> <!-- configuration-class before -->
              <div class="test-method">
                <span class="method-name">contractCorAccountOneInTextFieldTest_C14499</span>
                <span class="method-start">1900023 ms</span>
              </div> <!-- test-method -->
              <div class="configuration-class after">
                <span class="method-name">closeSession</span>
                <span class="method-start">1973997 ms</span>
              </div> <!-- configuration-class after -->
            </div> <!-- chronological-class -->
            <div class="chronological-class">
              <div class="chronological-class-name">com.YouMagicPro.LKA_tests.ContractCorAccountSymbolsInTextFieldTest</div> <!-- chronological-class-name -->
              <div class="configuration-class before">
                <span class="method-name">startWebDriver</span>
                <span class="method-start">1973999 ms</span>
              </div> <!-- configuration-class before -->
              <div class="test-method">
                <img src="failed.png">
                </img>
                <span class="method-name">contractCorAccountSymbolsInTextFieldTest_C15003</span>
                <span class="method-start">1975176 ms</span>
              </div> <!-- test-method -->
              <div class="configuration-class after">
                <span class="method-name">closeSession</span>
                <span class="method-start">1994521 ms</span>
              </div> <!-- configuration-class after -->
            </div> <!-- chronological-class -->
            <div class="chronological-class">
              <div class="chronological-class-name">com.YouMagicPro.LKA_tests.ContractCorAccountTenInTextFieldTest</div> <!-- chronological-class-name -->
              <div class="configuration-class before">
                <span class="method-name">startWebDriver</span>
                <span class="method-start">1994523 ms</span>
              </div> <!-- configuration-class before -->
              <div class="test-method">
                <span class="method-name">contractCorAccountTenInTextFieldTest_C15000</span>
                <span class="method-start">1995707 ms</span>
              </div> <!-- test-method -->
              <div class="configuration-class after">
                <span class="method-name">closeSession</span>
                <span class="method-start">2019625 ms</span>
              </div> <!-- configuration-class after -->
            </div> <!-- chronological-class -->
            <div class="chronological-class">
              <div class="chronological-class-name">com.YouMagicPro.LKA_tests.ContractEndOfPageDataTest</div> <!-- chronological-class-name -->
              <div class="configuration-class before">
                <span class="method-name">startWebDriver</span>
                <span class="method-start">2019627 ms</span>
              </div> <!-- configuration-class before -->
              <div class="test-method">
                <span class="method-name">contractEndOfPageDataTest_C15062</span>
                <span class="method-start">2020321 ms</span>
              </div> <!-- test-method -->
              <div class="configuration-class after">
                <span class="method-name">closeSession</span>
                <span class="method-start">2124445 ms</span>
              </div> <!-- configuration-class after -->
            </div> <!-- chronological-class -->
            <div class="chronological-class">
              <div class="chronological-class-name">com.YouMagicPro.LKA_tests.ContractFillInDataTest</div> <!-- chronological-class-name -->
              <div class="configuration-class before">
                <span class="method-name">startWebDriver</span>
                <span class="method-start">2124448 ms</span>
              </div> <!-- configuration-class before -->
              <div class="test-method">
                <span class="method-name">fillInContractDataTest</span>
                <span class="method-start">2125637 ms</span>
              </div> <!-- test-method -->
              <div class="configuration-class after">
                <span class="method-name">closeSession</span>
                <span class="method-start">2205302 ms</span>
              </div> <!-- configuration-class after -->
            </div> <!-- chronological-class -->
            <div class="chronological-class">
              <div class="chronological-class-name">com.YouMagicPro.LKA_tests.ContractInn6NumbersInTextFieldTest</div> <!-- chronological-class-name -->
              <div class="configuration-class before">
                <span class="method-name">startWebDriver</span>
                <span class="method-start">2205304 ms</span>
              </div> <!-- configuration-class before -->
              <div class="test-method">
                <span class="method-name">contractInn6NumbersInTextFieldTest_C15029</span>
                <span class="method-start">2206508 ms</span>
              </div> <!-- test-method -->
              <div class="configuration-class after">
                <span class="method-name">closeSession</span>
                <span class="method-start">2243155 ms</span>
              </div> <!-- configuration-class after -->
            </div> <!-- chronological-class -->
            <div class="chronological-class">
              <div class="chronological-class-name">com.YouMagicPro.LKA_tests.ContractInnChooseFormTest</div> <!-- chronological-class-name -->
              <div class="configuration-class before">
                <span class="method-name">startWebDriver</span>
                <span class="method-start">2243158 ms</span>
              </div> <!-- configuration-class before -->
              <div class="test-method">
                <span class="method-name">contractInnChooseForm_C15047</span>
                <span class="method-start">2244350 ms</span>
              </div> <!-- test-method -->
              <div class="configuration-class after">
                <span class="method-name">closeSession</span>
                <span class="method-start">2447856 ms</span>
              </div> <!-- configuration-class after -->
            </div> <!-- chronological-class -->
            <div class="chronological-class">
              <div class="chronological-class-name">com.YouMagicPro.LKA_tests.ContractInnLettersInTextFieldTest</div> <!-- chronological-class-name -->
              <div class="configuration-class before">
                <span class="method-name">startWebDriver</span>
                <span class="method-start">2447859 ms</span>
              </div> <!-- configuration-class before -->
              <div class="test-method">
                <span class="method-name">contractInnLettersInTextFieldTest_C15030</span>
                <span class="method-start">2448547 ms</span>
              </div> <!-- test-method -->
              <div class="configuration-class after">
                <span class="method-name">closeSession</span>
                <span class="method-start">2896365 ms</span>
              </div> <!-- configuration-class after -->
            </div> <!-- chronological-class -->
            <div class="chronological-class">
              <div class="chronological-class-name">com.YouMagicPro.LKA_tests.ContractInnOneInTextFieldTest</div> <!-- chronological-class-name -->
              <div class="configuration-class before">
                <span class="method-name">startWebDriver</span>
                <span class="method-start">2896367 ms</span>
              </div> <!-- configuration-class before -->
              <div class="test-method">
                <img src="failed.png">
                </img>
                <span class="method-name">contractInnOneInTextFieldTest_C15028</span>
                <span class="method-start">2897114 ms</span>
              </div> <!-- test-method -->
              <div class="configuration-class after">
                <span class="method-name">closeSession</span>
                <span class="method-start">3355882 ms</span>
              </div> <!-- configuration-class after -->
            </div> <!-- chronological-class -->
            <div class="chronological-class">
              <div class="chronological-class-name">com.YouMagicPro.LKA_tests.ContractInnSymbolsInTextFieldTest</div> <!-- chronological-class-name -->
              <div class="configuration-class before">
                <span class="method-name">startWebDriver</span>
                <span class="method-start">3355885 ms</span>
              </div> <!-- configuration-class before -->
              <div class="test-method">
                <span class="method-name">contractInnLettersInTextFieldTest_C15030</span>
                <span class="method-start">3357081 ms</span>
              </div> <!-- test-method -->
              <div class="configuration-class after">
                <span class="method-name">closeSession</span>
                <span class="method-start">3550668 ms</span>
              </div> <!-- configuration-class after -->
            </div> <!-- chronological-class -->
            <div class="chronological-class">
              <div class="chronological-class-name">com.YouMagicPro.LKA_tests.ContractKpp6NumbersInTextFieldTest</div> <!-- chronological-class-name -->
              <div class="configuration-class before">
                <span class="method-name">startWebDriver</span>
                <span class="method-start">3550670 ms</span>
              </div> <!-- configuration-class before -->
              <div class="test-method">
                <span class="method-name">contractKppTest_C15049</span>
                <span class="method-start">3551837 ms</span>
              </div> <!-- test-method -->
              <div class="configuration-class after">
                <span class="method-name">closeSession</span>
                <span class="method-start">3581464 ms</span>
              </div> <!-- configuration-class after -->
            </div> <!-- chronological-class -->
            <div class="chronological-class">
              <div class="chronological-class-name">com.YouMagicPro.LKA_tests.ContractKppLettersAndNumbersTest</div> <!-- chronological-class-name -->
              <div class="configuration-class before">
                <span class="method-name">startWebDriver</span>
                <span class="method-start">3581466 ms</span>
              </div> <!-- configuration-class before -->
              <div class="test-method">
                <span class="method-name">contractKppTest_C15054</span>
                <span class="method-start">3582642 ms</span>
              </div> <!-- test-method -->
              <div class="configuration-class after">
                <span class="method-name">closeSession</span>
                <span class="method-start">3605117 ms</span>
              </div> <!-- configuration-class after -->
            </div> <!-- chronological-class -->
            <div class="chronological-class">
              <div class="chronological-class-name">com.YouMagicPro.LKA_tests.ContractKppLettersTest</div> <!-- chronological-class-name -->
              <div class="configuration-class before">
                <span class="method-name">startWebDriver</span>
                <span class="method-start">3605119 ms</span>
              </div> <!-- configuration-class before -->
              <div class="test-method">
                <span class="method-name">contractKppTest_C15050</span>
                <span class="method-start">3606718 ms</span>
              </div> <!-- test-method -->
              <div class="configuration-class after">
                <span class="method-name">closeSession</span>
                <span class="method-start">3628045 ms</span>
              </div> <!-- configuration-class after -->
            </div> <!-- chronological-class -->
            <div class="chronological-class">
              <div class="chronological-class-name">com.YouMagicPro.LKA_tests.ContractKppOneNumberInTextFieldTest</div> <!-- chronological-class-name -->
              <div class="configuration-class before">
                <span class="method-name">startWebDriver</span>
                <span class="method-start">3628046 ms</span>
              </div> <!-- configuration-class before -->
              <div class="test-method">
                <span class="method-name">contractKppTest_C15048</span>
                <span class="method-start">3629220 ms</span>
              </div> <!-- test-method -->
              <div class="configuration-class after">
                <span class="method-name">closeSession</span>
                <span class="method-start">3653712 ms</span>
              </div> <!-- configuration-class after -->
            </div> <!-- chronological-class -->
            <div class="chronological-class">
              <div class="chronological-class-name">com.YouMagicPro.LKA_tests.ContractKppSymbolsTest</div> <!-- chronological-class-name -->
              <div class="configuration-class before">
                <span class="method-name">startWebDriver</span>
                <span class="method-start">3653714 ms</span>
              </div> <!-- configuration-class before -->
              <div class="test-method">
                <span class="method-name">contractKppTest_C15051</span>
                <span class="method-start">3654900 ms</span>
              </div> <!-- test-method -->
              <div class="configuration-class after">
                <span class="method-name">closeSession</span>
                <span class="method-start">3676047 ms</span>
              </div> <!-- configuration-class after -->
            </div> <!-- chronological-class -->
            <div class="chronological-class">
              <div class="chronological-class-name">com.YouMagicPro.LKA_tests.ContractOgrn6NumbersInTextFieldTest</div> <!-- chronological-class-name -->
              <div class="configuration-class before">
                <span class="method-name">startWebDriver</span>
                <span class="method-start">3676049 ms</span>
              </div> <!-- configuration-class before -->
              <div class="test-method">
                <span class="method-name">contractOgrn6NumbersInTextFieldTest_C15055</span>
                <span class="method-start">3676735 ms</span>
              </div> <!-- test-method -->
              <div class="configuration-class after">
                <span class="method-name">closeSession</span>
                <span class="method-start">3700131 ms</span>
              </div> <!-- configuration-class after -->
            </div> <!-- chronological-class -->
            <div class="chronological-class">
              <div class="chronological-class-name">com.YouMagicPro.LKA_tests.ContractOgrnLettersAndNumbersInTextFieldTest</div> <!-- chronological-class-name -->
              <div class="configuration-class before">
                <span class="method-name">startWebDriver</span>
                <span class="method-start">3700133 ms</span>
              </div> <!-- configuration-class before -->
              <div class="test-method">
                <span class="method-name">contractOgrnLettersAndNumbersInTextFieldTest_C15057</span>
                <span class="method-start">3702185 ms</span>
              </div> <!-- test-method -->
              <div class="configuration-class after">
                <span class="method-name">closeSession</span>
                <span class="method-start">3724691 ms</span>
              </div> <!-- configuration-class after -->
            </div> <!-- chronological-class -->
            <div class="chronological-class">
              <div class="chronological-class-name">com.YouMagicPro.LKA_tests.ContractOgrnLettersInTextFieldTest</div> <!-- chronological-class-name -->
              <div class="configuration-class before">
                <span class="method-name">startWebDriver</span>
                <span class="method-start">3724693 ms</span>
              </div> <!-- configuration-class before -->
              <div class="test-method">
                <span class="method-name">contractOgrnLettersInTextFieldTest_C15056</span>
                <span class="method-start">3726027 ms</span>
              </div> <!-- test-method -->
              <div class="configuration-class after">
                <span class="method-name">closeSession</span>
                <span class="method-start">3746819 ms</span>
              </div> <!-- configuration-class after -->
            </div> <!-- chronological-class -->
            <div class="chronological-class">
              <div class="chronological-class-name">com.YouMagicPro.LKA_tests.ContractOgrnOneNumberInTextFieldTest</div> <!-- chronological-class-name -->
              <div class="configuration-class before">
                <span class="method-name">startWebDriver</span>
                <span class="method-start">3746842 ms</span>
              </div> <!-- configuration-class before -->
              <div class="test-method">
                <span class="method-name">contractOgrnOneNumberInTextFieldTest_C15053</span>
                <span class="method-start">3747508 ms</span>
              </div> <!-- test-method -->
              <div class="configuration-class after">
                <span class="method-name">closeSession</span>
                <span class="method-start">3768996 ms</span>
              </div> <!-- configuration-class after -->
            </div> <!-- chronological-class -->
            <div class="chronological-class">
              <div class="chronological-class-name">com.YouMagicPro.LKA_tests.ContractOgrnSymbolsTest</div> <!-- chronological-class-name -->
              <div class="configuration-class before">
                <span class="method-name">startWebDriver</span>
                <span class="method-start">3768998 ms</span>
              </div> <!-- configuration-class before -->
              <div class="test-method">
                <span class="method-name">contractFillBankAccountTest</span>
                <span class="method-start">3770177 ms</span>
              </div> <!-- test-method -->
              <div class="configuration-class after">
                <span class="method-name">closeSession</span>
                <span class="method-start">3792774 ms</span>
              </div> <!-- configuration-class after -->
            </div> <!-- chronological-class -->
            <div class="chronological-class">
              <div class="chronological-class-name">com.YouMagicPro.LKA_tests.DiscSpaceTest</div> <!-- chronological-class-name -->
              <div class="configuration-class before">
                <span class="method-name">startWebDriver</span>
                <span class="method-start">3792777 ms</span>
              </div> <!-- configuration-class before -->
              <div class="test-method">
                <span class="method-name">expenseStructureTest</span>
                <span class="method-start">3794364 ms</span>
              </div> <!-- test-method -->
              <div class="configuration-class after">
                <span class="method-name">closeSession</span>
                <span class="method-start">3803681 ms</span>
              </div> <!-- configuration-class after -->
            </div> <!-- chronological-class -->
            <div class="chronological-class">
              <div class="chronological-class-name">com.YouMagicPro.LKA_tests.ExpenseStructureAdditionalNumbersFeeTest</div> <!-- chronological-class-name -->
              <div class="configuration-class before">
                <span class="method-name">startWebDriver</span>
                <span class="method-start">3803683 ms</span>
              </div> <!-- configuration-class before -->
              <div class="test-method">
                <span class="method-name">expenseStructureAdditionalNumbersFeeTest_C15096</span>
                <span class="method-start">3804859 ms</span>
              </div> <!-- test-method -->
              <div class="configuration-class after">
                <span class="method-name">closeSession</span>
                <span class="method-start">3813781 ms</span>
              </div> <!-- configuration-class after -->
            </div> <!-- chronological-class -->
            <div class="chronological-class">
              <div class="chronological-class-name">com.YouMagicPro.LKA_tests.ExpenseStructureChooseAdditionalNumbersTest</div> <!-- chronological-class-name -->
              <div class="configuration-class before">
                <span class="method-name">startWebDriver</span>
                <span class="method-start">3813783 ms</span>
              </div> <!-- configuration-class before -->
              <div class="test-method">
                <span class="method-name">expenseStructureChooseAdditionalNumbersTest_C15100</span>
                <span class="method-start">3814950 ms</span>
              </div> <!-- test-method -->
              <div class="configuration-class after">
                <span class="method-name">closeSession</span>
                <span class="method-start">3825453 ms</span>
              </div> <!-- configuration-class after -->
            </div> <!-- chronological-class -->
            <div class="chronological-class">
              <div class="chronological-class-name">com.YouMagicPro.LKA_tests.ExpenseStructureChooseIntNumbersPageTest</div> <!-- chronological-class-name -->
              <div class="configuration-class before">
                <span class="method-name">startWebDriver</span>
                <span class="method-start">3825455 ms</span>
              </div> <!-- configuration-class before -->
              <div class="test-method">
                <span class="method-name">expenseStructureChooseIntNumbersPageTest_C15102</span>
                <span class="method-start">3826114 ms</span>
              </div> <!-- test-method -->
              <div class="configuration-class after">
                <span class="method-name">closeSession</span>
                <span class="method-start">3843073 ms</span>
              </div> <!-- configuration-class after -->
            </div> <!-- chronological-class -->
            <div class="chronological-class">
              <div class="chronological-class-name">com.YouMagicPro.LKA_tests.ExpenseStructureInternalNumbersFeeTest</div> <!-- chronological-class-name -->
              <div class="configuration-class before">
                <span class="method-name">startWebDriver</span>
                <span class="method-start">3843075 ms</span>
              </div> <!-- configuration-class before -->
              <div class="test-method">
                <span class="method-name">expenseStructureInternalNumbersFeeTest_C15101</span>
                <span class="method-start">3844242 ms</span>
              </div> <!-- test-method -->
              <div class="configuration-class after">
                <span class="method-name">closeSession</span>
                <span class="method-start">3853208 ms</span>
              </div> <!-- configuration-class after -->
            </div> <!-- chronological-class -->
            <div class="chronological-class">
              <div class="chronological-class-name">com.YouMagicPro.LKA_tests.ExpenseStructureRentalFeeTest</div> <!-- chronological-class-name -->
              <div class="configuration-class before">
                <span class="method-name">startWebDriver</span>
                <span class="method-start">3853209 ms</span>
              </div> <!-- configuration-class before -->
              <div class="test-method">
                <span class="method-name">expenseStructureRentalFeeTest_C15096</span>
                <span class="method-start">3853864 ms</span>
              </div> <!-- test-method -->
              <div class="configuration-class after">
                <span class="method-name">closeSession</span>
                <span class="method-start">3862683 ms</span>
              </div> <!-- configuration-class after -->
            </div> <!-- chronological-class -->
            <div class="chronological-class">
              <div class="chronological-class-name">com.YouMagicPro.LKA_tests.GroupsOneInNumberTest</div> <!-- chronological-class-name -->
              <div class="configuration-class before">
                <span class="method-name">startWebDriver</span>
                <span class="method-start">3862685 ms</span>
              </div> <!-- configuration-class before -->
              <div class="test-method">
                <img src="failed.png">
                </img>
                <span class="method-name">groupsTest</span>
                <span class="method-start">3863839 ms</span>
              </div> <!-- test-method -->
              <div class="configuration-class after">
                <span class="method-name">closeSession</span>
                <span class="method-start">3878652 ms</span>
              </div> <!-- configuration-class after -->
            </div> <!-- chronological-class -->
            <div class="chronological-class">
              <div class="chronological-class-name">com.YouMagicPro.LKA_tests.GroupsThreeInNumberTest</div> <!-- chronological-class-name -->
              <div class="configuration-class before">
                <span class="method-name">startWebDriver</span>
                <span class="method-start">3878653 ms</span>
              </div> <!-- configuration-class before -->
              <div class="test-method">
                <img src="failed.png">
                </img>
                <span class="method-name">groupsThreeInNumberTest_C15189</span>
                <span class="method-start">3879355 ms</span>
              </div> <!-- test-method -->
              <div class="configuration-class after">
                <span class="method-name">closeSession</span>
                <span class="method-start">3888388 ms</span>
              </div> <!-- configuration-class after -->
            </div> <!-- chronological-class -->
            <div class="chronological-class">
              <div class="chronological-class-name">com.YouMagicPro.LKA_tests.OrderByEmailCancelButtonTest</div> <!-- chronological-class-name -->
              <div class="configuration-class before">
                <span class="method-name">startWebDriver</span>
                <span class="method-start">3888390 ms</span>
              </div> <!-- configuration-class before -->
              <div class="test-method">
                <span class="method-name">orderByEmailCancelButtonTest_C15141</span>
                <span class="method-start">3889584 ms</span>
              </div> <!-- test-method -->
              <div class="configuration-class after">
                <span class="method-name">closeSession</span>
                <span class="method-start">3911754 ms</span>
              </div> <!-- configuration-class after -->
            </div> <!-- chronological-class -->
            <div class="chronological-class">
              <div class="chronological-class-name">com.YouMagicPro.LKA_tests.OrderByEmailChangeEmailTest</div> <!-- chronological-class-name -->
              <div class="configuration-class before">
                <span class="method-name">startWebDriver</span>
                <span class="method-start">3911778 ms</span>
              </div> <!-- configuration-class before -->
              <div class="test-method">
                <span class="method-name">orderByEmailChangeEmailTest_C25653</span>
                <span class="method-start">3913161 ms</span>
              </div> <!-- test-method -->
              <div class="configuration-class after">
                <span class="method-name">closeSession</span>
                <span class="method-start">3930215 ms</span>
              </div> <!-- configuration-class after -->
            </div> <!-- chronological-class -->
            <div class="chronological-class">
              <div class="chronological-class-name">com.YouMagicPro.LKA_tests.OrderByEmailChangeNameTest</div> <!-- chronological-class-name -->
              <div class="configuration-class before">
                <span class="method-name">startWebDriver</span>
                <span class="method-start">3930217 ms</span>
              </div> <!-- configuration-class before -->
              <div class="test-method">
                <span class="method-name">orderByEmailChangeNameTest_C25671</span>
                <span class="method-start">3931164 ms</span>
              </div> <!-- test-method -->
              <div class="configuration-class after">
                <span class="method-name">closeSession</span>
                <span class="method-start">3954791 ms</span>
              </div> <!-- configuration-class after -->
            </div> <!-- chronological-class -->
            <div class="chronological-class">
              <div class="chronological-class-name">com.YouMagicPro.LKA_tests.OrderByEmailOrderWithoutDocTypeCheckedTest</div> <!-- chronological-class-name -->
              <div class="configuration-class before">
                <span class="method-name">startWebDriver</span>
                <span class="method-start">3954793 ms</span>
              </div> <!-- configuration-class before -->
              <div class="test-method">
                <span class="method-name">orderByEmailOrderWithoutDocTypeCheckedTest_C25656</span>
                <span class="method-start">3956245 ms</span>
              </div> <!-- test-method -->
              <div class="configuration-class after">
                <span class="method-name">closeSession</span>
                <span class="method-start">3975306 ms</span>
              </div> <!-- configuration-class after -->
            </div> <!-- chronological-class -->
            <div class="chronological-class">
              <div class="chronological-class-name">com.YouMagicPro.LKA_tests.OrderByPickUpCancelButtonTest</div> <!-- chronological-class-name -->
              <div class="configuration-class before">
                <span class="method-name">startWebDriver</span>
                <span class="method-start">3975307 ms</span>
              </div> <!-- configuration-class before -->
              <div class="test-method">
                <span class="method-name">orderByPickUpCancelButtonTest_C25664</span>
                <span class="method-start">3977207 ms</span>
              </div> <!-- test-method -->
              <div class="configuration-class after">
                <span class="method-name">closeSession</span>
                <span class="method-start">3996343 ms</span>
              </div> <!-- configuration-class after -->
            </div> <!-- chronological-class -->
            <div class="chronological-class">
              <div class="chronological-class-name">com.YouMagicPro.LKA_tests.OrderByPickUpChangeNameTest</div> <!-- chronological-class-name -->
              <div class="configuration-class before">
                <span class="method-name">startWebDriver</span>
                <span class="method-start">3996345 ms</span>
              </div> <!-- configuration-class before -->
              <div class="test-method">
                <span class="method-name">orderByPickUpChangeNameTest_C25668</span>
                <span class="method-start">3998384 ms</span>
              </div> <!-- test-method -->
              <div class="configuration-class after">
                <span class="method-name">closeSession</span>
                <span class="method-start">4017904 ms</span>
              </div> <!-- configuration-class after -->
            </div> <!-- chronological-class -->
            <div class="chronological-class">
              <div class="chronological-class-name">com.YouMagicPro.LKA_tests.OrderByPickUpChangePhoneTest</div> <!-- chronological-class-name -->
              <div class="configuration-class before">
                <span class="method-name">startWebDriver</span>
                <span class="method-start">4017906 ms</span>
              </div> <!-- configuration-class before -->
              <div class="test-method">
                <span class="method-name">OrderByPickUpChangePhoneTest_C25666</span>
                <span class="method-start">4019419 ms</span>
              </div> <!-- test-method -->
              <div class="configuration-class after">
                <span class="method-name">closeSession</span>
                <span class="method-start">4036337 ms</span>
              </div> <!-- configuration-class after -->
            </div> <!-- chronological-class -->
            <div class="chronological-class">
              <div class="chronological-class-name">com.YouMagicPro.LKA_tests.OrderByPickUpOrderWithoutDocTypeCheckedTest</div> <!-- chronological-class-name -->
              <div class="configuration-class before">
                <span class="method-name">startWebDriver</span>
                <span class="method-start">4036338 ms</span>
              </div> <!-- configuration-class before -->
              <div class="test-method">
                <span class="method-name">orderByPickUpOrderWithoutDocTypeCheckedTest_C25663</span>
                <span class="method-start">4038165 ms</span>
              </div> <!-- test-method -->
              <div class="configuration-class after">
                <span class="method-name">closeSession</span>
                <span class="method-start">4059339 ms</span>
              </div> <!-- configuration-class after -->
            </div> <!-- chronological-class -->
            <div class="chronological-class">
              <div class="chronological-class-name">com.YouMagicPro.LKA_tests.OrderDeliveryOfContractCancelButtonTest</div> <!-- chronological-class-name -->
              <div class="configuration-class before">
                <span class="method-name">startWebDriver</span>
                <span class="method-start">4059341 ms</span>
              </div> <!-- configuration-class before -->
              <div class="test-method">
                <span class="method-name">expenseStructureTest</span>
                <span class="method-start">4060934 ms</span>
              </div> <!-- test-method -->
              <div class="configuration-class after">
                <span class="method-name">closeSession</span>
                <span class="method-start">4077371 ms</span>
              </div> <!-- configuration-class after -->
            </div> <!-- chronological-class -->
            <div class="chronological-class">
              <div class="chronological-class-name">com.YouMagicPro.LKA_tests.OrderDeliveryOfContractDropdownListTest</div> <!-- chronological-class-name -->
              <div class="configuration-class before">
                <span class="method-name">startWebDriver</span>
                <span class="method-start">4077373 ms</span>
              </div> <!-- configuration-class before -->
              <div class="test-method">
                <span class="method-name">expenseStructureTest</span>
                <span class="method-start">4078910 ms</span>
              </div> <!-- test-method -->
              <div class="configuration-class after">
                <span class="method-name">closeSession</span>
                <span class="method-start">4098641 ms</span>
              </div> <!-- configuration-class after -->
            </div> <!-- chronological-class -->
            <div class="chronological-class">
              <div class="chronological-class-name">com.YouMagicPro.LKA_tests.OrderToAdressCancelButtonClickTest</div> <!-- chronological-class-name -->
              <div class="configuration-class before">
                <span class="method-name">startWebDriver</span>
                <span class="method-start">4098642 ms</span>
              </div> <!-- configuration-class before -->
              <div class="test-method">
                <span class="method-name">orderToAdressCancelButtonClickTest_C25675</span>
                <span class="method-start">4100399 ms</span>
              </div> <!-- test-method -->
              <div class="configuration-class after">
                <span class="method-name">closeSession</span>
                <span class="method-start">4119671 ms</span>
              </div> <!-- configuration-class after -->
            </div> <!-- chronological-class -->
            <div class="chronological-class">
              <div class="chronological-class-name">com.YouMagicPro.LKA_tests.OrderToAdressChangeNameTest</div> <!-- chronological-class-name -->
              <div class="configuration-class before">
                <span class="method-name">startWebDriver</span>
                <span class="method-start">4119674 ms</span>
              </div> <!-- configuration-class before -->
              <div class="test-method">
                <span class="method-name">orderToAdressChangeNameTest_C25672</span>
                <span class="method-start">4120342 ms</span>
              </div> <!-- test-method -->
              <div class="configuration-class after">
                <span class="method-name">closeSession</span>
                <span class="method-start">4138441 ms</span>
              </div> <!-- configuration-class after -->
            </div> <!-- chronological-class -->
            <div class="chronological-class">
              <div class="chronological-class-name">com.YouMagicPro.LKA_tests.OrderToAdressChangePhoneTest</div> <!-- chronological-class-name -->
              <div class="configuration-class before">
                <span class="method-name">startWebDriver</span>
                <span class="method-start">4138443 ms</span>
              </div> <!-- configuration-class before -->
              <div class="test-method">
                <span class="method-name">orderToAdressChangePhoneTest_C25677</span>
                <span class="method-start">4139600 ms</span>
              </div> <!-- test-method -->
              <div class="configuration-class after">
                <span class="method-name">closeSession</span>
                <span class="method-start">4156691 ms</span>
              </div> <!-- configuration-class after -->
            </div> <!-- chronological-class -->
            <div class="chronological-class">
              <div class="chronological-class-name">com.YouMagicPro.LKA_tests.OrderToAdressNoTextFieldFilledTest</div> <!-- chronological-class-name -->
              <div class="configuration-class before">
                <span class="method-name">startWebDriver</span>
                <span class="method-start">4156693 ms</span>
              </div> <!-- configuration-class before -->
              <div class="test-method">
                <span class="method-name">OrderToAdressNoTextFieldFilledTest_C25679</span>
                <span class="method-start">4157886 ms</span>
              </div> <!-- test-method -->
              <div class="configuration-class after">
                <span class="method-name">closeSession</span>
                <span class="method-start">4180502 ms</span>
              </div> <!-- configuration-class after -->
          </div> <!-- main-panel-content rounded-window-bottom -->
        </div> <!-- panel -->
      </div> <!-- main-panel-root -->
    </div> <!-- wrapper -->
  </body>
</html>
