<?xml version="1.0" encoding="UTF-8"?>
<testng-results skipped="0" failed="5" total="72" passed="67">
  <reporter-output>
  </reporter-output>
  <suite name="com.LKA_tests" duration-ms="1544006" started-at="2012-11-15T10:30:28Z" finished-at="2012-11-15T10:56:12Z">
    <groups>
    </groups>
    <test name="com.LKA_tests" duration-ms="1544006" started-at="2012-11-15T10:30:28Z" finished-at="2012-11-15T10:56:12Z">
      <class name="com.YouMagicPro.LKA_tests.EmployeesCheckInfoTest">
        <test-method status="PASS" signature="startWebDriver()[pri:0, instance:com.YouMagicPro.LKA_tests.EmployeesCheckInfoTest@96a0733]" name="startWebDriver" is-config="true" duration-ms="1175" started-at="2012-11-15T14:48:14Z" finished-at="2012-11-15T14:48:15Z">
          <reporter-output>
          </reporter-output>
        </test-method> <!-- startWebDriver -->
        <test-method status="PASS" signature="employeesCheckInfoTest_C15252()[pri:0, instance:com.YouMagicPro.LKA_tests.EmployeesCheckInfoTest@96a0733]" name="employeesCheckInfoTest_C15252" duration-ms="14756" started-at="2012-11-15T14:48:15Z" finished-at="2012-11-15T14:48:30Z">
          <reporter-output>
          </reporter-output>
        </test-method> <!-- employeesCheckInfoTest_C15252 -->
        <test-method status="PASS" signature="closeSession()[pri:0, instance:com.YouMagicPro.LKA_tests.EmployeesCheckInfoTest@96a0733]" name="closeSession" is-config="true" duration-ms="2" started-at="2012-11-15T14:48:30Z" finished-at="2012-11-15T14:48:30Z">
          <reporter-output>
          </reporter-output>
        </test-method> <!-- closeSession -->
      </class> <!-- com.YouMagicPro.LKA_tests.EmployeesCheckInfoTest -->
      <class name="com.YouMagicPro.LKA_tests.BuyingAdditionalNumberChooseNumberCategories">
        <test-method status="PASS" signature="startWebDriver()[pri:0, instance:com.YouMagicPro.LKA_tests.BuyingAdditionalNumberChooseNumberCategories@642966f5]" name="startWebDriver" is-config="true" duration-ms="1313" started-at="2012-11-15T14:33:24Z" finished-at="2012-11-15T14:33:25Z">
          <reporter-output>
          </reporter-output>
        </test-method> <!-- startWebDriver -->
        <test-method status="PASS" signature="BuyingAdditionalNumberChooseNumberCategories_C15105()[pri:0, instance:com.YouMagicPro.LKA_tests.BuyingAdditionalNumberChooseNumberCategories@642966f5]" name="BuyingAdditionalNumberChooseNumberCategories_C15105" duration-ms="16365" started-at="2012-11-15T14:33:25Z" finished-at="2012-11-15T14:33:42Z">
          <reporter-output>
          </reporter-output>
        </test-method> <!-- BuyingAdditionalNumberChooseNumberCategories_C15105 -->
        <test-method status="PASS" signature="closeSession()[pri:0, instance:com.YouMagicPro.LKA_tests.BuyingAdditionalNumberChooseNumberCategories@642966f5]" name="closeSession" is-config="true" duration-ms="2" started-at="2012-11-15T14:33:42Z" finished-at="2012-11-15T14:33:42Z">
          <reporter-output>
          </reporter-output>
        </test-method> <!-- closeSession -->
      </class> <!-- com.YouMagicPro.LKA_tests.BuyingAdditionalNumberChooseNumberCategories -->
      <class name="com.YouMagicPro.LKA_tests.ExpenseStructureChooseIntNumbersPageTest">
        <test-method status="PASS" signature="startWebDriver()[pri:0, instance:com.YouMagicPro.LKA_tests.ExpenseStructureChooseIntNumbersPageTest@799ec4b6]" name="startWebDriver" is-config="true" duration-ms="1165" started-at="2012-11-15T14:50:14Z" finished-at="2012-11-15T14:50:16Z">
          <reporter-output>
          </reporter-output>
        </test-method> <!-- startWebDriver -->
        <test-method status="PASS" signature="expenseStructureChooseIntNumbersPageTest_C15102()[pri:0, instance:com.YouMagicPro.LKA_tests.ExpenseStructureChooseIntNumbersPageTest@799ec4b6]" name="expenseStructureChooseIntNumbersPageTest_C15102" duration-ms="15977" started-at="2012-11-15T14:50:16Z" finished-at="2012-11-15T14:50:32Z">
          <reporter-output>
          </reporter-output>
        </test-method> <!-- expenseStructureChooseIntNumbersPageTest_C15102 -->
        <test-method status="PASS" signature="closeSession()[pri:0, instance:com.YouMagicPro.LKA_tests.ExpenseStructureChooseIntNumbersPageTest@799ec4b6]" name="closeSession" is-config="true" duration-ms="1" started-at="2012-11-15T14:50:32Z" finished-at="2012-11-15T14:50:32Z">
          <reporter-output>
          </reporter-output>
        </test-method> <!-- closeSession -->
      </class> <!-- com.YouMagicPro.LKA_tests.ExpenseStructureChooseIntNumbersPageTest -->
      <class name="com.YouMagicPro.LKA_tests.ContractOgrnSymbolsTest">
        <test-method status="PASS" signature="startWebDriver()[pri:0, instance:com.YouMagicPro.LKA_tests.ContractOgrnSymbolsTest@333903d0]" name="startWebDriver" is-config="true" duration-ms="1161" started-at="2012-11-15T14:47:20Z" finished-at="2012-11-15T14:47:21Z">
          <reporter-output>
          </reporter-output>
        </test-method> <!-- startWebDriver -->
        <test-method status="PASS" signature="contractFillBankAccountTest()[pri:0, instance:com.YouMagicPro.LKA_tests.ContractOgrnSymbolsTest@333903d0]" name="contractFillBankAccountTest" duration-ms="20181" started-at="2012-11-15T14:47:21Z" finished-at="2012-11-15T14:47:42Z">
          <reporter-output>
          </reporter-output>
        </test-method> <!-- contractFillBankAccountTest -->
        <test-method status="PASS" signature="closeSession()[pri:0, instance:com.YouMagicPro.LKA_tests.ContractOgrnSymbolsTest@333903d0]" name="closeSession" is-config="true" duration-ms="2" started-at="2012-11-15T14:47:42Z" finished-at="2012-11-15T14:47:42Z">
          <reporter-output>
          </reporter-output>
        </test-method> <!-- closeSession -->
      </class> <!-- com.YouMagicPro.LKA_tests.ContractOgrnSymbolsTest -->
      <class name="com.YouMagicPro.LKA_tests.SupportPhoneTest">
        <test-method status="PASS" signature="startWebDriver()[pri:0, instance:com.YouMagicPro.LKA_tests.SupportPhoneTest@7038ce7b]" name="startWebDriver" is-config="true" duration-ms="1607" started-at="2012-11-15T14:55:58Z" finished-at="2012-11-15T14:56:00Z">
          <reporter-output>
          </reporter-output>
        </test-method> <!-- startWebDriver -->
        <test-method status="PASS" signature="SupportPhoneTest_C25679()[pri:0, instance:com.YouMagicPro.LKA_tests.SupportPhoneTest@7038ce7b]" name="SupportPhoneTest_C25679" duration-ms="12236" started-at="2012-11-15T14:56:00Z" finished-at="2012-11-15T14:56:12Z">
          <reporter-output>
          </reporter-output>
        </test-method> <!-- SupportPhoneTest_C25679 -->
        <test-method status="PASS" signature="closeSession()[pri:0, instance:com.YouMagicPro.LKA_tests.SupportPhoneTest@7038ce7b]" name="closeSession" is-config="true" duration-ms="1" started-at="2012-11-15T14:56:12Z" finished-at="2012-11-15T14:56:12Z">
          <reporter-output>
          </reporter-output>
        </test-method> <!-- closeSession -->
      </class> <!-- com.YouMagicPro.LKA_tests.SupportPhoneTest -->
      <class name="com.YouMagicPro.LKA_tests.ContractCorAccountLettersAndNumbersTextFieldTest">
        <test-method status="PASS" signature="startWebDriver()[pri:0, instance:com.YouMagicPro.LKA_tests.ContractCorAccountLettersAndNumbersTextFieldTest@1121964c]" name="startWebDriver" is-config="true" duration-ms="1201" started-at="2012-11-15T14:38:34Z" finished-at="2012-11-15T14:38:35Z">
          <reporter-output>
          </reporter-output>
        </test-method> <!-- startWebDriver -->
        <test-method status="PASS" signature="contractCorAccountTenInTextFieldTest_C15000()[pri:0, instance:com.YouMagicPro.LKA_tests.ContractCorAccountLettersAndNumbersTextFieldTest@1121964c]" name="contractCorAccountTenInTextFieldTest_C15000" duration-ms="20833" started-at="2012-11-15T14:38:35Z" finished-at="2012-11-15T14:38:56Z">
          <reporter-output>
          </reporter-output>
        </test-method> <!-- contractCorAccountTenInTextFieldTest_C15000 -->
        <test-method status="PASS" signature="closeSession()[pri:0, instance:com.YouMagicPro.LKA_tests.ContractCorAccountLettersAndNumbersTextFieldTest@1121964c]" name="closeSession" is-config="true" duration-ms="2" started-at="2012-11-15T14:38:56Z" finished-at="2012-11-15T14:38:56Z">
          <reporter-output>
          </reporter-output>
        </test-method> <!-- closeSession -->
      </class> <!-- com.YouMagicPro.LKA_tests.ContractCorAccountLettersAndNumbersTextFieldTest -->
      <class name="com.YouMagicPro.LKA_tests.ContractKppOneNumberInTextFieldTest">
        <test-method status="PASS" signature="startWebDriver()[pri:0, instance:com.YouMagicPro.LKA_tests.ContractKppOneNumberInTextFieldTest@73e1518e]" name="startWebDriver" is-config="true" duration-ms="1492" started-at="2012-11-15T14:45:00Z" finished-at="2012-11-15T14:45:01Z">
          <reporter-output>
          </reporter-output>
        </test-method> <!-- startWebDriver -->
        <test-method status="FAIL" signature="contractKppTest_C15048()[pri:0, instance:com.YouMagicPro.LKA_tests.ContractKppOneNumberInTextFieldTest@73e1518e]" name="contractKppTest_C15048" duration-ms="20458" started-at="2012-11-15T14:45:01Z" finished-at="2012-11-15T14:45:22Z">
          <exception class="org.openqa.selenium.WebDriverException">
            <message>
              <![CDATA[Element is not clickable at point (868.5, 44). Other element would receive the click: <div class="sl_head">...</div> (WARNING: The server did not provide any stacktrace information)
Command duration or timeout: 72 milliseconds
Build info: version: '2.26.0', revision: '18040', time: '2012-11-02 09:44:45'
System info: os.name: 'Windows 7', os.arch: 'amd64', os.version: '6.1', java.version: '1.7.0_05'
Driver info: driver.version: RemoteWebDriver
Session ID: aad18504f841e796c87ef33b5539159b]]>
            </message>
            <full-stacktrace>
              <![CDATA[org.openqa.selenium.WebDriverException: Element is not clickable at point (868.5, 44). Other element would receive the click: <div class="sl_head">...</div> (WARNING: The server did not provide any stacktrace information)
Command duration or timeout: 72 milliseconds
Build info: version: '2.26.0', revision: '18040', time: '2012-11-02 09:44:45'
System info: os.name: 'Windows 7', os.arch: 'amd64', os.version: '6.1', java.version: '1.7.0_05'
Driver info: driver.version: RemoteWebDriver
Session ID: aad18504f841e796c87ef33b5539159b
	at sun.reflect.NativeConstructorAccessorImpl.newInstance0(Native Method)
	at sun.reflect.NativeConstructorAccessorImpl.newInstance(NativeConstructorAccessorImpl.java:57)
	at sun.reflect.DelegatingConstructorAccessorImpl.newInstance(DelegatingConstructorAccessorImpl.java:45)
	at java.lang.reflect.Constructor.newInstance(Constructor.java:525)
	at org.openqa.selenium.remote.ErrorHandler.createThrowable(ErrorHandler.java:188)
	at org.openqa.selenium.remote.ErrorHandler.throwIfResponseFailed(ErrorHandler.java:145)
	at org.openqa.selenium.remote.RemoteWebDriver.execute(RemoteWebDriver.java:531)
	at org.openqa.selenium.remote.RemoteWebElement.execute(RemoteWebElement.java:246)
	at org.openqa.selenium.remote.RemoteWebElement.click(RemoteWebElement.java:79)
	at com.YouMagicPro.LKA_tests.TestBase.waitContractPageToLoad(TestBase.java:137)
	at com.YouMagicPro.LKA_tests.ContractKppOneNumberInTextFieldTest.contractKppTest_C15048(ContractKppOneNumberInTextFieldTest.java:11)
	at sun.reflect.NativeMethodAccessorImpl.invoke0(Native Method)
	at sun.reflect.NativeMethodAccessorImpl.invoke(NativeMethodAccessorImpl.java:57)
	at sun.reflect.DelegatingMethodAccessorImpl.invoke(DelegatingMethodAccessorImpl.java:43)
	at java.lang.reflect.Method.invoke(Method.java:601)
	at org.testng.internal.MethodInvocationHelper.invokeMethod(MethodInvocationHelper.java:80)
	at org.testng.internal.Invoker.invokeMethod(Invoker.java:714)
	at org.testng.internal.Invoker.invokeTestMethod(Invoker.java:901)
	at org.testng.internal.Invoker.invokeTestMethods(Invoker.java:1231)
	at org.testng.internal.TestMethodWorker.invokeTestMethods(TestMethodWorker.java:127)
	at org.testng.internal.TestMethodWorker.run(TestMethodWorker.java:111)
	at org.testng.TestRunner.privateRun(TestRunner.java:767)
	at org.testng.TestRunner.run(TestRunner.java:617)
	at org.testng.SuiteRunner.runTest(SuiteRunner.java:334)
	at org.testng.SuiteRunner.runSequentially(SuiteRunner.java:329)
	at org.testng.SuiteRunner.privateRun(SuiteRunner.java:291)
	at org.testng.SuiteRunner.run(SuiteRunner.java:240)
	at org.testng.SuiteRunnerWorker.runSuite(SuiteRunnerWorker.java:52)
	at org.testng.SuiteRunnerWorker.run(SuiteRunnerWorker.java:86)
	at org.testng.TestNG.runSuitesSequentially(TestNG.java:1198)
	at org.testng.TestNG.runSuitesLocally(TestNG.java:1123)
	at org.testng.TestNG.run(TestNG.java:1031)
	at org.apache.maven.surefire.testng.TestNGExecutor.run(TestNGExecutor.java:122)
	at org.apache.maven.surefire.testng.TestNGXmlTestSuite.execute(TestNGXmlTestSuite.java:88)
	at org.apache.maven.surefire.testng.TestNGProvider.invoke(TestNGProvider.java:104)
	at sun.reflect.NativeMethodAccessorImpl.invoke0(Native Method)
	at sun.reflect.NativeMethodAccessorImpl.invoke(NativeMethodAccessorImpl.java:57)
	at sun.reflect.DelegatingMethodAccessorImpl.invoke(DelegatingMethodAccessorImpl.java:43)
	at java.lang.reflect.Method.invoke(Method.java:601)
	at org.apache.maven.surefire.booter.ProviderFactory$ClassLoaderProxy.invoke(ProviderFactory.java:103)
	at $Proxy0.invoke(Unknown Source)
	at org.apache.maven.surefire.booter.SurefireStarter.invokeProvider(SurefireStarter.java:150)
	at org.apache.maven.surefire.booter.SurefireStarter.runSuitesInProcess(SurefireStarter.java:91)
	at org.apache.maven.surefire.booter.ForkedBooter.main(ForkedBooter.java:69)
]]>
            </full-stacktrace>
          </exception> <!-- org.openqa.selenium.WebDriverException -->
          <reporter-output>
          </reporter-output>
        </test-method> <!-- contractKppTest_C15048 -->
        <test-method status="PASS" signature="closeSession()[pri:0, instance:com.YouMagicPro.LKA_tests.ContractKppOneNumberInTextFieldTest@73e1518e]" name="closeSession" is-config="true" duration-ms="2" started-at="2012-11-15T14:45:22Z" finished-at="2012-11-15T14:45:22Z">
          <reporter-output>
          </reporter-output>
        </test-method> <!-- closeSession -->
      </class> <!-- com.YouMagicPro.LKA_tests.ContractKppOneNumberInTextFieldTest -->
      <class name="com.YouMagicPro.LKA_tests.ContractBankAccountLettersAndNumbersTest">
        <test-method status="PASS" signature="startWebDriver()[pri:0, instance:com.YouMagicPro.LKA_tests.ContractBankAccountLettersAndNumbersTest@5a269232]" name="startWebDriver" is-config="true" duration-ms="1217" started-at="2012-11-15T14:34:00Z" finished-at="2012-11-15T14:34:01Z">
          <reporter-output>
          </reporter-output>
        </test-method> <!-- startWebDriver -->
        <test-method status="PASS" signature="contractBankAccountLettersAndNumbersTest_C14496()[pri:0, instance:com.YouMagicPro.LKA_tests.ContractBankAccountLettersAndNumbersTest@5a269232]" name="contractBankAccountLettersAndNumbersTest_C14496" duration-ms="23496" started-at="2012-11-15T14:34:01Z" finished-at="2012-11-15T14:34:25Z">
          <reporter-output>
          </reporter-output>
        </test-method> <!-- contractBankAccountLettersAndNumbersTest_C14496 -->
        <test-method status="PASS" signature="closeSession()[pri:0, instance:com.YouMagicPro.LKA_tests.ContractBankAccountLettersAndNumbersTest@5a269232]" name="closeSession" is-config="true" duration-ms="2" started-at="2012-11-15T14:34:25Z" finished-at="2012-11-15T14:34:25Z">
          <reporter-output>
          </reporter-output>
        </test-method> <!-- closeSession -->
      </class> <!-- com.YouMagicPro.LKA_tests.ContractBankAccountLettersAndNumbersTest -->
      <class name="com.YouMagicPro.LKA_tests.ContractInnChooseFormTest">
        <test-method status="PASS" signature="startWebDriver()[pri:0, instance:com.YouMagicPro.LKA_tests.ContractInnChooseFormTest@6625abb1]" name="startWebDriver" is-config="true" duration-ms="1844" started-at="2012-11-15T14:41:57Z" finished-at="2012-11-15T14:41:58Z">
          <reporter-output>
          </reporter-output>
        </test-method> <!-- startWebDriver -->
        <test-method status="PASS" signature="contractInnChooseForm_C15047()[pri:0, instance:com.YouMagicPro.LKA_tests.ContractInnChooseFormTest@6625abb1]" name="contractInnChooseForm_C15047" duration-ms="39492" started-at="2012-11-15T14:41:58Z" finished-at="2012-11-15T14:42:38Z">
          <reporter-output>
          </reporter-output>
        </test-method> <!-- contractInnChooseForm_C15047 -->
        <test-method status="PASS" signature="closeSession()[pri:0, instance:com.YouMagicPro.LKA_tests.ContractInnChooseFormTest@6625abb1]" name="closeSession" is-config="true" duration-ms="1" started-at="2012-11-15T14:42:38Z" finished-at="2012-11-15T14:42:38Z">
          <reporter-output>
          </reporter-output>
        </test-method> <!-- closeSession -->
      </class> <!-- com.YouMagicPro.LKA_tests.ContractInnChooseFormTest -->
      <class name="com.YouMagicPro.LKA_tests.ContractCheckDocumentTest">
        <test-method status="PASS" signature="startWebDriver()[pri:0, instance:com.YouMagicPro.LKA_tests.ContractCheckDocumentTest@7e7d611f]" name="startWebDriver" is-config="true" duration-ms="1277" started-at="2012-11-15T14:37:50Z" finished-at="2012-11-15T14:37:51Z">
          <reporter-output>
          </reporter-output>
        </test-method> <!-- startWebDriver -->
        <test-method status="PASS" signature="contractCheckDocumentTest_C14986()[pri:0, instance:com.YouMagicPro.LKA_tests.ContractCheckDocumentTest@7e7d611f]" name="contractCheckDocumentTest_C14986" duration-ms="18952" started-at="2012-11-15T14:37:51Z" finished-at="2012-11-15T14:38:10Z">
          <reporter-output>
          </reporter-output>
        </test-method> <!-- contractCheckDocumentTest_C14986 -->
        <test-method status="PASS" signature="closeSession()[pri:0, instance:com.YouMagicPro.LKA_tests.ContractCheckDocumentTest@7e7d611f]" name="closeSession" is-config="true" duration-ms="2" started-at="2012-11-15T14:38:10Z" finished-at="2012-11-15T14:38:10Z">
          <reporter-output>
          </reporter-output>
        </test-method> <!-- closeSession -->
      </class> <!-- com.YouMagicPro.LKA_tests.ContractCheckDocumentTest -->
      <class name="com.YouMagicPro.LKA_tests.ContractKpp6NumbersInTextFieldTest">
        <test-method status="PASS" signature="startWebDriver()[pri:0, instance:com.YouMagicPro.LKA_tests.ContractKpp6NumbersInTextFieldTest@7dbe9f07]" name="startWebDriver" is-config="true" duration-ms="1036" started-at="2012-11-15T14:43:51Z" finished-at="2012-11-15T14:43:52Z">
          <reporter-output>
          </reporter-output>
        </test-method> <!-- startWebDriver -->
        <test-method status="PASS" signature="contractKppTest_C15049()[pri:0, instance:com.YouMagicPro.LKA_tests.ContractKpp6NumbersInTextFieldTest@7dbe9f07]" name="contractKppTest_C15049" duration-ms="22018" started-at="2012-11-15T14:43:52Z" finished-at="2012-11-15T14:44:14Z">
          <reporter-output>
          </reporter-output>
        </test-method> <!-- contractKppTest_C15049 -->
        <test-method status="PASS" signature="closeSession()[pri:0, instance:com.YouMagicPro.LKA_tests.ContractKpp6NumbersInTextFieldTest@7dbe9f07]" name="closeSession" is-config="true" duration-ms="1" started-at="2012-11-15T14:44:14Z" finished-at="2012-11-15T14:44:14Z">
          <reporter-output>
          </reporter-output>
        </test-method> <!-- closeSession -->
      </class> <!-- com.YouMagicPro.LKA_tests.ContractKpp6NumbersInTextFieldTest -->
      <class name="com.YouMagicPro.LKA_tests.NotificationsCheckFieldsTest">
        <test-method status="PASS" signature="startWebDriver()[pri:0, instance:com.YouMagicPro.LKA_tests.NotificationsCheckFieldsTest@2457256f]" name="startWebDriver" is-config="true" duration-ms="690" started-at="2012-11-15T14:50:52Z" finished-at="2012-11-15T14:50:53Z">
          <reporter-output>
          </reporter-output>
        </test-method> <!-- startWebDriver -->
        <test-method status="PASS" signature="orderByEmailCancelButtonTest_C15141()[pri:0, instance:com.YouMagicPro.LKA_tests.NotificationsCheckFieldsTest@2457256f]" name="orderByEmailCancelButtonTest_C15141" duration-ms="33116" started-at="2012-11-15T14:50:53Z" finished-at="2012-11-15T14:51:26Z">
          <reporter-output>
          </reporter-output>
        </test-method> <!-- orderByEmailCancelButtonTest_C15141 -->
        <test-method status="PASS" signature="closeSession()[pri:0, instance:com.YouMagicPro.LKA_tests.NotificationsCheckFieldsTest@2457256f]" name="closeSession" is-config="true" duration-ms="4" started-at="2012-11-15T14:51:26Z" finished-at="2012-11-15T14:51:26Z">
          <reporter-output>
          </reporter-output>
        </test-method> <!-- closeSession -->
      </class> <!-- com.YouMagicPro.LKA_tests.NotificationsCheckFieldsTest -->
      <class name="com.YouMagicPro.LKA_tests.EmployeesEditProfile3SymbolsInTextFieldTest">
        <test-method status="PASS" signature="startWebDriver()[pri:0, instance:com.YouMagicPro.LKA_tests.EmployeesEditProfile3SymbolsInTextFieldTest@555aad0c]" name="startWebDriver" is-config="true" duration-ms="1161" started-at="2012-11-15T14:48:50Z" finished-at="2012-11-15T14:48:52Z">
          <reporter-output>
          </reporter-output>
        </test-method> <!-- startWebDriver -->
        <test-method status="PASS" signature="employeesEditProfile3SymbolsInTextFieldTest_C15256()[pri:0, instance:com.YouMagicPro.LKA_tests.EmployeesEditProfile3SymbolsInTextFieldTest@555aad0c]" name="employeesEditProfile3SymbolsInTextFieldTest_C15256" duration-ms="19739" started-at="2012-11-15T14:48:52Z" finished-at="2012-11-15T14:49:11Z">
          <reporter-output>
          </reporter-output>
        </test-method> <!-- employeesEditProfile3SymbolsInTextFieldTest_C15256 -->
        <test-method status="PASS" signature="closeSession()[pri:0, instance:com.YouMagicPro.LKA_tests.EmployeesEditProfile3SymbolsInTextFieldTest@555aad0c]" name="closeSession" is-config="true" duration-ms="1" started-at="2012-11-15T14:49:11Z" finished-at="2012-11-15T14:49:11Z">
          <reporter-output>
          </reporter-output>
        </test-method> <!-- closeSession -->
      </class> <!-- com.YouMagicPro.LKA_tests.EmployeesEditProfile3SymbolsInTextFieldTest -->
      <class name="com.YouMagicPro.LKA_tests.OrderDeliveryOfContractCancelButtonTest">
        <test-method status="PASS" signature="startWebDriver()[pri:0, instance:com.YouMagicPro.LKA_tests.OrderDeliveryOfContractCancelButtonTest@17e4be04]" name="startWebDriver" is-config="true" duration-ms="2044" started-at="2012-11-15T14:54:06Z" finished-at="2012-11-15T14:54:08Z">
          <reporter-output>
          </reporter-output>
        </test-method> <!-- startWebDriver -->
        <test-method status="PASS" signature="expenseStructureTest()[pri:0, instance:com.YouMagicPro.LKA_tests.OrderDeliveryOfContractCancelButtonTest@17e4be04]" name="expenseStructureTest" duration-ms="17847" started-at="2012-11-15T14:54:08Z" finished-at="2012-11-15T14:54:26Z">
          <reporter-output>
          </reporter-output>
        </test-method> <!-- expenseStructureTest -->
        <test-method status="PASS" signature="closeSession()[pri:0, instance:com.YouMagicPro.LKA_tests.OrderDeliveryOfContractCancelButtonTest@17e4be04]" name="closeSession" is-config="true" duration-ms="1" started-at="2012-11-15T14:54:26Z" finished-at="2012-11-15T14:54:26Z">
          <reporter-output>
          </reporter-output>
        </test-method> <!-- closeSession -->
      </class> <!-- com.YouMagicPro.LKA_tests.OrderDeliveryOfContractCancelButtonTest -->
      <class name="com.YouMagicPro.LKA_tests.VoiceMenuAddTest">
        <test-method status="PASS" signature="startWebDriver()[pri:0, instance:com.YouMagicPro.LKA_tests.VoiceMenuAddTest@3929d28]" name="startWebDriver" is-config="true" duration-ms="1039" started-at="2012-11-15T14:30:54Z" finished-at="2012-11-15T14:30:55Z">
          <reporter-output>
          </reporter-output>
        </test-method> <!-- startWebDriver -->
        <test-method status="PASS" signature="voiceMenuAddTest_C15292()[pri:0, instance:com.YouMagicPro.LKA_tests.VoiceMenuAddTest@3929d28]" name="voiceMenuAddTest_C15292" duration-ms="20955" started-at="2012-11-15T14:30:55Z" finished-at="2012-11-15T14:31:16Z">
          <reporter-output>
          </reporter-output>
        </test-method> <!-- voiceMenuAddTest_C15292 -->
        <test-method status="PASS" signature="closeSession()[pri:0, instance:com.YouMagicPro.LKA_tests.VoiceMenuAddTest@3929d28]" name="closeSession" is-config="true" duration-ms="2" started-at="2012-11-15T14:31:16Z" finished-at="2012-11-15T14:31:16Z">
          <reporter-output>
          </reporter-output>
        </test-method> <!-- closeSession -->
      </class> <!-- com.YouMagicPro.LKA_tests.VoiceMenuAddTest -->
      <class name="com.YouMagicPro.LKA_tests.EmployeesEditProfileFillInDataTest">
        <test-method status="PASS" signature="startWebDriver()[pri:0, instance:com.YouMagicPro.LKA_tests.EmployeesEditProfileFillInDataTest@3a333bdb]" name="startWebDriver" is-config="true" duration-ms="683" started-at="2012-11-15T14:49:11Z" finished-at="2012-11-15T14:49:12Z">
          <reporter-output>
          </reporter-output>
        </test-method> <!-- startWebDriver -->
        <test-method status="PASS" signature="employeesEditProfileTest_C15253()[pri:0, instance:com.YouMagicPro.LKA_tests.EmployeesEditProfileFillInDataTest@3a333bdb]" name="employeesEditProfileTest_C15253" duration-ms="20610" started-at="2012-11-15T14:49:12Z" finished-at="2012-11-15T14:49:33Z">
          <reporter-output>
          </reporter-output>
        </test-method> <!-- employeesEditProfileTest_C15253 -->
        <test-method status="PASS" signature="closeSession()[pri:0, instance:com.YouMagicPro.LKA_tests.EmployeesEditProfileFillInDataTest@3a333bdb]" name="closeSession" is-config="true" duration-ms="2" started-at="2012-11-15T14:49:33Z" finished-at="2012-11-15T14:49:33Z">
          <reporter-output>
          </reporter-output>
        </test-method> <!-- closeSession -->
      </class> <!-- com.YouMagicPro.LKA_tests.EmployeesEditProfileFillInDataTest -->
      <class name="com.YouMagicPro.LKA_tests.ExpenseStructureInternalNumbersFeeTest">
        <test-method status="PASS" signature="startWebDriver()[pri:0, instance:com.YouMagicPro.LKA_tests.ExpenseStructureInternalNumbersFeeTest@3f75c03e]" name="startWebDriver" is-config="true" duration-ms="1154" started-at="2012-11-15T14:50:32Z" finished-at="2012-11-15T14:50:33Z">
          <reporter-output>
          </reporter-output>
        </test-method> <!-- startWebDriver -->
        <test-method status="PASS" signature="expenseStructureInternalNumbersFeeTest_C15101()[pri:0, instance:com.YouMagicPro.LKA_tests.ExpenseStructureInternalNumbersFeeTest@3f75c03e]" name="expenseStructureInternalNumbersFeeTest_C15101" duration-ms="8584" started-at="2012-11-15T14:50:33Z" finished-at="2012-11-15T14:50:41Z">
          <reporter-output>
          </reporter-output>
        </test-method> <!-- expenseStructureInternalNumbersFeeTest_C15101 -->
        <test-method status="PASS" signature="closeSession()[pri:0, instance:com.YouMagicPro.LKA_tests.ExpenseStructureInternalNumbersFeeTest@3f75c03e]" name="closeSession" is-config="true" duration-ms="2" started-at="2012-11-15T14:50:41Z" finished-at="2012-11-15T14:50:41Z">
          <reporter-output>
          </reporter-output>
        </test-method> <!-- closeSession -->
      </class> <!-- com.YouMagicPro.LKA_tests.ExpenseStructureInternalNumbersFeeTest -->
      <class name="com.YouMagicPro.LKA_tests.BuyingAdditionalInternalNumberCheckCost">
        <test-method status="PASS" signature="startWebDriver()[pri:0, instance:com.YouMagicPro.LKA_tests.BuyingAdditionalInternalNumberCheckCost@332b25db]" name="startWebDriver" is-config="true" duration-ms="1194" started-at="2012-11-15T14:31:57Z" finished-at="2012-11-15T14:31:59Z">
          <reporter-output>
          </reporter-output>
        </test-method> <!-- startWebDriver -->
        <test-method status="PASS" signature="buyingAdditionalInternalNumberCheckCost_C15113()[pri:0, instance:com.YouMagicPro.LKA_tests.BuyingAdditionalInternalNumberCheckCost@332b25db]" name="buyingAdditionalInternalNumberCheckCost_C15113" duration-ms="12981" started-at="2012-11-15T14:31:59Z" finished-at="2012-11-15T14:32:12Z">
          <reporter-output>
          </reporter-output>
        </test-method> <!-- buyingAdditionalInternalNumberCheckCost_C15113 -->
        <test-method status="PASS" signature="closeSession()[pri:0, instance:com.YouMagicPro.LKA_tests.BuyingAdditionalInternalNumberCheckCost@332b25db]" name="closeSession" is-config="true" duration-ms="2" started-at="2012-11-15T14:32:12Z" finished-at="2012-11-15T14:32:12Z">
          <reporter-output>
          </reporter-output>
        </test-method> <!-- closeSession -->
      </class> <!-- com.YouMagicPro.LKA_tests.BuyingAdditionalInternalNumberCheckCost -->
      <class name="com.YouMagicPro.LKA_tests.ContractFillInDataTest">
        <test-method status="PASS" signature="startWebDriver()[pri:0, instance:com.YouMagicPro.LKA_tests.ContractFillInDataTest@4c418cf]" name="startWebDriver" is-config="true" duration-ms="1368" started-at="2012-11-15T14:41:05Z" finished-at="2012-11-15T14:41:06Z">
          <reporter-output>
          </reporter-output>
        </test-method> <!-- startWebDriver -->
        <test-method status="PASS" signature="fillInContractDataTest()[pri:0, instance:com.YouMagicPro.LKA_tests.ContractFillInDataTest@4c418cf]" name="fillInContractDataTest" duration-ms="29160" started-at="2012-11-15T14:41:06Z" finished-at="2012-11-15T14:41:35Z">
          <reporter-output>
          </reporter-output>
        </test-method> <!-- fillInContractDataTest -->
        <test-method status="PASS" signature="closeSession()[pri:0, instance:com.YouMagicPro.LKA_tests.ContractFillInDataTest@4c418cf]" name="closeSession" is-config="true" duration-ms="2" started-at="2012-11-15T14:41:35Z" finished-at="2012-11-15T14:41:35Z">
          <reporter-output>
          </reporter-output>
        </test-method> <!-- closeSession -->
      </class> <!-- com.YouMagicPro.LKA_tests.ContractFillInDataTest -->
      <class name="com.YouMagicPro.LKA_tests.ContractOgrnLettersAndNumbersInTextFieldTest">
        <test-method status="PASS" signature="startWebDriver()[pri:0, instance:com.YouMagicPro.LKA_tests.ContractOgrnLettersAndNumbersInTextFieldTest@216f1cbc]" name="startWebDriver" is-config="true" duration-ms="1440" started-at="2012-11-15T14:46:09Z" finished-at="2012-11-15T14:46:10Z">
          <reporter-output>
          </reporter-output>
        </test-method> <!-- startWebDriver -->
        <test-method status="PASS" signature="contractOgrnLettersAndNumbersInTextFieldTest_C15057()[pri:0, instance:com.YouMagicPro.LKA_tests.ContractOgrnLettersAndNumbersInTextFieldTest@216f1cbc]" name="contractOgrnLettersAndNumbersInTextFieldTest_C15057" duration-ms="22484" started-at="2012-11-15T14:46:10Z" finished-at="2012-11-15T14:46:32Z">
          <reporter-output>
          </reporter-output>
        </test-method> <!-- contractOgrnLettersAndNumbersInTextFieldTest_C15057 -->
        <test-method status="PASS" signature="closeSession()[pri:0, instance:com.YouMagicPro.LKA_tests.ContractOgrnLettersAndNumbersInTextFieldTest@216f1cbc]" name="closeSession" is-config="true" duration-ms="1" started-at="2012-11-15T14:46:32Z" finished-at="2012-11-15T14:46:32Z">
          <reporter-output>
          </reporter-output>
        </test-method> <!-- closeSession -->
      </class> <!-- com.YouMagicPro.LKA_tests.ContractOgrnLettersAndNumbersInTextFieldTest -->
      <class name="com.YouMagicPro.LKA_tests.BuyingAdditionalNumberChooseCityFromList">
        <test-method status="PASS" signature="startWebDriver()[pri:0, instance:com.YouMagicPro.LKA_tests.BuyingAdditionalNumberChooseCityFromList@2684c71b]" name="startWebDriver" is-config="true" duration-ms="1743" started-at="2012-11-15T14:33:06Z" finished-at="2012-11-15T14:33:08Z">
          <reporter-output>
          </reporter-output>
        </test-method> <!-- startWebDriver -->
        <test-method status="PASS" signature="buyingAdditionalNumberChooseCityFromList_C15103()[pri:0, instance:com.YouMagicPro.LKA_tests.BuyingAdditionalNumberChooseCityFromList@2684c71b]" name="buyingAdditionalNumberChooseCityFromList_C15103" duration-ms="16077" started-at="2012-11-15T14:33:08Z" finished-at="2012-11-15T14:33:24Z">
          <reporter-output>
          </reporter-output>
        </test-method> <!-- buyingAdditionalNumberChooseCityFromList_C15103 -->
        <test-method status="PASS" signature="closeSession()[pri:0, instance:com.YouMagicPro.LKA_tests.BuyingAdditionalNumberChooseCityFromList@2684c71b]" name="closeSession" is-config="true" duration-ms="1" started-at="2012-11-15T14:33:24Z" finished-at="2012-11-15T14:33:24Z">
          <reporter-output>
          </reporter-output>
        </test-method> <!-- closeSession -->
      </class> <!-- com.YouMagicPro.LKA_tests.BuyingAdditionalNumberChooseCityFromList -->
      <class name="com.YouMagicPro.LKA_tests.ContractBik1inTextFieldTest">
        <test-method status="PASS" signature="startWebDriver()[pri:0, instance:com.YouMagicPro.LKA_tests.ContractBik1inTextFieldTest@5d14798a]" name="startWebDriver" is-config="true" duration-ms="1283" started-at="2012-11-15T14:36:05Z" finished-at="2012-11-15T14:36:07Z">
          <reporter-output>
          </reporter-output>
        </test-method> <!-- startWebDriver -->
        <test-method status="PASS" signature="contractBikTest1inTextField_C15022()[pri:0, instance:com.YouMagicPro.LKA_tests.ContractBik1inTextFieldTest@5d14798a]" name="contractBikTest1inTextField_C15022" duration-ms="26013" started-at="2012-11-15T14:36:07Z" finished-at="2012-11-15T14:36:33Z">
          <reporter-output>
          </reporter-output>
        </test-method> <!-- contractBikTest1inTextField_C15022 -->
        <test-method status="PASS" signature="closeSession()[pri:0, instance:com.YouMagicPro.LKA_tests.ContractBik1inTextFieldTest@5d14798a]" name="closeSession" is-config="true" duration-ms="3" started-at="2012-11-15T14:36:33Z" finished-at="2012-11-15T14:36:33Z">
          <reporter-output>
          </reporter-output>
        </test-method> <!-- closeSession -->
      </class> <!-- com.YouMagicPro.LKA_tests.ContractBik1inTextFieldTest -->
      <class name="com.YouMagicPro.LKA_tests.ContractBankAccountLettersInTextFieldTest">
        <test-method status="PASS" signature="startWebDriver()[pri:0, instance:com.YouMagicPro.LKA_tests.ContractBankAccountLettersInTextFieldTest@726b37ad]" name="startWebDriver" is-config="true" duration-ms="1159" started-at="2012-11-15T14:34:25Z" finished-at="2012-11-15T14:34:26Z">
          <reporter-output>
          </reporter-output>
        </test-method> <!-- startWebDriver -->
        <test-method status="PASS" signature="contractBankAccountLettersInTextFieldTest_C14995()[pri:0, instance:com.YouMagicPro.LKA_tests.ContractBankAccountLettersInTextFieldTest@726b37ad]" name="contractBankAccountLettersInTextFieldTest_C14995" duration-ms="22117" started-at="2012-11-15T14:34:26Z" finished-at="2012-11-15T14:34:48Z">
          <reporter-output>
          </reporter-output>
        </test-method> <!-- contractBankAccountLettersInTextFieldTest_C14995 -->
        <test-method status="PASS" signature="closeSession()[pri:0, instance:com.YouMagicPro.LKA_tests.ContractBankAccountLettersInTextFieldTest@726b37ad]" name="closeSession" is-config="true" duration-ms="1" started-at="2012-11-15T14:34:48Z" finished-at="2012-11-15T14:34:48Z">
          <reporter-output>
          </reporter-output>
        </test-method> <!-- closeSession -->
      </class> <!-- com.YouMagicPro.LKA_tests.ContractBankAccountLettersInTextFieldTest -->
      <class name="com.YouMagicPro.LKA_tests.OrderToAdressChangePhoneTest">
        <test-method status="PASS" signature="startWebDriver()[pri:0, instance:com.YouMagicPro.LKA_tests.OrderToAdressChangePhoneTest@57799932]" name="startWebDriver" is-config="true" duration-ms="1628" started-at="2012-11-15T14:55:21Z" finished-at="2012-11-15T14:55:23Z">
          <reporter-output>
          </reporter-output>
        </test-method> <!-- startWebDriver -->
        <test-method status="FAIL" signature="orderToAdressChangePhoneTest_C25677()[pri:0, instance:com.YouMagicPro.LKA_tests.OrderToAdressChangePhoneTest@57799932]" name="orderToAdressChangePhoneTest_C25677" duration-ms="14831" started-at="2012-11-15T14:55:23Z" finished-at="2012-11-15T14:55:38Z">
          <exception class="org.openqa.selenium.WebDriverException">
            <message>
              <![CDATA[Element is not clickable at point (84.5, 642) (WARNING: The server did not provide any stacktrace information)
Command duration or timeout: 43 milliseconds
Build info: version: '2.26.0', revision: '18040', time: '2012-11-02 09:44:45'
System info: os.name: 'Windows 7', os.arch: 'amd64', os.version: '6.1', java.version: '1.7.0_05'
Driver info: driver.version: RemoteWebDriver
Session ID: 7de5c21014e03f656a0bb36707040247]]>
            </message>
            <full-stacktrace>
              <![CDATA[org.openqa.selenium.WebDriverException: Element is not clickable at point (84.5, 642) (WARNING: The server did not provide any stacktrace information)
Command duration or timeout: 43 milliseconds
Build info: version: '2.26.0', revision: '18040', time: '2012-11-02 09:44:45'
System info: os.name: 'Windows 7', os.arch: 'amd64', os.version: '6.1', java.version: '1.7.0_05'
Driver info: driver.version: RemoteWebDriver
Session ID: 7de5c21014e03f656a0bb36707040247
	at sun.reflect.NativeConstructorAccessorImpl.newInstance0(Native Method)
	at sun.reflect.NativeConstructorAccessorImpl.newInstance(NativeConstructorAccessorImpl.java:57)
	at sun.reflect.DelegatingConstructorAccessorImpl.newInstance(DelegatingConstructorAccessorImpl.java:45)
	at java.lang.reflect.Constructor.newInstance(Constructor.java:525)
	at org.openqa.selenium.remote.ErrorHandler.createThrowable(ErrorHandler.java:188)
	at org.openqa.selenium.remote.ErrorHandler.throwIfResponseFailed(ErrorHandler.java:145)
	at org.openqa.selenium.remote.RemoteWebDriver.execute(RemoteWebDriver.java:531)
	at org.openqa.selenium.remote.RemoteWebElement.execute(RemoteWebElement.java:246)
	at org.openqa.selenium.remote.RemoteWebElement.click(RemoteWebElement.java:79)
	at com.YouMagicPro.LKA_tests.OrderToAdressChangePhoneTest.orderToAdressChangePhoneTest_C25677(OrderToAdressChangePhoneTest.java:13)
	at sun.reflect.NativeMethodAccessorImpl.invoke0(Native Method)
	at sun.reflect.NativeMethodAccessorImpl.invoke(NativeMethodAccessorImpl.java:57)
	at sun.reflect.DelegatingMethodAccessorImpl.invoke(DelegatingMethodAccessorImpl.java:43)
	at java.lang.reflect.Method.invoke(Method.java:601)
	at org.testng.internal.MethodInvocationHelper.invokeMethod(MethodInvocationHelper.java:80)
	at org.testng.internal.Invoker.invokeMethod(Invoker.java:714)
	at org.testng.internal.Invoker.invokeTestMethod(Invoker.java:901)
	at org.testng.internal.Invoker.invokeTestMethods(Invoker.java:1231)
	at org.testng.internal.TestMethodWorker.invokeTestMethods(TestMethodWorker.java:127)
	at org.testng.internal.TestMethodWorker.run(TestMethodWorker.java:111)
	at org.testng.TestRunner.privateRun(TestRunner.java:767)
	at org.testng.TestRunner.run(TestRunner.java:617)
	at org.testng.SuiteRunner.runTest(SuiteRunner.java:334)
	at org.testng.SuiteRunner.runSequentially(SuiteRunner.java:329)
	at org.testng.SuiteRunner.privateRun(SuiteRunner.java:291)
	at org.testng.SuiteRunner.run(SuiteRunner.java:240)
	at org.testng.SuiteRunnerWorker.runSuite(SuiteRunnerWorker.java:52)
	at org.testng.SuiteRunnerWorker.run(SuiteRunnerWorker.java:86)
	at org.testng.TestNG.runSuitesSequentially(TestNG.java:1198)
	at org.testng.TestNG.runSuitesLocally(TestNG.java:1123)
	at org.testng.TestNG.run(TestNG.java:1031)
	at org.apache.maven.surefire.testng.TestNGExecutor.run(TestNGExecutor.java:122)
	at org.apache.maven.surefire.testng.TestNGXmlTestSuite.execute(TestNGXmlTestSuite.java:88)
	at org.apache.maven.surefire.testng.TestNGProvider.invoke(TestNGProvider.java:104)
	at sun.reflect.NativeMethodAccessorImpl.invoke0(Native Method)
	at sun.reflect.NativeMethodAccessorImpl.invoke(NativeMethodAccessorImpl.java:57)
	at sun.reflect.DelegatingMethodAccessorImpl.invoke(DelegatingMethodAccessorImpl.java:43)
	at java.lang.reflect.Method.invoke(Method.java:601)
	at org.apache.maven.surefire.booter.ProviderFactory$ClassLoaderProxy.invoke(ProviderFactory.java:103)
	at $Proxy0.invoke(Unknown Source)
	at org.apache.maven.surefire.booter.SurefireStarter.invokeProvider(SurefireStarter.java:150)
	at org.apache.maven.surefire.booter.SurefireStarter.runSuitesInProcess(SurefireStarter.java:91)
	at org.apache.maven.surefire.booter.ForkedBooter.main(ForkedBooter.java:69)
]]>
            </full-stacktrace>
          </exception> <!-- org.openqa.selenium.WebDriverException -->
          <reporter-output>
          </reporter-output>
        </test-method> <!-- orderToAdressChangePhoneTest_C25677 -->
        <test-method status="PASS" signature="closeSession()[pri:0, instance:com.YouMagicPro.LKA_tests.OrderToAdressChangePhoneTest@57799932]" name="closeSession" is-config="true" duration-ms="1" started-at="2012-11-15T14:55:38Z" finished-at="2012-11-15T14:55:38Z">
          <reporter-output>
          </reporter-output>
        </test-method> <!-- closeSession -->
      </class> <!-- com.YouMagicPro.LKA_tests.OrderToAdressChangePhoneTest -->
      <class name="com.YouMagicPro.LKA_tests.OrderDeliveryOfContractDropdownListTest">
        <test-method status="PASS" signature="startWebDriver()[pri:0, instance:com.YouMagicPro.LKA_tests.OrderDeliveryOfContractDropdownListTest@34171a9b]" name="startWebDriver" is-config="true" duration-ms="1713" started-at="2012-11-15T14:54:26Z" finished-at="2012-11-15T14:54:28Z">
          <reporter-output>
          </reporter-output>
        </test-method> <!-- startWebDriver -->
        <test-method status="PASS" signature="expenseStructureTest()[pri:0, instance:com.YouMagicPro.LKA_tests.OrderDeliveryOfContractDropdownListTest@34171a9b]" name="expenseStructureTest" duration-ms="17331" started-at="2012-11-15T14:54:28Z" finished-at="2012-11-15T14:54:45Z">
          <reporter-output>
          </reporter-output>
        </test-method> <!-- expenseStructureTest -->
        <test-method status="PASS" signature="closeSession()[pri:0, instance:com.YouMagicPro.LKA_tests.OrderDeliveryOfContractDropdownListTest@34171a9b]" name="closeSession" is-config="true" duration-ms="2" started-at="2012-11-15T14:54:45Z" finished-at="2012-11-15T14:54:45Z">
          <reporter-output>
          </reporter-output>
        </test-method> <!-- closeSession -->
      </class> <!-- com.YouMagicPro.LKA_tests.OrderDeliveryOfContractDropdownListTest -->
      <class name="com.YouMagicPro.LKA_tests.ContractBikSymbolsInTextFieldTest">
        <test-method status="PASS" signature="startWebDriver()[pri:0, instance:com.YouMagicPro.LKA_tests.ContractBikSymbolsInTextFieldTest@48179cc2]" name="startWebDriver" is-config="true" duration-ms="1190" started-at="2012-11-15T14:37:25Z" finished-at="2012-11-15T14:37:26Z">
          <reporter-output>
          </reporter-output>
        </test-method> <!-- startWebDriver -->
        <test-method status="PASS" signature="contractBikSymbolsInTextFieldTest_C15026()[pri:0, instance:com.YouMagicPro.LKA_tests.ContractBikSymbolsInTextFieldTest@48179cc2]" name="contractBikSymbolsInTextFieldTest_C15026" duration-ms="23430" started-at="2012-11-15T14:37:26Z" finished-at="2012-11-15T14:37:50Z">
          <reporter-output>
          </reporter-output>
        </test-method> <!-- contractBikSymbolsInTextFieldTest_C15026 -->
        <test-method status="PASS" signature="closeSession()[pri:0, instance:com.YouMagicPro.LKA_tests.ContractBikSymbolsInTextFieldTest@48179cc2]" name="closeSession" is-config="true" duration-ms="2" started-at="2012-11-15T14:37:50Z" finished-at="2012-11-15T14:37:50Z">
          <reporter-output>
          </reporter-output>
        </test-method> <!-- closeSession -->
      </class> <!-- com.YouMagicPro.LKA_tests.ContractBikSymbolsInTextFieldTest -->
      <class name="com.YouMagicPro.LKA_tests.ContractCorAccountLettersInTextFieldTest">
        <test-method status="PASS" signature="startWebDriver()[pri:0, instance:com.YouMagicPro.LKA_tests.ContractCorAccountLettersInTextFieldTest@13b93c4c]" name="startWebDriver" is-config="true" duration-ms="1183" started-at="2012-11-15T14:38:56Z" finished-at="2012-11-15T14:38:57Z">
          <reporter-output>
          </reporter-output>
        </test-method> <!-- startWebDriver -->
        <test-method status="PASS" signature="contractCorAccountLettersInTextFieldTest_C15001()[pri:0, instance:com.YouMagicPro.LKA_tests.ContractCorAccountLettersInTextFieldTest@13b93c4c]" name="contractCorAccountLettersInTextFieldTest_C15001" duration-ms="21149" started-at="2012-11-15T14:38:57Z" finished-at="2012-11-15T14:39:18Z">
          <reporter-output>
          </reporter-output>
        </test-method> <!-- contractCorAccountLettersInTextFieldTest_C15001 -->
        <test-method status="PASS" signature="closeSession()[pri:0, instance:com.YouMagicPro.LKA_tests.ContractCorAccountLettersInTextFieldTest@13b93c4c]" name="closeSession" is-config="true" duration-ms="2" started-at="2012-11-15T14:39:18Z" finished-at="2012-11-15T14:39:18Z">
          <reporter-output>
          </reporter-output>
        </test-method> <!-- closeSession -->
      </class> <!-- com.YouMagicPro.LKA_tests.ContractCorAccountLettersInTextFieldTest -->
      <class name="com.YouMagicPro.LKA_tests.ContractBankAccountTenInTextFieldTest">
        <test-method status="PASS" signature="startWebDriver()[pri:0, instance:com.YouMagicPro.LKA_tests.ContractBankAccountTenInTextFieldTest@2ebaa4a4]" name="startWebDriver" is-config="true" duration-ms="1163" started-at="2012-11-15T14:35:42Z" finished-at="2012-11-15T14:35:43Z">
          <reporter-output>
          </reporter-output>
        </test-method> <!-- startWebDriver -->
        <test-method status="PASS" signature="contractBankAccountTenInTextFieldTest_C14994()[pri:0, instance:com.YouMagicPro.LKA_tests.ContractBankAccountTenInTextFieldTest@2ebaa4a4]" name="contractBankAccountTenInTextFieldTest_C14994" duration-ms="22363" started-at="2012-11-15T14:35:43Z" finished-at="2012-11-15T14:36:05Z">
          <reporter-output>
          </reporter-output>
        </test-method> <!-- contractBankAccountTenInTextFieldTest_C14994 -->
        <test-method status="PASS" signature="closeSession()[pri:0, instance:com.YouMagicPro.LKA_tests.ContractBankAccountTenInTextFieldTest@2ebaa4a4]" name="closeSession" is-config="true" duration-ms="1" started-at="2012-11-15T14:36:05Z" finished-at="2012-11-15T14:36:05Z">
          <reporter-output>
          </reporter-output>
        </test-method> <!-- closeSession -->
      </class> <!-- com.YouMagicPro.LKA_tests.ContractBankAccountTenInTextFieldTest -->
      <class name="com.YouMagicPro.LKA_tests.ContractOgrnOneNumberInTextFieldTest">
        <test-method status="PASS" signature="startWebDriver()[pri:0, instance:com.YouMagicPro.LKA_tests.ContractOgrnOneNumberInTextFieldTest@5c78bca]" name="startWebDriver" is-config="true" duration-ms="1193" started-at="2012-11-15T14:46:58Z" finished-at="2012-11-15T14:47:00Z">
          <reporter-output>
          </reporter-output>
        </test-method> <!-- startWebDriver -->
        <test-method status="PASS" signature="contractOgrnOneNumberInTextFieldTest_C15053()[pri:0, instance:com.YouMagicPro.LKA_tests.ContractOgrnOneNumberInTextFieldTest@5c78bca]" name="contractOgrnOneNumberInTextFieldTest_C15053" duration-ms="20746" started-at="2012-11-15T14:47:00Z" finished-at="2012-11-15T14:47:20Z">
          <reporter-output>
          </reporter-output>
        </test-method> <!-- contractOgrnOneNumberInTextFieldTest_C15053 -->
        <test-method status="PASS" signature="closeSession()[pri:0, instance:com.YouMagicPro.LKA_tests.ContractOgrnOneNumberInTextFieldTest@5c78bca]" name="closeSession" is-config="true" duration-ms="2" started-at="2012-11-15T14:47:20Z" finished-at="2012-11-15T14:47:20Z">
          <reporter-output>
          </reporter-output>
        </test-method> <!-- closeSession -->
      </class> <!-- com.YouMagicPro.LKA_tests.ContractOgrnOneNumberInTextFieldTest -->
      <class name="com.YouMagicPro.LKA_tests.ContractBikLettersInTextFieldTest">
        <test-method status="PASS" signature="startWebDriver()[pri:0, instance:com.YouMagicPro.LKA_tests.ContractBikLettersInTextFieldTest@74895110]" name="startWebDriver" is-config="true" duration-ms="1182" started-at="2012-11-15T14:37:02Z" finished-at="2012-11-15T14:37:04Z">
          <reporter-output>
          </reporter-output>
        </test-method> <!-- startWebDriver -->
        <test-method status="PASS" signature="contractBikTestLettersInTextField_C15023()[pri:0, instance:com.YouMagicPro.LKA_tests.ContractBikLettersInTextFieldTest@74895110]" name="contractBikTestLettersInTextField_C15023" duration-ms="21448" started-at="2012-11-15T14:37:04Z" finished-at="2012-11-15T14:37:25Z">
          <reporter-output>
          </reporter-output>
        </test-method> <!-- contractBikTestLettersInTextField_C15023 -->
        <test-method status="PASS" signature="closeSession()[pri:0, instance:com.YouMagicPro.LKA_tests.ContractBikLettersInTextFieldTest@74895110]" name="closeSession" is-config="true" duration-ms="2" started-at="2012-11-15T14:37:25Z" finished-at="2012-11-15T14:37:25Z">
          <reporter-output>
          </reporter-output>
        </test-method> <!-- closeSession -->
      </class> <!-- com.YouMagicPro.LKA_tests.ContractBikLettersInTextFieldTest -->
      <class name="com.YouMagicPro.LKA_tests.VoiceMenuFillNAmeTextFieldTest">
        <test-method status="PASS" signature="startWebDriver()[pri:0, instance:com.YouMagicPro.LKA_tests.VoiceMenuFillNAmeTextFieldTest@96dbfb4]" name="startWebDriver" is-config="true" duration-ms="1460" started-at="2012-11-15T14:32:47Z" finished-at="2012-11-15T14:32:48Z">
          <reporter-output>
          </reporter-output>
        </test-method> <!-- startWebDriver -->
        <test-method status="FAIL" signature="voiceFillNAmeTextFieldTest_C15293()[pri:0, instance:com.YouMagicPro.LKA_tests.VoiceMenuFillNAmeTextFieldTest@96dbfb4]" name="voiceFillNAmeTextFieldTest_C15293" duration-ms="17995" started-at="2012-11-15T14:32:48Z" finished-at="2012-11-15T14:33:06Z">
          <exception class="org.openqa.selenium.WebDriverException">
            <message>
              <![CDATA[Element is not clickable at point (932.5, 402). Other element would receive the click: <div id="modalBackdrop" style="z-index: 1000; position: absolute; left: 0px; margin: 0px; background-color: rgb(255, 255, 255); opacity: 0.5; top: 0px; height: 1210px; width: 1037px; background-position: initial initial; background-repeat: initial initial;"></div> (WARNING: The server did not provide any stacktrace information)
Command duration or timeout: 35 milliseconds
Build info: version: '2.26.0', revision: '18040', time: '2012-11-02 09:44:45'
System info: os.name: 'Windows 7', os.arch: 'amd64', os.version: '6.1', java.version: '1.7.0_05'
Driver info: driver.version: RemoteWebDriver
Session ID: 66af44d1f76fea3d33fdcb5376fba0c2]]>
            </message>
            <full-stacktrace>
              <![CDATA[org.openqa.selenium.WebDriverException: Element is not clickable at point (932.5, 402). Other element would receive the click: <div id="modalBackdrop" style="z-index: 1000; position: absolute; left: 0px; margin: 0px; background-color: rgb(255, 255, 255); opacity: 0.5; top: 0px; height: 1210px; width: 1037px; background-position: initial initial; background-repeat: initial initial;"></div> (WARNING: The server did not provide any stacktrace information)
Command duration or timeout: 35 milliseconds
Build info: version: '2.26.0', revision: '18040', time: '2012-11-02 09:44:45'
System info: os.name: 'Windows 7', os.arch: 'amd64', os.version: '6.1', java.version: '1.7.0_05'
Driver info: driver.version: RemoteWebDriver
Session ID: 66af44d1f76fea3d33fdcb5376fba0c2
	at sun.reflect.NativeConstructorAccessorImpl.newInstance0(Native Method)
	at sun.reflect.NativeConstructorAccessorImpl.newInstance(NativeConstructorAccessorImpl.java:57)
	at sun.reflect.DelegatingConstructorAccessorImpl.newInstance(DelegatingConstructorAccessorImpl.java:45)
	at java.lang.reflect.Constructor.newInstance(Constructor.java:525)
	at org.openqa.selenium.remote.ErrorHandler.createThrowable(ErrorHandler.java:188)
	at org.openqa.selenium.remote.ErrorHandler.throwIfResponseFailed(ErrorHandler.java:145)
	at org.openqa.selenium.remote.RemoteWebDriver.execute(RemoteWebDriver.java:531)
	at org.openqa.selenium.remote.RemoteWebElement.execute(RemoteWebElement.java:246)
	at org.openqa.selenium.remote.RemoteWebElement.click(RemoteWebElement.java:79)
	at com.YouMagicPro.LKA_tests.VoiceMenuFillNAmeTextFieldTest.voiceFillNAmeTextFieldTest_C15293(VoiceMenuFillNAmeTextFieldTest.java:27)
	at sun.reflect.NativeMethodAccessorImpl.invoke0(Native Method)
	at sun.reflect.NativeMethodAccessorImpl.invoke(NativeMethodAccessorImpl.java:57)
	at sun.reflect.DelegatingMethodAccessorImpl.invoke(DelegatingMethodAccessorImpl.java:43)
	at java.lang.reflect.Method.invoke(Method.java:601)
	at org.testng.internal.MethodInvocationHelper.invokeMethod(MethodInvocationHelper.java:80)
	at org.testng.internal.Invoker.invokeMethod(Invoker.java:714)
	at org.testng.internal.Invoker.invokeTestMethod(Invoker.java:901)
	at org.testng.internal.Invoker.invokeTestMethods(Invoker.java:1231)
	at org.testng.internal.TestMethodWorker.invokeTestMethods(TestMethodWorker.java:127)
	at org.testng.internal.TestMethodWorker.run(TestMethodWorker.java:111)
	at org.testng.TestRunner.privateRun(TestRunner.java:767)
	at org.testng.TestRunner.run(TestRunner.java:617)
	at org.testng.SuiteRunner.runTest(SuiteRunner.java:334)
	at org.testng.SuiteRunner.runSequentially(SuiteRunner.java:329)
	at org.testng.SuiteRunner.privateRun(SuiteRunner.java:291)
	at org.testng.SuiteRunner.run(SuiteRunner.java:240)
	at org.testng.SuiteRunnerWorker.runSuite(SuiteRunnerWorker.java:52)
	at org.testng.SuiteRunnerWorker.run(SuiteRunnerWorker.java:86)
	at org.testng.TestNG.runSuitesSequentially(TestNG.java:1198)
	at org.testng.TestNG.runSuitesLocally(TestNG.java:1123)
	at org.testng.TestNG.run(TestNG.java:1031)
	at org.apache.maven.surefire.testng.TestNGExecutor.run(TestNGExecutor.java:122)
	at org.apache.maven.surefire.testng.TestNGXmlTestSuite.execute(TestNGXmlTestSuite.java:88)
	at org.apache.maven.surefire.testng.TestNGProvider.invoke(TestNGProvider.java:104)
	at sun.reflect.NativeMethodAccessorImpl.invoke0(Native Method)
	at sun.reflect.NativeMethodAccessorImpl.invoke(NativeMethodAccessorImpl.java:57)
	at sun.reflect.DelegatingMethodAccessorImpl.invoke(DelegatingMethodAccessorImpl.java:43)
	at java.lang.reflect.Method.invoke(Method.java:601)
	at org.apache.maven.surefire.booter.ProviderFactory$ClassLoaderProxy.invoke(ProviderFactory.java:103)
	at $Proxy0.invoke(Unknown Source)
	at org.apache.maven.surefire.booter.SurefireStarter.invokeProvider(SurefireStarter.java:150)
	at org.apache.maven.surefire.booter.SurefireStarter.runSuitesInProcess(SurefireStarter.java:91)
	at org.apache.maven.surefire.booter.ForkedBooter.main(ForkedBooter.java:69)
]]>
            </full-stacktrace>
          </exception> <!-- org.openqa.selenium.WebDriverException -->
          <reporter-output>
          </reporter-output>
        </test-method> <!-- voiceFillNAmeTextFieldTest_C15293 -->
        <test-method status="PASS" signature="closeSession()[pri:0, instance:com.YouMagicPro.LKA_tests.VoiceMenuFillNAmeTextFieldTest@96dbfb4]" name="closeSession" is-config="true" duration-ms="2" started-at="2012-11-15T14:33:06Z" finished-at="2012-11-15T14:33:06Z">
          <reporter-output>
          </reporter-output>
        </test-method> <!-- closeSession -->
      </class> <!-- com.YouMagicPro.LKA_tests.VoiceMenuFillNAmeTextFieldTest -->
      <class name="com.YouMagicPro.LKA_tests.ContractKppLettersTest">
        <test-method status="PASS" signature="startWebDriver()[pri:0, instance:com.YouMagicPro.LKA_tests.ContractKppLettersTest@2c96d430]" name="startWebDriver" is-config="true" duration-ms="1646" started-at="2012-11-15T14:44:37Z" finished-at="2012-11-15T14:44:39Z">
          <reporter-output>
          </reporter-output>
        </test-method> <!-- startWebDriver -->
        <test-method status="PASS" signature="contractKppTest_C15050()[pri:0, instance:com.YouMagicPro.LKA_tests.ContractKppLettersTest@2c96d430]" name="contractKppTest_C15050" duration-ms="21063" started-at="2012-11-15T14:44:39Z" finished-at="2012-11-15T14:45:00Z">
          <reporter-output>
          </reporter-output>
        </test-method> <!-- contractKppTest_C15050 -->
        <test-method status="PASS" signature="closeSession()[pri:0, instance:com.YouMagicPro.LKA_tests.ContractKppLettersTest@2c96d430]" name="closeSession" is-config="true" duration-ms="2" started-at="2012-11-15T14:45:00Z" finished-at="2012-11-15T14:45:00Z">
          <reporter-output>
          </reporter-output>
        </test-method> <!-- closeSession -->
      </class> <!-- com.YouMagicPro.LKA_tests.ContractKppLettersTest -->
      <class name="com.YouMagicPro.LKA_tests.BuyingAdditionalInternalNumberTextFieldTest">
        <test-method status="PASS" signature="startWebDriver()[pri:0, instance:com.YouMagicPro.LKA_tests.BuyingAdditionalInternalNumberTextFieldTest@2d1bee74]" name="startWebDriver" is-config="true" duration-ms="1940" started-at="2012-11-15T14:32:33Z" finished-at="2012-11-15T14:32:35Z">
          <reporter-output>
          </reporter-output>
        </test-method> <!-- startWebDriver -->
        <test-method status="PASS" signature="buyingAdditionalInternalNumberTextFieldTest_C15112()[pri:0, instance:com.YouMagicPro.LKA_tests.BuyingAdditionalInternalNumberTextFieldTest@2d1bee74]" name="buyingAdditionalInternalNumberTextFieldTest_C15112" duration-ms="11318" started-at="2012-11-15T14:32:35Z" finished-at="2012-11-15T14:32:47Z">
          <reporter-output>
          </reporter-output>
        </test-method> <!-- buyingAdditionalInternalNumberTextFieldTest_C15112 -->
        <test-method status="PASS" signature="closeSession()[pri:0, instance:com.YouMagicPro.LKA_tests.BuyingAdditionalInternalNumberTextFieldTest@2d1bee74]" name="closeSession" is-config="true" duration-ms="2" started-at="2012-11-15T14:32:47Z" finished-at="2012-11-15T14:32:47Z">
          <reporter-output>
          </reporter-output>
        </test-method> <!-- closeSession -->
      </class> <!-- com.YouMagicPro.LKA_tests.BuyingAdditionalInternalNumberTextFieldTest -->
      <class name="com.YouMagicPro.LKA_tests.ContractBankAccountOneInTextFieldTest">
        <test-method status="PASS" signature="startWebDriver()[pri:0, instance:com.YouMagicPro.LKA_tests.ContractBankAccountOneInTextFieldTest@3412605d]" name="startWebDriver" is-config="true" duration-ms="1243" started-at="2012-11-15T14:34:48Z" finished-at="2012-11-15T14:34:49Z">
          <reporter-output>
          </reporter-output>
        </test-method> <!-- startWebDriver -->
        <test-method status="PASS" signature="contractBankAccountOneInTextFieldTest_C14993()[pri:0, instance:com.YouMagicPro.LKA_tests.ContractBankAccountOneInTextFieldTest@3412605d]" name="contractBankAccountOneInTextFieldTest_C14993" duration-ms="26413" started-at="2012-11-15T14:34:49Z" finished-at="2012-11-15T14:35:16Z">
          <reporter-output>
          </reporter-output>
        </test-method> <!-- contractBankAccountOneInTextFieldTest_C14993 -->
        <test-method status="PASS" signature="closeSession()[pri:0, instance:com.YouMagicPro.LKA_tests.ContractBankAccountOneInTextFieldTest@3412605d]" name="closeSession" is-config="true" duration-ms="2" started-at="2012-11-15T14:35:16Z" finished-at="2012-11-15T14:35:16Z">
          <reporter-output>
          </reporter-output>
        </test-method> <!-- closeSession -->
      </class> <!-- com.YouMagicPro.LKA_tests.ContractBankAccountOneInTextFieldTest -->
      <class name="com.YouMagicPro.LKA_tests.OrderByEmailOrderWithoutDocTypeCheckedTest">
        <test-method status="PASS" signature="startWebDriver()[pri:0, instance:com.YouMagicPro.LKA_tests.OrderByEmailOrderWithoutDocTypeCheckedTest@18515783]" name="startWebDriver" is-config="true" duration-ms="1786" started-at="2012-11-15T14:52:25Z" finished-at="2012-11-15T14:52:26Z">
          <reporter-output>
          </reporter-output>
        </test-method> <!-- startWebDriver -->
        <test-method status="PASS" signature="orderByEmailOrderWithoutDocTypeCheckedTest_C25656()[pri:0, instance:com.YouMagicPro.LKA_tests.OrderByEmailOrderWithoutDocTypeCheckedTest@18515783]" name="orderByEmailOrderWithoutDocTypeCheckedTest_C25656" duration-ms="19033" started-at="2012-11-15T14:52:26Z" finished-at="2012-11-15T14:52:45Z">
          <reporter-output>
          </reporter-output>
        </test-method> <!-- orderByEmailOrderWithoutDocTypeCheckedTest_C25656 -->
        <test-method status="PASS" signature="closeSession()[pri:0, instance:com.YouMagicPro.LKA_tests.OrderByEmailOrderWithoutDocTypeCheckedTest@18515783]" name="closeSession" is-config="true" duration-ms="1" started-at="2012-11-15T14:52:45Z" finished-at="2012-11-15T14:52:45Z">
          <reporter-output>
          </reporter-output>
        </test-method> <!-- closeSession -->
      </class> <!-- com.YouMagicPro.LKA_tests.OrderByEmailOrderWithoutDocTypeCheckedTest -->
      <class name="com.YouMagicPro.LKA_tests.ContractBikLettersAndNumbersInTextFieldTest">
        <test-method status="PASS" signature="startWebDriver()[pri:0, instance:com.YouMagicPro.LKA_tests.ContractBikLettersAndNumbersInTextFieldTest@22749460]" name="startWebDriver" is-config="true" duration-ms="1195" started-at="2012-11-15T14:36:33Z" finished-at="2012-11-15T14:36:34Z">
          <reporter-output>
          </reporter-output>
        </test-method> <!-- startWebDriver -->
        <test-method status="PASS" signature="contractBikTest_C15025()[pri:0, instance:com.YouMagicPro.LKA_tests.ContractBikLettersAndNumbersInTextFieldTest@22749460]" name="contractBikTest_C15025" duration-ms="28507" started-at="2012-11-15T14:36:34Z" finished-at="2012-11-15T14:37:02Z">
          <reporter-output>
          </reporter-output>
        </test-method> <!-- contractBikTest_C15025 -->
        <test-method status="PASS" signature="closeSession()[pri:0, instance:com.YouMagicPro.LKA_tests.ContractBikLettersAndNumbersInTextFieldTest@22749460]" name="closeSession" is-config="true" duration-ms="2" started-at="2012-11-15T14:37:02Z" finished-at="2012-11-15T14:37:02Z">
          <reporter-output>
          </reporter-output>
        </test-method> <!-- closeSession -->
      </class> <!-- com.YouMagicPro.LKA_tests.ContractBikLettersAndNumbersInTextFieldTest -->
      <class name="com.YouMagicPro.LKA_tests.VoiceMenuChooseSoundTest">
        <test-method status="PASS" signature="startWebDriver()[pri:0, instance:com.YouMagicPro.LKA_tests.VoiceMenuChooseSoundTest@6faa7dbc]" name="startWebDriver" is-config="true" duration-ms="671" started-at="2012-11-15T14:31:34Z" finished-at="2012-11-15T14:31:34Z">
          <reporter-output>
          </reporter-output>
        </test-method> <!-- startWebDriver -->
        <test-method status="PASS" signature="voiceMailChooseSoundTest_C15294()[pri:0, instance:com.YouMagicPro.LKA_tests.VoiceMenuChooseSoundTest@6faa7dbc]" name="voiceMailChooseSoundTest_C15294" duration-ms="23097" started-at="2012-11-15T14:31:34Z" finished-at="2012-11-15T14:31:57Z">
          <reporter-output>
          </reporter-output>
        </test-method> <!-- voiceMailChooseSoundTest_C15294 -->
        <test-method status="PASS" signature="closeSession()[pri:0, instance:com.YouMagicPro.LKA_tests.VoiceMenuChooseSoundTest@6faa7dbc]" name="closeSession" is-config="true" duration-ms="2" started-at="2012-11-15T14:31:57Z" finished-at="2012-11-15T14:31:57Z">
          <reporter-output>
          </reporter-output>
        </test-method> <!-- closeSession -->
      </class> <!-- com.YouMagicPro.LKA_tests.VoiceMenuChooseSoundTest -->
      <class name="com.YouMagicPro.LKA_tests.ContractKppSymbolsTest">
        <test-method status="PASS" signature="startWebDriver()[pri:0, instance:com.YouMagicPro.LKA_tests.ContractKppSymbolsTest@ffeaa19]" name="startWebDriver" is-config="true" duration-ms="1998" started-at="2012-11-15T14:45:22Z" finished-at="2012-11-15T14:45:24Z">
          <reporter-output>
          </reporter-output>
        </test-method> <!-- startWebDriver -->
        <test-method status="PASS" signature="contractKppTest_C15051()[pri:0, instance:com.YouMagicPro.LKA_tests.ContractKppSymbolsTest@ffeaa19]" name="contractKppTest_C15051" duration-ms="21871" started-at="2012-11-15T14:45:24Z" finished-at="2012-11-15T14:45:46Z">
          <reporter-output>
          </reporter-output>
        </test-method> <!-- contractKppTest_C15051 -->
        <test-method status="PASS" signature="closeSession()[pri:0, instance:com.YouMagicPro.LKA_tests.ContractKppSymbolsTest@ffeaa19]" name="closeSession" is-config="true" duration-ms="1" started-at="2012-11-15T14:45:46Z" finished-at="2012-11-15T14:45:46Z">
          <reporter-output>
          </reporter-output>
        </test-method> <!-- closeSession -->
      </class> <!-- com.YouMagicPro.LKA_tests.ContractKppSymbolsTest -->
      <class name="com.YouMagicPro.LKA_tests.OrderToAdressNoTextFieldFilledTest">
        <test-method status="PASS" signature="startWebDriver()[pri:0, instance:com.YouMagicPro.LKA_tests.OrderToAdressNoTextFieldFilledTest@443efcc7]" name="startWebDriver" is-config="true" duration-ms="1346" started-at="2012-11-15T14:55:38Z" finished-at="2012-11-15T14:55:39Z">
          <reporter-output>
          </reporter-output>
        </test-method> <!-- startWebDriver -->
        <test-method status="PASS" signature="OrderToAdressNoTextFieldFilledTest_C25679()[pri:0, instance:com.YouMagicPro.LKA_tests.OrderToAdressNoTextFieldFilledTest@443efcc7]" name="OrderToAdressNoTextFieldFilledTest_C25679" duration-ms="19103" started-at="2012-11-15T14:55:39Z" finished-at="2012-11-15T14:55:58Z">
          <reporter-output>
          </reporter-output>
        </test-method> <!-- OrderToAdressNoTextFieldFilledTest_C25679 -->
        <test-method status="PASS" signature="closeSession()[pri:0, instance:com.YouMagicPro.LKA_tests.OrderToAdressNoTextFieldFilledTest@443efcc7]" name="closeSession" is-config="true" duration-ms="2" started-at="2012-11-15T14:55:58Z" finished-at="2012-11-15T14:55:58Z">
          <reporter-output>
          </reporter-output>
        </test-method> <!-- closeSession -->
      </class> <!-- com.YouMagicPro.LKA_tests.OrderToAdressNoTextFieldFilledTest -->
      <class name="com.YouMagicPro.LKA_tests.OrderToAdressCancelButtonClickTest">
        <test-method status="PASS" signature="startWebDriver()[pri:0, instance:com.YouMagicPro.LKA_tests.OrderToAdressCancelButtonClickTest@44865ee]" name="startWebDriver" is-config="true" duration-ms="1910" started-at="2012-11-15T14:54:45Z" finished-at="2012-11-15T14:54:47Z">
          <reporter-output>
          </reporter-output>
        </test-method> <!-- startWebDriver -->
        <test-method status="PASS" signature="orderToAdressCancelButtonClickTest_C25675()[pri:0, instance:com.YouMagicPro.LKA_tests.OrderToAdressCancelButtonClickTest@44865ee]" name="orderToAdressCancelButtonClickTest_C25675" duration-ms="17839" started-at="2012-11-15T14:54:47Z" finished-at="2012-11-15T14:55:05Z">
          <reporter-output>
          </reporter-output>
        </test-method> <!-- orderToAdressCancelButtonClickTest_C25675 -->
        <test-method status="PASS" signature="closeSession()[pri:0, instance:com.YouMagicPro.LKA_tests.OrderToAdressCancelButtonClickTest@44865ee]" name="closeSession" is-config="true" duration-ms="2" started-at="2012-11-15T14:55:05Z" finished-at="2012-11-15T14:55:05Z">
          <reporter-output>
          </reporter-output>
        </test-method> <!-- closeSession -->
      </class> <!-- com.YouMagicPro.LKA_tests.OrderToAdressCancelButtonClickTest -->
      <class name="com.YouMagicPro.LKA_tests.DiscSpaceTest">
        <test-method status="PASS" signature="startWebDriver()[pri:0, instance:com.YouMagicPro.LKA_tests.DiscSpaceTest@6244b22e]" name="startWebDriver" is-config="true" duration-ms="1208" started-at="2012-11-15T14:47:42Z" finished-at="2012-11-15T14:47:43Z">
          <reporter-output>
          </reporter-output>
        </test-method> <!-- startWebDriver -->
        <test-method status="PASS" signature="expenseStructureTest()[pri:0, instance:com.YouMagicPro.LKA_tests.DiscSpaceTest@6244b22e]" name="expenseStructureTest" duration-ms="8615" started-at="2012-11-15T14:47:43Z" finished-at="2012-11-15T14:47:51Z">
          <reporter-output>
          </reporter-output>
        </test-method> <!-- expenseStructureTest -->
        <test-method status="PASS" signature="closeSession()[pri:0, instance:com.YouMagicPro.LKA_tests.DiscSpaceTest@6244b22e]" name="closeSession" is-config="true" duration-ms="2" started-at="2012-11-15T14:47:51Z" finished-at="2012-11-15T14:47:51Z">
          <reporter-output>
          </reporter-output>
        </test-method> <!-- closeSession -->
      </class> <!-- com.YouMagicPro.LKA_tests.DiscSpaceTest -->
      <class name="com.YouMagicPro.LKA_tests.EmployeesEditProfileTest">
        <test-method status="PASS" signature="startWebDriver()[pri:0, instance:com.YouMagicPro.LKA_tests.EmployeesEditProfileTest@52c22530]" name="startWebDriver" is-config="true" duration-ms="1160" started-at="2012-11-15T14:49:33Z" finished-at="2012-11-15T14:49:34Z">
          <reporter-output>
          </reporter-output>
        </test-method> <!-- startWebDriver -->
        <test-method status="PASS" signature="employeesEditProfileTest_C15253()[pri:0, instance:com.YouMagicPro.LKA_tests.EmployeesEditProfileTest@52c22530]" name="employeesEditProfileTest_C15253" duration-ms="17560" started-at="2012-11-15T14:49:34Z" finished-at="2012-11-15T14:49:51Z">
          <reporter-output>
          </reporter-output>
        </test-method> <!-- employeesEditProfileTest_C15253 -->
        <test-method status="PASS" signature="closeSession()[pri:0, instance:com.YouMagicPro.LKA_tests.EmployeesEditProfileTest@52c22530]" name="closeSession" is-config="true" duration-ms="2" started-at="2012-11-15T14:49:51Z" finished-at="2012-11-15T14:49:51Z">
          <reporter-output>
          </reporter-output>
        </test-method> <!-- closeSession -->
      </class> <!-- com.YouMagicPro.LKA_tests.EmployeesEditProfileTest -->
      <class name="com.YouMagicPro.LKA_tests.Buying804NumberCostOfNumberTest">
        <test-method status="PASS" signature="startWebDriver()[pri:0, instance:com.YouMagicPro.LKA_tests.Buying804NumberCostOfNumberTest@722e2167]" name="startWebDriver" is-config="true" duration-ms="1222" started-at="2012-11-15T14:31:16Z" finished-at="2012-11-15T14:31:17Z">
          <reporter-output>
          </reporter-output>
        </test-method> <!-- startWebDriver -->
        <test-method status="PASS" signature="buying804NumberCostOfNumberTest_C25623()[pri:0, instance:com.YouMagicPro.LKA_tests.Buying804NumberCostOfNumberTest@722e2167]" name="buying804NumberCostOfNumberTest_C25623" duration-ms="16522" started-at="2012-11-15T14:31:17Z" finished-at="2012-11-15T14:31:34Z">
          <reporter-output>
          </reporter-output>
        </test-method> <!-- buying804NumberCostOfNumberTest_C25623 -->
        <test-method status="PASS" signature="closeSession()[pri:0, instance:com.YouMagicPro.LKA_tests.Buying804NumberCostOfNumberTest@722e2167]" name="closeSession" is-config="true" duration-ms="2" started-at="2012-11-15T14:31:34Z" finished-at="2012-11-15T14:31:34Z">
          <reporter-output>
          </reporter-output>
        </test-method> <!-- closeSession -->
      </class> <!-- com.YouMagicPro.LKA_tests.Buying804NumberCostOfNumberTest -->
      <class name="com.YouMagicPro.LKA_tests.EmployeesAddEmployeeTest">
        <test-method status="PASS" signature="startWebDriver()[pri:0, instance:com.YouMagicPro.LKA_tests.EmployeesAddEmployeeTest@4dff4999]" name="startWebDriver" is-config="true" duration-ms="1158" started-at="2012-11-15T14:47:51Z" finished-at="2012-11-15T14:47:53Z">
          <reporter-output>
          </reporter-output>
        </test-method> <!-- startWebDriver -->
        <test-method status="PASS" signature="employeesEditProfileTest_C15253()[pri:0, instance:com.YouMagicPro.LKA_tests.EmployeesAddEmployeeTest@4dff4999]" name="employeesEditProfileTest_C15253" duration-ms="21054" started-at="2012-11-15T14:47:53Z" finished-at="2012-11-15T14:48:14Z">
          <reporter-output>
          </reporter-output>
        </test-method> <!-- employeesEditProfileTest_C15253 -->
        <test-method status="PASS" signature="closeSession()[pri:0, instance:com.YouMagicPro.LKA_tests.EmployeesAddEmployeeTest@4dff4999]" name="closeSession" is-config="true" duration-ms="5" started-at="2012-11-15T14:48:14Z" finished-at="2012-11-15T14:48:14Z">
          <reporter-output>
          </reporter-output>
        </test-method> <!-- closeSession -->
      </class> <!-- com.YouMagicPro.LKA_tests.EmployeesAddEmployeeTest -->
      <class name="com.YouMagicPro.LKA_tests.OrderByPickUpChangeNameTest">
        <test-method status="PASS" signature="startWebDriver()[pri:0, instance:com.YouMagicPro.LKA_tests.OrderByPickUpChangeNameTest@6b3782c3]" name="startWebDriver" is-config="true" duration-ms="1773" started-at="2012-11-15T14:53:04Z" finished-at="2012-11-15T14:53:06Z">
          <reporter-output>
          </reporter-output>
        </test-method> <!-- startWebDriver -->
        <test-method status="PASS" signature="orderByPickUpChangeNameTest_C25668()[pri:0, instance:com.YouMagicPro.LKA_tests.OrderByPickUpChangeNameTest@6b3782c3]" name="orderByPickUpChangeNameTest_C25668" duration-ms="16837" started-at="2012-11-15T14:53:06Z" finished-at="2012-11-15T14:53:23Z">
          <reporter-output>
          </reporter-output>
        </test-method> <!-- orderByPickUpChangeNameTest_C25668 -->
        <test-method status="PASS" signature="closeSession()[pri:0, instance:com.YouMagicPro.LKA_tests.OrderByPickUpChangeNameTest@6b3782c3]" name="closeSession" is-config="true" duration-ms="1" started-at="2012-11-15T14:53:23Z" finished-at="2012-11-15T14:53:23Z">
          <reporter-output>
          </reporter-output>
        </test-method> <!-- closeSession -->
      </class> <!-- com.YouMagicPro.LKA_tests.OrderByPickUpChangeNameTest -->
      <class name="com.YouMagicPro.LKA_tests.Buying804NumberCategoriesOfNumbers">
        <test-method status="PASS" signature="startWebDriver()[pri:0, instance:com.YouMagicPro.LKA_tests.Buying804NumberCategoriesOfNumbers@59737b19]" name="startWebDriver" is-config="true" duration-ms="5424" started-at="2012-11-15T14:30:28Z" finished-at="2012-11-15T14:30:33Z">
          <reporter-output>
          </reporter-output>
        </test-method> <!-- startWebDriver -->
        <test-method status="PASS" signature="buying804NumberCategoriesOfNumbers_C25622()[pri:0, instance:com.YouMagicPro.LKA_tests.Buying804NumberCategoriesOfNumbers@59737b19]" name="buying804NumberCategoriesOfNumbers_C25622" duration-ms="20509" started-at="2012-11-15T14:30:33Z" finished-at="2012-11-15T14:30:54Z">
          <reporter-output>
          </reporter-output>
        </test-method> <!-- buying804NumberCategoriesOfNumbers_C25622 -->
        <test-method status="PASS" signature="closeSession()[pri:0, instance:com.YouMagicPro.LKA_tests.Buying804NumberCategoriesOfNumbers@59737b19]" name="closeSession" is-config="true" duration-ms="3" started-at="2012-11-15T14:30:54Z" finished-at="2012-11-15T14:30:54Z">
          <reporter-output>
          </reporter-output>
        </test-method> <!-- closeSession -->
      </class> <!-- com.YouMagicPro.LKA_tests.Buying804NumberCategoriesOfNumbers -->
      <class name="com.YouMagicPro.LKA_tests.ContractCorAccountTenInTextFieldTest">
        <test-method status="PASS" signature="startWebDriver()[pri:0, instance:com.YouMagicPro.LKA_tests.ContractCorAccountTenInTextFieldTest@4be525ab]" name="startWebDriver" is-config="true" duration-ms="1159" started-at="2012-11-15T14:40:09Z" finished-at="2012-11-15T14:40:10Z">
          <reporter-output>
          </reporter-output>
        </test-method> <!-- startWebDriver -->
        <test-method status="PASS" signature="contractCorAccountTenInTextFieldTest_C15000()[pri:0, instance:com.YouMagicPro.LKA_tests.ContractCorAccountTenInTextFieldTest@4be525ab]" name="contractCorAccountTenInTextFieldTest_C15000" duration-ms="23064" started-at="2012-11-15T14:40:10Z" finished-at="2012-11-15T14:40:33Z">
          <reporter-output>
          </reporter-output>
        </test-method> <!-- contractCorAccountTenInTextFieldTest_C15000 -->
        <test-method status="PASS" signature="closeSession()[pri:0, instance:com.YouMagicPro.LKA_tests.ContractCorAccountTenInTextFieldTest@4be525ab]" name="closeSession" is-config="true" duration-ms="2" started-at="2012-11-15T14:40:33Z" finished-at="2012-11-15T14:40:33Z">
          <reporter-output>
          </reporter-output>
        </test-method> <!-- closeSession -->
      </class> <!-- com.YouMagicPro.LKA_tests.ContractCorAccountTenInTextFieldTest -->
      <class name="com.YouMagicPro.LKA_tests.ContractKppLettersAndNumbersTest">
        <test-method status="PASS" signature="startWebDriver()[pri:0, instance:com.YouMagicPro.LKA_tests.ContractKppLettersAndNumbersTest@310c247a]" name="startWebDriver" is-config="true" duration-ms="1650" started-at="2012-11-15T14:44:14Z" finished-at="2012-11-15T14:44:16Z">
          <reporter-output>
          </reporter-output>
        </test-method> <!-- startWebDriver -->
        <test-method status="PASS" signature="contractKppTest_C15054()[pri:0, instance:com.YouMagicPro.LKA_tests.ContractKppLettersAndNumbersTest@310c247a]" name="contractKppTest_C15054" duration-ms="21688" started-at="2012-11-15T14:44:16Z" finished-at="2012-11-15T14:44:37Z">
          <reporter-output>
          </reporter-output>
        </test-method> <!-- contractKppTest_C15054 -->
        <test-method status="PASS" signature="closeSession()[pri:0, instance:com.YouMagicPro.LKA_tests.ContractKppLettersAndNumbersTest@310c247a]" name="closeSession" is-config="true" duration-ms="2" started-at="2012-11-15T14:44:37Z" finished-at="2012-11-15T14:44:37Z">
          <reporter-output>
          </reporter-output>
        </test-method> <!-- closeSession -->
      </class> <!-- com.YouMagicPro.LKA_tests.ContractKppLettersAndNumbersTest -->
      <class name="com.YouMagicPro.LKA_tests.EmployeesEditProfile2SymbolsInTextFieldTest">
        <test-method status="PASS" signature="startWebDriver()[pri:0, instance:com.YouMagicPro.LKA_tests.EmployeesEditProfile2SymbolsInTextFieldTest@7d16a957]" name="startWebDriver" is-config="true" duration-ms="1233" started-at="2012-11-15T14:48:30Z" finished-at="2012-11-15T14:48:31Z">
          <reporter-output>
          </reporter-output>
        </test-method> <!-- startWebDriver -->
        <test-method status="PASS" signature="employeesEditProfileTest_C15253()[pri:0, instance:com.YouMagicPro.LKA_tests.EmployeesEditProfile2SymbolsInTextFieldTest@7d16a957]" name="employeesEditProfileTest_C15253" duration-ms="19528" started-at="2012-11-15T14:48:31Z" finished-at="2012-11-15T14:48:50Z">
          <reporter-output>
[...]
          <reporter-output>
          </reporter-output>
        </test-method> <!-- closeSession -->
      </class> <!-- com.YouMagicPro.LKA_tests.ExpenseStructureAdditionalNumbersFeeTest -->
      <class name="com.YouMagicPro.LKA_tests.ContractEndOfPageDataTest">
        <test-method status="PASS" signature="startWebDriver()[pri:0, instance:com.YouMagicPro.LKA_tests.ContractEndOfPageDataTest@5ac7cee9]" name="startWebDriver" is-config="true" duration-ms="1255" started-at="2012-11-15T14:40:33Z" finished-at="2012-11-15T14:40:35Z">
          <reporter-output>
          </reporter-output>
        </test-method> <!-- startWebDriver -->
        <test-method status="PASS" signature="contractEndOfPageDataTest_C15062()[pri:0, instance:com.YouMagicPro.LKA_tests.ContractEndOfPageDataTest@5ac7cee9]" name="contractEndOfPageDataTest_C15062" duration-ms="30208" started-at="2012-11-15T14:40:35Z" finished-at="2012-11-15T14:41:05Z">
          <reporter-output>
          </reporter-output>
        </test-method> <!-- contractEndOfPageDataTest_C15062 -->
        <test-method status="PASS" signature="closeSession()[pri:0, instance:com.YouMagicPro.LKA_tests.ContractEndOfPageDataTest@5ac7cee9]" name="closeSession" is-config="true" duration-ms="2" started-at="2012-11-15T14:41:05Z" finished-at="2012-11-15T14:41:05Z">
          <reporter-output>
          </reporter-output>
        </test-method> <!-- closeSession -->
      </class> <!-- com.YouMagicPro.LKA_tests.ContractEndOfPageDataTest -->
      <class name="com.YouMagicPro.LKA_tests.OrderByPickUpChangePhoneTest">
        <test-method status="PASS" signature="startWebDriver()[pri:0, instance:com.YouMagicPro.LKA_tests.OrderByPickUpChangePhoneTest@6638c07a]" name="startWebDriver" is-config="true" duration-ms="2292" started-at="2012-11-15T14:53:23Z" finished-at="2012-11-15T14:53:25Z">
          <reporter-output>
          </reporter-output>
        </test-method> <!-- startWebDriver -->
        <test-method status="PASS" signature="OrderByPickUpChangePhoneTest_C25666()[pri:0, instance:com.YouMagicPro.LKA_tests.OrderByPickUpChangePhoneTest@6638c07a]" name="OrderByPickUpChangePhoneTest_C25666" duration-ms="17834" started-at="2012-11-15T14:53:25Z" finished-at="2012-11-15T14:53:43Z">
          <reporter-output>
          </reporter-output>
        </test-method> <!-- OrderByPickUpChangePhoneTest_C25666 -->
        <test-method status="PASS" signature="closeSession()[pri:0, instance:com.YouMagicPro.LKA_tests.OrderByPickUpChangePhoneTest@6638c07a]" name="closeSession" is-config="true" duration-ms="1" started-at="2012-11-15T14:53:43Z" finished-at="2012-11-15T14:53:43Z">
          <reporter-output>
          </reporter-output>
        </test-method> <!-- closeSession -->
      </class> <!-- com.YouMagicPro.LKA_tests.OrderByPickUpChangePhoneTest -->
      <class name="com.YouMagicPro.LKA_tests.OrderToAdressChangeNameTest">
        <test-method status="PASS" signature="startWebDriver()[pri:0, instance:com.YouMagicPro.LKA_tests.OrderToAdressChangeNameTest@217c26cc]" name="startWebDriver" is-config="true" duration-ms="1534" started-at="2012-11-15T14:55:05Z" finished-at="2012-11-15T14:55:06Z">
          <reporter-output>
          </reporter-output>
        </test-method> <!-- startWebDriver -->
        <test-method status="FAIL" signature="orderToAdressChangeNameTest_C25672()[pri:0, instance:com.YouMagicPro.LKA_tests.OrderToAdressChangeNameTest@217c26cc]" name="orderToAdressChangeNameTest_C25672" duration-ms="14703" started-at="2012-11-15T14:55:06Z" finished-at="2012-11-15T14:55:21Z">
          <exception class="org.openqa.selenium.WebDriverException">
            <message>
              <![CDATA[Element is not clickable at point (84.5, 642) (WARNING: The server did not provide any stacktrace information)
Command duration or timeout: 41 milliseconds
Build info: version: '2.26.0', revision: '18040', time: '2012-11-02 09:44:45'
System info: os.name: 'Windows 7', os.arch: 'amd64', os.version: '6.1', java.version: '1.7.0_05'
Driver info: driver.version: RemoteWebDriver
Session ID: 38c3b9e3e92f77d48de79d18987a97de]]>
            </message>
            <full-stacktrace>
              <![CDATA[org.openqa.selenium.WebDriverException: Element is not clickable at point (84.5, 642) (WARNING: The server did not provide any stacktrace information)
Command duration or timeout: 41 milliseconds
Build info: version: '2.26.0', revision: '18040', time: '2012-11-02 09:44:45'
System info: os.name: 'Windows 7', os.arch: 'amd64', os.version: '6.1', java.version: '1.7.0_05'
Driver info: driver.version: RemoteWebDriver
Session ID: 38c3b9e3e92f77d48de79d18987a97de
	at sun.reflect.NativeConstructorAccessorImpl.newInstance0(Native Method)
	at sun.reflect.NativeConstructorAccessorImpl.newInstance(NativeConstructorAccessorImpl.java:57)
	at sun.reflect.DelegatingConstructorAccessorImpl.newInstance(DelegatingConstructorAccessorImpl.java:45)
	at java.lang.reflect.Constructor.newInstance(Constructor.java:525)
	at org.openqa.selenium.remote.ErrorHandler.createThrowable(ErrorHandler.java:188)
	at org.openqa.selenium.remote.ErrorHandler.throwIfResponseFailed(ErrorHandler.java:145)
	at org.openqa.selenium.remote.RemoteWebDriver.execute(RemoteWebDriver.java:531)
	at org.openqa.selenium.remote.RemoteWebElement.execute(RemoteWebElement.java:246)
	at org.openqa.selenium.remote.RemoteWebElement.click(RemoteWebElement.java:79)
	at com.YouMagicPro.LKA_tests.OrderToAdressChangeNameTest.orderToAdressChangeNameTest_C25672(OrderToAdressChangeNameTest.java:13)
	at sun.reflect.NativeMethodAccessorImpl.invoke0(Native Method)
	at sun.reflect.NativeMethodAccessorImpl.invoke(NativeMethodAccessorImpl.java:57)
	at sun.reflect.DelegatingMethodAccessorImpl.invoke(DelegatingMethodAccessorImpl.java:43)
	at java.lang.reflect.Method.invoke(Method.java:601)
	at org.testng.internal.MethodInvocationHelper.invokeMethod(MethodInvocationHelper.java:80)
	at org.testng.internal.Invoker.invokeMethod(Invoker.java:714)
	at org.testng.internal.Invoker.invokeTestMethod(Invoker.java:901)
	at org.testng.internal.Invoker.invokeTestMethods(Invoker.java:1231)
	at org.testng.internal.TestMethodWorker.invokeTestMethods(TestMethodWorker.java:127)
	at org.testng.internal.TestMethodWorker.run(TestMethodWorker.java:111)
	at org.testng.TestRunner.privateRun(TestRunner.java:767)
	at org.testng.TestRunner.run(TestRunner.java:617)
	at org.testng.SuiteRunner.runTest(SuiteRunner.java:334)
	at org.testng.SuiteRunner.runSequentially(SuiteRunner.java:329)
	at org.testng.SuiteRunner.privateRun(SuiteRunner.java:291)
	at org.testng.SuiteRunner.run(SuiteRunner.java:240)
	at org.testng.SuiteRunnerWorker.runSuite(SuiteRunnerWorker.java:52)
	at org.testng.SuiteRunnerWorker.run(SuiteRunnerWorker.java:86)
	at org.testng.TestNG.runSuitesSequentially(TestNG.java:1198)
	at org.testng.TestNG.runSuitesLocally(TestNG.java:1123)
	at org.testng.TestNG.run(TestNG.java:1031)
	at org.apache.maven.surefire.testng.TestNGExecutor.run(TestNGExecutor.java:122)
	at org.apache.maven.surefire.testng.TestNGXmlTestSuite.execute(TestNGXmlTestSuite.java:88)
	at org.apache.maven.surefire.testng.TestNGProvider.invoke(TestNGProvider.java:104)
	at sun.reflect.NativeMethodAccessorImpl.invoke0(Native Method)
	at sun.reflect.NativeMethodAccessorImpl.invoke(NativeMethodAccessorImpl.java:57)
	at sun.reflect.DelegatingMethodAccessorImpl.invoke(DelegatingMethodAccessorImpl.java:43)
	at java.lang.reflect.Method.invoke(Method.java:601)
	at org.apache.maven.surefire.booter.ProviderFactory$ClassLoaderProxy.invoke(ProviderFactory.java:103)
	at $Proxy0.invoke(Unknown Source)
	at org.apache.maven.surefire.booter.SurefireStarter.invokeProvider(SurefireStarter.java:150)
	at org.apache.maven.surefire.booter.SurefireStarter.runSuitesInProcess(SurefireStarter.java:91)
	at org.apache.maven.surefire.booter.ForkedBooter.main(ForkedBooter.java:69)
]]>
            </full-stacktrace>
          </exception> <!-- org.openqa.selenium.WebDriverException -->
          <reporter-output>
          </reporter-output>
        </test-method> <!-- orderToAdressChangeNameTest_C25672 -->
        <test-method status="PASS" signature="closeSession()[pri:0, instance:com.YouMagicPro.LKA_tests.OrderToAdressChangeNameTest@217c26cc]" name="closeSession" is-config="true" duration-ms="1" started-at="2012-11-15T14:55:21Z" finished-at="2012-11-15T14:55:21Z">
          <reporter-output>
          </reporter-output>
        </test-method> <!-- closeSession -->
      </class> <!-- com.YouMagicPro.LKA_tests.OrderToAdressChangeNameTest -->
      <class name="com.YouMagicPro.LKA_tests.BuyingAdditionalNumberChooseNumbersFromList">
        <test-method status="PASS" signature="startWebDriver()[pri:0, instance:com.YouMagicPro.LKA_tests.BuyingAdditionalNumberChooseNumbersFromList@634a988]" name="startWebDriver" is-config="true" duration-ms="1233" started-at="2012-11-15T14:33:42Z" finished-at="2012-11-15T14:33:43Z">
          <reporter-output>
          </reporter-output>
        </test-method> <!-- startWebDriver -->
        <test-method status="PASS" signature="BuyingAdditionalNumberChooseNumbersFromList_C15106()[pri:0, instance:com.YouMagicPro.LKA_tests.BuyingAdditionalNumberChooseNumbersFromList@634a988]" name="BuyingAdditionalNumberChooseNumbersFromList_C15106" duration-ms="17289" started-at="2012-11-15T14:33:43Z" finished-at="2012-11-15T14:34:00Z">
          <reporter-output>
          </reporter-output>
        </test-method> <!-- BuyingAdditionalNumberChooseNumbersFromList_C15106 -->
        <test-method status="PASS" signature="closeSession()[pri:0, instance:com.YouMagicPro.LKA_tests.BuyingAdditionalNumberChooseNumbersFromList@634a988]" name="closeSession" is-config="true" duration-ms="2" started-at="2012-11-15T14:34:00Z" finished-at="2012-11-15T14:34:00Z">
          <reporter-output>
          </reporter-output>
        </test-method> <!-- closeSession -->
      </class> <!-- com.YouMagicPro.LKA_tests.BuyingAdditionalNumberChooseNumbersFromList -->
      <class name="com.YouMagicPro.LKA_tests.OrderByPickUpOrderWithoutDocTypeCheckedTest">
        <test-method status="PASS" signature="startWebDriver()[pri:0, instance:com.YouMagicPro.LKA_tests.OrderByPickUpOrderWithoutDocTypeCheckedTest@63292d35]" name="startWebDriver" is-config="true" duration-ms="1934" started-at="2012-11-15T14:53:43Z" finished-at="2012-11-15T14:53:45Z">
          <reporter-output>
          </reporter-output>
        </test-method> <!-- startWebDriver -->
        <test-method status="PASS" signature="orderByPickUpOrderWithoutDocTypeCheckedTest_C25663()[pri:0, instance:com.YouMagicPro.LKA_tests.OrderByPickUpOrderWithoutDocTypeCheckedTest@63292d35]" name="orderByPickUpOrderWithoutDocTypeCheckedTest_C25663" duration-ms="21128" started-at="2012-11-15T14:53:45Z" finished-at="2012-11-15T14:54:06Z">
          <reporter-output>
          </reporter-output>
        </test-method> <!-- orderByPickUpOrderWithoutDocTypeCheckedTest_C25663 -->
        <test-method status="PASS" signature="closeSession()[pri:0, instance:com.YouMagicPro.LKA_tests.OrderByPickUpOrderWithoutDocTypeCheckedTest@63292d35]" name="closeSession" is-config="true" duration-ms="2" started-at="2012-11-15T14:54:06Z" finished-at="2012-11-15T14:54:06Z">
          <reporter-output>
          </reporter-output>
        </test-method> <!-- closeSession -->
      </class> <!-- com.YouMagicPro.LKA_tests.OrderByPickUpOrderWithoutDocTypeCheckedTest -->
      <class name="com.YouMagicPro.LKA_tests.ContractOgrn6NumbersInTextFieldTest">
        <test-method status="PASS" signature="startWebDriver()[pri:0, instance:com.YouMagicPro.LKA_tests.ContractOgrn6NumbersInTextFieldTest@23cf68e9]" name="startWebDriver" is-config="true" duration-ms="726" started-at="2012-11-15T14:45:46Z" finished-at="2012-11-15T14:45:46Z">
          <reporter-output>
          </reporter-output>
        </test-method> <!-- startWebDriver -->
        <test-method status="PASS" signature="contractOgrn6NumbersInTextFieldTest_C15055()[pri:0, instance:com.YouMagicPro.LKA_tests.ContractOgrn6NumbersInTextFieldTest@23cf68e9]" name="contractOgrn6NumbersInTextFieldTest_C15055" duration-ms="22050" started-at="2012-11-15T14:45:46Z" finished-at="2012-11-15T14:46:09Z">
          <reporter-output>
          </reporter-output>
        </test-method> <!-- contractOgrn6NumbersInTextFieldTest_C15055 -->
        <test-method status="PASS" signature="closeSession()[pri:0, instance:com.YouMagicPro.LKA_tests.ContractOgrn6NumbersInTextFieldTest@23cf68e9]" name="closeSession" is-config="true" duration-ms="3" started-at="2012-11-15T14:46:09Z" finished-at="2012-11-15T14:46:09Z">
          <reporter-output>
          </reporter-output>
        </test-method> <!-- closeSession -->
      </class> <!-- com.YouMagicPro.LKA_tests.ContractOgrn6NumbersInTextFieldTest -->
      <class name="com.YouMagicPro.LKA_tests.OrderByPickUpCancelButtonTest">
        <test-method status="PASS" signature="startWebDriver()[pri:0, instance:com.YouMagicPro.LKA_tests.OrderByPickUpCancelButtonTest@2a7704dd]" name="startWebDriver" is-config="true" duration-ms="1945" started-at="2012-11-15T14:52:45Z" finished-at="2012-11-15T14:52:47Z">
          <reporter-output>
          </reporter-output>
        </test-method> <!-- startWebDriver -->
        <test-method status="PASS" signature="orderByPickUpCancelButtonTest_C25664()[pri:0, instance:com.YouMagicPro.LKA_tests.OrderByPickUpCancelButtonTest@2a7704dd]" name="orderByPickUpCancelButtonTest_C25664" duration-ms="17182" started-at="2012-11-15T14:52:47Z" finished-at="2012-11-15T14:53:04Z">
          <reporter-output>
          </reporter-output>
        </test-method> <!-- orderByPickUpCancelButtonTest_C25664 -->
        <test-method status="PASS" signature="closeSession()[pri:0, instance:com.YouMagicPro.LKA_tests.OrderByPickUpCancelButtonTest@2a7704dd]" name="closeSession" is-config="true" duration-ms="1" started-at="2012-11-15T14:53:04Z" finished-at="2012-11-15T14:53:04Z">
          <reporter-output>
          </reporter-output>
        </test-method> <!-- closeSession -->
      </class> <!-- com.YouMagicPro.LKA_tests.OrderByPickUpCancelButtonTest -->
      <class name="com.YouMagicPro.LKA_tests.ContractBankAccountSymbolsInTextFieldTest">
        <test-method status="PASS" signature="startWebDriver()[pri:0, instance:com.YouMagicPro.LKA_tests.ContractBankAccountSymbolsInTextFieldTest@55c2671b]" name="startWebDriver" is-config="true" duration-ms="1184" started-at="2012-11-15T14:35:16Z" finished-at="2012-11-15T14:35:17Z">
          <reporter-output>
          </reporter-output>
        </test-method> <!-- startWebDriver -->
        <test-method status="PASS" signature="contractBankAccountSymbolsInTextFieldTest_C14997()[pri:0, instance:com.YouMagicPro.LKA_tests.ContractBankAccountSymbolsInTextFieldTest@55c2671b]" name="contractBankAccountSymbolsInTextFieldTest_C14997" duration-ms="24822" started-at="2012-11-15T14:35:17Z" finished-at="2012-11-15T14:35:42Z">
          <reporter-output>
          </reporter-output>
        </test-method> <!-- contractBankAccountSymbolsInTextFieldTest_C14997 -->
        <test-method status="PASS" signature="closeSession()[pri:0, instance:com.YouMagicPro.LKA_tests.ContractBankAccountSymbolsInTextFieldTest@55c2671b]" name="closeSession" is-config="true" duration-ms="1" started-at="2012-11-15T14:35:42Z" finished-at="2012-11-15T14:35:42Z">
          <reporter-output>
          </reporter-output>
        </test-method> <!-- closeSession -->
      </class> <!-- com.YouMagicPro.LKA_tests.ContractBankAccountSymbolsInTextFieldTest -->
      <class name="com.YouMagicPro.LKA_tests.ContractInnSymbolsInTextFieldTest">
        <test-method status="PASS" signature="startWebDriver()[pri:0, instance:com.YouMagicPro.LKA_tests.ContractInnSymbolsInTextFieldTest@444c742]" name="startWebDriver" is-config="true" duration-ms="1464" started-at="2012-11-15T14:43:27Z" finished-at="2012-11-15T14:43:29Z">
          <reporter-output>
          </reporter-output>
        </test-method> <!-- startWebDriver -->
        <test-method status="PASS" signature="contractInnLettersInTextFieldTest_C15030()[pri:0, instance:com.YouMagicPro.LKA_tests.ContractInnSymbolsInTextFieldTest@444c742]" name="contractInnLettersInTextFieldTest_C15030" duration-ms="22280" started-at="2012-11-15T14:43:29Z" finished-at="2012-11-15T14:43:51Z">
          <reporter-output>
          </reporter-output>
        </test-method> <!-- contractInnLettersInTextFieldTest_C15030 -->
        <test-method status="PASS" signature="closeSession()[pri:0, instance:com.YouMagicPro.LKA_tests.ContractInnSymbolsInTextFieldTest@444c742]" name="closeSession" is-config="true" duration-ms="1" started-at="2012-11-15T14:43:51Z" finished-at="2012-11-15T14:43:51Z">
          <reporter-output>
          </reporter-output>
        </test-method> <!-- closeSession -->
      </class> <!-- com.YouMagicPro.LKA_tests.ContractInnSymbolsInTextFieldTest -->
      <class name="com.YouMagicPro.LKA_tests.ContractCorAccount19NumbersTest">
        <test-method status="PASS" signature="startWebDriver()[pri:0, instance:com.YouMagicPro.LKA_tests.ContractCorAccount19NumbersTest@5dd72c40]" name="startWebDriver" is-config="true" duration-ms="861" started-at="2012-11-15T14:38:10Z" finished-at="2012-11-15T14:38:11Z">
          <reporter-output>
          </reporter-output>
        </test-method> <!-- startWebDriver -->
        <test-method status="PASS" signature="contractCorAccount19NumbersTest_C15005()[pri:0, instance:com.YouMagicPro.LKA_tests.ContractCorAccount19NumbersTest@5dd72c40]" name="contractCorAccount19NumbersTest_C15005" duration-ms="23033" started-at="2012-11-15T14:38:11Z" finished-at="2012-11-15T14:38:34Z">
          <reporter-output>
          </reporter-output>
        </test-method> <!-- contractCorAccount19NumbersTest_C15005 -->
        <test-method status="PASS" signature="closeSession()[pri:0, instance:com.YouMagicPro.LKA_tests.ContractCorAccount19NumbersTest@5dd72c40]" name="closeSession" is-config="true" duration-ms="2" started-at="2012-11-15T14:38:34Z" finished-at="2012-11-15T14:38:34Z">
          <reporter-output>
          </reporter-output>
        </test-method> <!-- closeSession -->
      </class> <!-- com.YouMagicPro.LKA_tests.ContractCorAccount19NumbersTest -->
      <class name="com.YouMagicPro.LKA_tests.ContractCorAccountOneInTextFieldTest">
        <test-method status="PASS" signature="startWebDriver()[pri:0, instance:com.YouMagicPro.LKA_tests.ContractCorAccountOneInTextFieldTest@142edebe]" name="startWebDriver" is-config="true" duration-ms="677" started-at="2012-11-15T14:39:18Z" finished-at="2012-11-15T14:39:19Z">
          <reporter-output>
          </reporter-output>
        </test-method> <!-- startWebDriver -->
        <test-method status="PASS" signature="contractCorAccountOneInTextFieldTest_C14499()[pri:0, instance:com.YouMagicPro.LKA_tests.ContractCorAccountOneInTextFieldTest@142edebe]" name="contractCorAccountOneInTextFieldTest_C14499" duration-ms="21449" started-at="2012-11-15T14:39:19Z" finished-at="2012-11-15T14:39:40Z">
          <reporter-output>
          </reporter-output>
        </test-method> <!-- contractCorAccountOneInTextFieldTest_C14499 -->
        <test-method status="PASS" signature="closeSession()[pri:0, instance:com.YouMagicPro.LKA_tests.ContractCorAccountOneInTextFieldTest@142edebe]" name="closeSession" is-config="true" duration-ms="3" started-at="2012-11-15T14:39:40Z" finished-at="2012-11-15T14:39:40Z">
          <reporter-output>
          </reporter-output>
        </test-method> <!-- closeSession -->
      </class> <!-- com.YouMagicPro.LKA_tests.ContractCorAccountOneInTextFieldTest -->
    </test> <!-- com.LKA_tests -->
  </suite> <!-- com.LKA_tests -->
</testng-results>
