<?xml version="1.0" encoding="UTF-8"?>
<testng-results skipped="0" failed="0" total="1" passed="1">
  <reporter-output>
  </reporter-output>
  <suite name="Default suite" duration-ms="6128" started-at="2012-11-16T12:06:28Z" finished-at="2012-11-16T12:06:34Z">
    <groups>
    </groups>
    <test name="Default test" duration-ms="6128" started-at="2012-11-16T12:06:28Z" finished-at="2012-11-16T12:06:34Z">
      <class name="com.YouMagicPro.authorization.AuthorizationAdminNoFieldsFilledTest">
        <test-method status="PASS" signature="startWebDriver()[pri:0, instance:com.YouMagicPro.authorization.AuthorizationAdminNoFieldsFilledTest@152b4053]" name="startWebDriver" is-config="true" duration-ms="1572" started-at="2012-11-16T16:06:28Z" finished-at="2012-11-16T16:06:30Z">
          <reporter-output>
          </reporter-output>
        </test-method> <!-- startWebDriver -->
        <test-method status="PASS" signature="authorizationNoLoginTest()[pri:0, instance:com.YouMagicPro.authorization.AuthorizationAdminNoFieldsFilledTest@152b4053]" name="authorizationNoLoginTest" duration-ms="4550" started-at="2012-11-16T16:06:30Z" finished-at="2012-11-16T16:06:34Z">
          <reporter-output>
          </reporter-output>
        </test-method> <!-- authorizationNoLoginTest -->
        <test-method status="PASS" signature="closeSession()[pri:0, instance:com.YouMagicPro.authorization.AuthorizationAdminNoFieldsFilledTest@152b4053]" name="closeSession" is-config="true" duration-ms="2" started-at="2012-11-16T16:06:34Z" finished-at="2012-11-16T16:06:34Z">
          <reporter-output>
          </reporter-output>
        </test-method> <!-- closeSession -->
      </class> <!-- com.YouMagicPro.authorization.AuthorizationAdminNoFieldsFilledTest -->
    </test> <!-- Default test -->
  </suite> <!-- Default suite -->
</testng-results>
